###############################################################
#  Generated by:      Cadence Innovus 21.15-s110_1
#  OS:                Linux x86_64(Host ID ip-10-70-165-27.il-central-1.compute.internal)
#  Generated on:      Thu Feb 13 00:04:13 2025
#  Design:            lp_riscv_top
#  Command:           report_timing > $rpt_dir/report_timing.rpt
###############################################################
Path 1: VIOLATED (-0.010 ns) Setup Check with Pin lp_riscv/i_riscv_core_id_stage_i_mult_operand_b_ex_o_reg[29]/CK->D
               View: wc_analysis_view
              Group: reg2reg
         Startpoint: (R) lp_riscv/i_riscv_core_id_stage_i_alu_operator_ex_o_reg[2]/CK
              Clock: (R) CLK
           Endpoint: (R) lp_riscv/i_riscv_core_id_stage_i_mult_operand_b_ex_o_reg[29]/D
              Clock: (R) CLK

                       Capture       Launch
         Clock Edge:+    6.300        0.000
        Src Latency:+   -1.919       -1.919
        Net Latency:+    2.004 (P)    1.990 (P)
            Arrival:=    6.385        0.071

              Setup:-    0.082
        Uncertainty:-    0.125
        Cppr Adjust:+    0.003
      Required Time:=    6.181
       Launch Clock:=    0.071
          Data Path:+    6.119
              Slack:=   -0.010

#---------------------------------------------------------------------------------------------------------------------------------------------------------------------
# Timing Point                                                                                  Flags  Arc     Edge  Cell               Fanout  Trans   Delay  Arrival  
#                                                                                                                                                (ns)    (ns)     (ns)  
#---------------------------------------------------------------------------------------------------------------------------------------------------------------------
  lp_riscv/i_riscv_core_id_stage_i_alu_operator_ex_o_reg[2]/CK                                  -      CK      R     (arrival)              18  0.101       -    0.071  
  lp_riscv/i_riscv_core_id_stage_i_alu_operator_ex_o_reg[2]/QN                                  -      CK->QN  F     DFFRPQN_X2M_A9TL        1  0.101   0.302    0.374  
  lp_riscv/cts_opt_inst_FE_OFC37122_n_7786/Y                                                    -      A->Y    R     INV_X4M_A9TL            6  0.101   0.101    0.474  
  lp_riscv/cts_opt_inst_FE_OFC37125_n_7786/Y                                                    -      A->Y    F     INV_X4M_A9TL            2  0.097   0.054    0.529  
  lp_riscv/cts_opt_inst_FE_OFC37127_n_7786/Y                                                    -      A->Y    R     INV_X7P5B_A9TL          3  0.044   0.041    0.570  
  lp_riscv/cts_opt_inst_FE_RC_3662_0/Y                                                          -      A->Y    F     NAND3XXB_X4M_A9TL       1  0.039   0.049    0.619  
  lp_riscv/post_cts_hold_opt_inst_FE_OFC44388_n_9504/Y                                          -      A->Y    R     INV_X4M_A9TL            2  0.065   0.061    0.680  
  lp_riscv/g76897/Y                                                                             -      A->Y    R     AND2_X11M_A9TL          7  0.056   0.120    0.799  
  lp_riscv/cts_opt_inst_FE_OCPC30408_n_9571/Y                                                   -      A->Y    R     BUFH_X3M_A9TL           3  0.085   0.113    0.913  
  lp_riscv/g76579__6417/Y                                                                       -      A->Y    R     XOR2_X2M_A9TL           1  0.086   0.101    1.014  
  lp_riscv/post_cts_hold_opt_inst_FE_OFC43964_n_11948/Y                                         -      A->Y    R     BUFH_X2M_A9TL           2  0.188   0.140    1.153  
  lp_riscv/i_riscv_core_ex_stage_i_alu_i_add_162_45_g1313/Y                                     -      B->Y    R     OR2_X2M_A9TL            3  0.084   0.148    1.302  
  lp_riscv/i_riscv_core_ex_stage_i_alu_i_add_162_45_g1170/Y                                     -      B->Y    F     NAND2_X6M_A9TL          3  0.104   0.069    1.371  
  lp_riscv/i_riscv_core_ex_stage_i_alu_i_add_162_45_g1114/Y                                     -      B->Y    R     NOR2_X6M_A9TL           1  0.050   0.077    1.448  
  lp_riscv/i_riscv_core_ex_stage_i_alu_i_add_162_45_g1050/Y                                     -      B->Y    F     NAND2_X8M_A9TL          2  0.088   0.063    1.512  
  lp_riscv/cts_opt_inst_i_riscv_core_ex_stage_i_alu_i_add_162_45_g1042_dup/Y                    -      A->Y    R     NAND2_X6M_A9TL          2  0.052   0.068    1.579  
  lp_riscv/cts_opt_inst_FE_RC_2732_0/Y                                                          -      A->Y    R     XOR2_X1M_A9TL           1  0.083   0.100    1.679  
  lp_riscv/cts_opt_inst_FE_OFC34661_n_11853/Y                                                   -      A->Y    R     BUF_X2M_A9TL            3  0.171   0.193    1.872  
  lp_riscv/i_riscv_core_ex_stage_i_alu_i_add_176_44_g1135/Y                                     -      A->Y    F     NAND2_X1A_A9TL          2  0.126   0.104    1.975  
  lp_riscv/i_riscv_core_ex_stage_i_alu_i_add_176_44_g1068/Y                                     -      B0->Y   R     OAI21_X1M_A9TL          1  0.101   0.083    2.058  
  lp_riscv/post_cts_hold_opt_inst_FE_OFC43154_i_riscv_core_ex_stage_i_alu_i_add_176_44_n_122/Y  -      A->Y    F     INV_X1B_A9TL            1  0.099   0.103    2.161  
  lp_riscv/placement_opt_inst_FE_RC_1778_0/Y                                                    -      B->Y    R     NAND2_X3A_A9TL          1  0.100   0.084    2.245  
  lp_riscv/post_cts_hold_opt_inst_FE_RC_3889_0/Y                                                -      B0->Y   F     AOI2XB1_X8M_A9TL        4  0.072   0.069    2.315  
  lp_riscv/i_riscv_core_ex_stage_i_alu_i_add_176_44_g987/Y                                      -      A->Y    R     NOR2_X8A_A9TL           3  0.084   0.100    2.415  
  lp_riscv/i_riscv_core_ex_stage_i_alu_i_add_176_44_g979/Y                                      -      B->Y    F     NAND2_X6M_A9TL          2  0.108   0.084    2.499  
  lp_riscv/cts_opt_inst_i_riscv_core_ex_stage_i_alu_i_add_176_44_g978_dup/Y                     -      A->Y    R     NAND2_X8M_A9TL          6  0.069   0.099    2.597  
  lp_riscv/cts_opt_inst_FE_OFC21294_cts_opt_inst_FE_RN_3/Y                                      -      A->Y    F     INV_X7P5M_A9TL          2  0.119   0.052    2.650  
  lp_riscv/i_riscv_core_ex_stage_i_alu_i_add_176_44_g946/Y                                      -      A1->Y   R     OAI21_X6M_A9TL          1  0.045   0.080    2.729  
  lp_riscv/i_riscv_core_ex_stage_i_alu_i_add_176_44_g938/Y                                      -      A->Y    R     XOR2_X3M_A9TL           1  0.078   0.089    2.818  
  lp_riscv/g79529/Y                                                                             -      A->Y    F     NAND2_X4M_A9TL          1  0.163   0.071    2.889  
  lp_riscv/placement_opt_inst_FE_RC_413_0/Y                                                     -      A->Y    R     NAND3_X3M_A9TL          1  0.069   0.076    2.965  
  lp_riscv/post_cts_hold_opt_inst_FE_OFC39110_n_11706/Y                                         -      A->Y    R     BUF_X9M_A9TL           12  0.095   0.152    3.117  
  lp_riscv/i_riscv_core_ex_stage_i_alu_i_srl_294_63_g2300/Y                                     -      A->Y    F     MXIT2_X2M_A9TL          2  0.114   0.104    3.222  
  lp_riscv/i_riscv_core_ex_stage_i_alu_i_srl_294_63_g2214/Y                                     -      B->Y    R     MXIT2_X1M_A9TL          2  0.104   0.137    3.359  
  lp_riscv/cts_opt_inst_FE_OFC33366_i_riscv_core_ex_stage_i_alu_i_srl_294_63_n_126/Y            -      A->Y    F     INV_X1M_A9TL            1  0.184   0.131    3.490  
  lp_riscv/i_riscv_core_ex_stage_i_alu_i_srl_294_63_g2171/Y                                     -      A->Y    R     MXIT2_X3M_A9TL          2  0.110   0.124    3.613  
  lp_riscv/i_riscv_core_ex_stage_i_alu_i_srl_294_63_g2135/Y                                     -      B1->Y   F     AOI22_X3M_A9TL          2  0.161   0.129    3.742  
  lp_riscv/i_riscv_core_ex_stage_i_alu_i_srl_294_63_g2095/Y                                     -      A->Y    R     MXIT2_X4M_A9TL          1  0.162   0.132    3.874  
  lp_riscv/g118575/Y                                                                            -      A0->Y   F     AOI21_X4M_A9TL          1  0.142   0.094    3.968  
  lp_riscv/cts_opt_inst_FE_RC_3143_0/Y                                                          -      A->Y    R     NAND4_X3A_A9TL          1  0.081   0.083    4.051  
  lp_riscv/post_cts_hold_opt_inst_FE_OFC38915_n_4277/Y                                          -      A->Y    R     BUF_X6M_A9TL            3  0.112   0.141    4.192  
  lp_riscv/placement_opt_inst_FE_RC_2508_0/Y                                                    -      A0->Y   F     AOI22_X8M_A9TL          2  0.086   0.079    4.270  
  lp_riscv/cts_opt_inst_FE_RC_3634_0/Y                                                          -      A0->Y   R     OAI22_X3M_A9TL          1  0.089   0.121    4.391  
  lp_riscv/g115805/Y                                                                            -      A->Y    F     NAND2_X4M_A9TL          1  0.134   0.068    4.458  
  lp_riscv/placement_opt_inst_FE_RC_2317_0/Y                                                    -      A->Y    R     NAND2XB_X6M_A9TL        1  0.067   0.060    4.519  
  lp_riscv/placement_opt_inst_FE_RC_1796_0/Y                                                    -      A->Y    F     NAND2XB_X6M_A9TL        1  0.064   0.039    4.557  
  lp_riscv/cts_opt_inst_FE_RC_2757_0/Y                                                          -      C0->Y   R     OAI211_X4M_A9TL         1  0.037   0.066    4.623  
  lp_riscv/cts_opt_inst_FE_RC_3772_0/Y                                                          -      A->Y    F     MXIT2_X4M_A9TL          1  0.129   0.100    4.723  
  lp_riscv/cts_opt_inst_FE_RC_3475_0/Y                                                          -      A0->Y   R     AOI22_X8M_A9TL          3  0.085   0.147    4.871  
  lp_riscv/placement_opt_inst_FE_RC_893_0/Y                                                     -      A->Y    F     NAND2XB_X8M_A9TL        1  0.159   0.070    4.941  
  lp_riscv/cts_opt_inst_FE_OFC21849_placement_opt_inst_FE_RN_395_0/Y                            -      A->Y    R     INV_X11M_A9TL          15  0.069   0.078    5.019  
  lp_riscv/placement_opt_inst_FE_RC_1399_0/Y                                                    -      A->Y    F     NOR2_X2A_A9TL           1  0.078   0.056    5.075  
  lp_riscv/placement_opt_inst_FE_RC_494_0/Y                                                     -      A->Y    R     NAND2XB_X2M_A9TL        1  0.051   0.055    5.130  
  lp_riscv/placement_opt_inst_FE_RC_1713_0/Y                                                    -      A->Y    F     NAND2_X2A_A9TL          1  0.068   0.089    5.219  
  lp_riscv/post_cts_hold_opt_inst_FE_RC_3970_0/Y                                                -      B->Y    R     NAND2B_X8M_A9TL         3  0.111   0.128    5.347  
  lp_riscv/cts_opt_inst_FE_OFC32958_n_644/Y                                                     -      A->Y    F     INV_X6M_A9TL           14  0.131   0.107    5.454  
  lp_riscv/cts_opt_inst_FE_RC_3478_0/Y                                                          -      A0->Y   R     OAI211_X4M_A9TL         1  0.099   0.128    5.582  
  lp_riscv/placement_opt_inst_FE_OFC4306_n_7411/Y                                               -      A->Y    R     BUF_X6M_A9TL            3  0.130   0.140    5.722  
  lp_riscv/cts_opt_inst_FE_RC_2743_0/Y                                                          -      A0->Y   F     AOI2XB1_X4M_A9TL        1  0.075   0.080    5.802  
  lp_riscv/g112467/Y                                                                            -      A->Y    R     NAND2_X8B_A9TL          6  0.081   0.092    5.895  
  lp_riscv/g112378/Y                                                                            -      A->Y    F     NAND2_X3M_A9TL          1  0.104   0.060    5.954  
  lp_riscv/cts_opt_inst_FE_RC_2895_0/Y                                                          -      A->Y    R     NAND2XB_X4M_A9TL        1  0.070   0.069    6.023  
  lp_riscv/cts_opt_inst_FE_RC_3511_0/Y                                                          -      A->Y    F     NOR2_X4A_A9TL           1  0.075   0.056    6.079  
  lp_riscv/placement_opt_inst_FE_RC_238_0_dup/Y                                                 -      A->Y    R     NAND3_X6A_A9TL          3  0.045   0.111    6.191  
  lp_riscv/i_riscv_core_id_stage_i_mult_operand_b_ex_o_reg[29]/D                                -      D       R     DFFRPQ_X3M_A9TL         3  0.178   0.000    6.191  
#---------------------------------------------------------------------------------------------------------------------------------------------------------------------

