============================================================
  Generated by:           Genus(TM) Synthesis Solution 21.15-s080_1
  Generated on:           Feb 12 2025  09:18:27 am
  Module:                 lp_riscv_top
  Operating conditions:   ss_typical_max_0p90v_125c (balanced_tree)
  Wireload mode:          top
  Area mode:              timing library
============================================================


Path 1: MET (0 ps) Setup Check with Pin lp_riscv/i_riscv_core_id_stage_i_mult_operand_b_ex_o_reg[26]/CK->D
          Group: reg2reg
     Startpoint: (R) lp_riscv/i_riscv_core_id_stage_i_mult_operator_ex_o_reg[1]/CK
          Clock: (R) CLK
       Endpoint: (R) lp_riscv/i_riscv_core_id_stage_i_mult_operand_b_ex_o_reg[26]/D
          Clock: (R) CLK

                     Capture       Launch     
        Clock Edge:+    6300            0     
       Src Latency:+       0            0     
       Net Latency:+       0 (I)        0 (I) 
           Arrival:=    6300            0     
                                              
             Setup:-     114                  
       Uncertainty:-     125                  
     Required Time:=    6061                  
      Launch Clock:-       0                  
         Data Path:-    6061                  
             Slack:=       0                  

#-----------------------------------------------------------------------------------------------------------------------------------------------------------------------------------------------------------------------------------------
#                                                                           Timing Point                                                                             Flags    Arc   Edge         Cell          Fanout Trans Delay Arrival 
#                                                                                                                                                                                                                      (ps)  (ps)   (ps)  
#-----------------------------------------------------------------------------------------------------------------------------------------------------------------------------------------------------------------------------------------
  lp_riscv/i_riscv_core_id_stage_i_mult_operator_ex_o_reg[1]/CK                                                                                                      -       -      R     (arrival)               178     0     0       0 
  lp_riscv/i_riscv_core_id_stage_i_mult_operator_ex_o_reg[1]/Q                                                                                                       -       CK->Q  R     DFFRPQ_X1M_A9TL           5   189   369     369 
  lp_riscv/g80933/Y                                                                                                                                                  -       B->Y   F     NOR2_X4M_A9TL             2    92   105     474 
  lp_riscv/g80802/Y                                                                                                                                                  -       B->Y   F     AND2_X11M_A9TL           20    52   132     606 
  lp_riscv/g80585/Y                                                                                                                                                  -       B->Y   F     AND2_X4M_A9TL             5    75   133     739 
  lp_riscv/g80000/Y                                                                                                                                                  -       A->Y   R     NOR2XB_X3M_A9TL           1    69    68     807 
  lp_riscv/g79925/Y                                                                                                                                                  -       B0N->Y F     AO21B_X3M_A9TL           13   143   110     917 
  lp_riscv/g125006/Y                                                                                                                                                 -       B->Y   R     XOR2_X0P7M_A9TL           2   204   160    1077 
  lp_riscv/csa_tree_i_riscv_core_ex_stage_i_mult_i_mul_252_57_Y_i_riscv_core_ex_stage_i_mult_i_mul_204_87_Y_i_riscv_core_ex_stage_i_mult_i_mul_236_55_g20404/Y       -       A->Y   F     NAND2_X1M_A9TL            1    73    70    1147 
  lp_riscv/csa_tree_i_riscv_core_ex_stage_i_mult_i_mul_252_57_Y_i_riscv_core_ex_stage_i_mult_i_mul_204_87_Y_i_riscv_core_ex_stage_i_mult_i_mul_236_55_g20094/Y       -       B0N->Y F     AOI21B_X2M_A9TL           1    82   139    1286 
  lp_riscv/csa_tree_i_riscv_core_ex_stage_i_mult_i_mul_252_57_Y_i_riscv_core_ex_stage_i_mult_i_mul_204_87_Y_i_riscv_core_ex_stage_i_mult_i_mul_236_55_g19651/CO      -       A->CO  F     ADDF_X1M_A9TL             1    62   196    1482 
  lp_riscv/csa_tree_i_riscv_core_ex_stage_i_mult_i_mul_252_57_Y_i_riscv_core_ex_stage_i_mult_i_mul_204_87_Y_i_riscv_core_ex_stage_i_mult_i_mul_236_55_g19508/SUM     -       A->SUM F     ADDFH_X2M_A9TL            2    83   333    1816 
  lp_riscv/csa_tree_i_riscv_core_ex_stage_i_mult_i_mul_252_57_Y_i_riscv_core_ex_stage_i_mult_i_mul_204_87_Y_i_riscv_core_ex_stage_i_mult_i_mul_236_55_g19460/Y       -       S0->Y  R     MXIT2_X3M_A9TL            1   100    64    1879 
  lp_riscv/g124980/Y                                                                                                                                                 -       B->Y   R     XOR2_X2M_A9TL             3   174   136    2015 
  lp_riscv/ADD_TC_OP414_g850/Y                                                                                                                                       -       A->Y   F     INV_X2M_A9TL              2    58    61    2076 
  lp_riscv/ADD_TC_OP414_g813/Y                                                                                                                                       -       A->Y   R     NAND2XB_X3M_A9TL          3    78    62    2138 
  lp_riscv/ADD_TC_OP414_g794/Y                                                                                                                                       -       A->Y   F     NAND2_X2M_A9TL            2    50    52    2190 
  lp_riscv/ADD_TC_OP414_g782/Y                                                                                                                                       -       A->Y   R     INV_X1M_A9TL              1    76    67    2257 
  lp_riscv/ADD_TC_OP414_g750/Y                                                                                                                                       -       A->Y   F     NAND2_X4M_A9TL            3    42    45    2302 
  lp_riscv/ADD_TC_OP414_g747/Y                                                                                                                                       -       B->Y   R     NOR2_X1P4A_A9TL           1    60    61    2362 
  lp_riscv/ADD_TC_OP414_g713/Y                                                                                                                                       -       A0->Y  R     AO21B_X2M_A9TL            1    48   117    2480 
  lp_riscv/ADD_TC_OP414_g858/Y                                                                                                                                       -       B->Y   R     XNOR2_X1M_A9TL            2   171   124    2604 
  lp_riscv/csa_tree_i_riscv_core_ex_stage_i_mult_i_add_240_81_g4020/Y                                                                                                -       A->Y   F     INV_X1M_A9TL              2    66    72    2676 
  lp_riscv/csa_tree_i_riscv_core_ex_stage_i_mult_i_add_240_81_g3784/Y                                                                                                -       A->Y   R     MXIT2_X1M_A9TL            1   126    94    2770 
  lp_riscv/csa_tree_i_riscv_core_ex_stage_i_mult_i_add_240_81_g3770/Y                                                                                                -       A->Y   R     XOR2_X0P7M_A9TL           1   180   114    2883 
  lp_riscv/g10682/Y                                                                                                                                                  -       A->Y   F     NAND2XB_X2M_A9TL          1    66    60    2944 
  lp_riscv/g10660/Y                                                                                                                                                  -       B0N->Y R     AO21B_X2M_A9TL            1    69    56    3000 
  lp_riscv/csa_tree_i_riscv_core_ex_stage_i_mult_i_add_204_39_Y_i_riscv_core_ex_stage_i_mult_i_add_254_62_Y_i_riscv_core_ex_stage_i_mult_i_add_241_54_g4262/S        -       A->S   F     ADDF_X1M_A9TL             1    97   301    3301 
  lp_riscv/csa_tree_i_riscv_core_ex_stage_i_mult_i_add_204_39_Y_i_riscv_core_ex_stage_i_mult_i_add_254_62_Y_i_riscv_core_ex_stage_i_mult_i_add_241_54_g4165/S        -       A->S   R     ADDF_X1M_A9TL             3   131   354    3655 
  lp_riscv/ADD_TC_OP_g803/Y                                                                                                                                          -       A->Y   F     INV_X2M_A9TL              1    39    42    3696 
  lp_riscv/ADD_TC_OP_g790/Y                                                                                                                                          -       A->Y   R     NAND2XB_X2M_A9TL          3   106    72    3768 
  lp_riscv/ADD_TC_OP_g749/Y                                                                                                                                          -       B->Y   F     NAND2_X4M_A9TL            2    50    53    3822 
  lp_riscv/ADD_TC_OP_g719/Y                                                                                                                                          -       A->Y   R     NOR2_X3M_A9TL             2    63    59    3880 
  lp_riscv/ADD_TC_OP_g711/Y                                                                                                                                          -       A->Y   F     NAND2XB_X1M_A9TL          1    81    71    3951 
  lp_riscv/ADD_TC_OP_g687/Y                                                                                                                                          -       A->Y   R     NAND4_X4A_A9TL            4   123    88    4039 
  lp_riscv/ADD_TC_OP_g677/Y                                                                                                                                          -       A->Y   F     NAND3_X2A_A9TL            1    84    73    4112 
  lp_riscv/ADD_TC_OP_g668/Y                                                                                                                                          -       A->Y   R     NAND3XXB_X4M_A9TL         1    71    63    4176 
  lp_riscv/g124909/Y                                                                                                                                                 -       B->Y   R     XNOR2_X2M_A9TL            1   239   160    4335 
  lp_riscv/g10876/Y                                                                                                                                                  -       B->Y   F     NAND2_X8M_A9TL           12   101    82    4417 
  lp_riscv/g124645/Y                                                                                                                                                 -       B->Y   R     NAND3_X1M_A9TL            2   153   130    4547 
  lp_riscv/csa_tree_i_riscv_core_ex_stage_i_mult_i_add_204_63_Y_i_riscv_core_ex_stage_i_mult_i_add_254_96_Y_i_riscv_core_ex_stage_i_mult_i_add_241_81_groupi_g4173/Y -       A->Y   R     XOR2_X1M_A9TL             2   163   114    4661 
  lp_riscv/csa_tree_i_riscv_core_ex_stage_i_mult_i_add_204_63_Y_i_riscv_core_ex_stage_i_mult_i_add_254_96_Y_i_riscv_core_ex_stage_i_mult_i_add_241_81_groupi_g4319/Y -       B->Y   R     OR2_X1M_A9TL              3    88   164    4825 
  lp_riscv/csa_tree_i_riscv_core_ex_stage_i_mult_i_add_204_63_Y_i_riscv_core_ex_stage_i_mult_i_add_254_96_Y_i_riscv_core_ex_stage_i_mult_i_add_241_81_groupi_g4041/Y -       A0->Y  F     OAI21_X1P4M_A9TL          3   101    96    4921 
  lp_riscv/csa_tree_i_riscv_core_ex_stage_i_mult_i_add_204_63_Y_i_riscv_core_ex_stage_i_mult_i_add_254_96_Y_i_riscv_core_ex_stage_i_mult_i_add_241_81_groupi_g3993/Y -       A1->Y  R     AOI21_X2M_A9TL            1    69   100    5022 
  lp_riscv/csa_tree_i_riscv_core_ex_stage_i_mult_i_add_204_63_Y_i_riscv_core_ex_stage_i_mult_i_add_254_96_Y_i_riscv_core_ex_stage_i_mult_i_add_241_81_groupi_g3974/Y -       A->Y   F     NAND3XXB_X2M_A9TL         5   101    80    5102 
  lp_riscv/csa_tree_i_riscv_core_ex_stage_i_mult_i_add_204_63_Y_i_riscv_core_ex_stage_i_mult_i_add_254_96_Y_i_riscv_core_ex_stage_i_mult_i_add_241_81_groupi_g4290/Y -       A->Y   R     NOR2_X1P4A_A9TL           4   160   130    5232 
  lp_riscv/csa_tree_i_riscv_core_ex_stage_i_mult_i_add_204_63_Y_i_riscv_core_ex_stage_i_mult_i_add_254_96_Y_i_riscv_core_ex_stage_i_mult_i_add_241_81_groupi_g3916/Y -       A->Y   F     INV_X1M_A9TL              1    50    54    5286 
  lp_riscv/csa_tree_i_riscv_core_ex_stage_i_mult_i_add_204_63_Y_i_riscv_core_ex_stage_i_mult_i_add_254_96_Y_i_riscv_core_ex_stage_i_mult_i_add_241_81_groupi_g3901/Y -       B->Y   R     NAND2_X1M_A9TL            1    56    58    5345 
  lp_riscv/csa_tree_i_riscv_core_ex_stage_i_mult_i_add_204_63_Y_i_riscv_core_ex_stage_i_mult_i_add_254_96_Y_i_riscv_core_ex_stage_i_mult_i_add_241_81_groupi_g4298/Y -       A->Y   F     NAND2_X1M_A9TL            1    69    55    5399 
  lp_riscv/csa_tree_i_riscv_core_ex_stage_i_mult_i_add_204_63_Y_i_riscv_core_ex_stage_i_mult_i_add_254_96_Y_i_riscv_core_ex_stage_i_mult_i_add_241_81_groupi_g3887/Y -       A->Y   R     XOR2_X0P7M_A9TL           1   150    80    5479 
  lp_riscv/g121268/Y                                                                                                                                                 -       A->Y   F     NAND2_X1A_A9TL            1    94    94    5572 
  lp_riscv/g115177/Y                                                                                                                                                 -       A->Y   R     NAND4XXXB_X3M_A9TL        5   162   113    5686 
  lp_riscv/g114075/Y                                                                                                                                                 -       A1->Y  F     AOI21_X1M_A9TL            1    77    90    5776 
  lp_riscv/g112961/Y                                                                                                                                                 -       C0->Y  R     OAI211_X1M_A9TL           2   165    93    5869 
  lp_riscv/g112809/Y                                                                                                                                                 -       B->Y   F     NAND2_X1M_A9TL            1    61    72    5942 
  lp_riscv/g112296/Y                                                                                                                                                 -       C->Y   R     NAND4XXXB_X1P4M_A9TL      3   157   119    6061 
  lp_riscv/i_riscv_core_id_stage_i_mult_operand_b_ex_o_reg[26]/D                                                                                                     -       -      R     DFFRPQ_X1M_A9TL           3     -     0    6061 
#-----------------------------------------------------------------------------------------------------------------------------------------------------------------------------------------------------------------------------------------

