============================================================
  Generated by:           Genus(TM) Synthesis Solution 21.15-s080_1
  Generated on:           Feb 12 2025  09:18:36 am
  Module:                 lp_riscv_top
  Operating conditions:   ss_typical_max_0p90v_125c (balanced_tree)
  Wireload mode:          top
  Area mode:              timing library
============================================================

Timing
--------

Clock Period 
-------------
CLK   6300.0 


        Cost          Critical         Violating 
       Group         Path Slack  TNS     Paths   
-------------------------------------------------
cg_enable_group_CLK      1428.1   0.0          0 
CLK                      2886.6   0.0          0 
default                No paths   0.0            
in2out                 No paths   0.0            
in2reg                   1080.4   0.0          0 
reg2out                  1919.6   0.0          0 
reg2reg                     0.4   0.0          0 
-------------------------------------------------
Total                             0.0          0 

Instance Count
--------------
Leaf Instance Count             22561 
Physical Instance count             0 
Sequential Instance Count        2247 
Combinational Instance Count    20314 
Hierarchical Instance Count        67 

Area
----
Cell Area                          1953423.647
Physical Cell Area                 0.000
Total Cell Area (Cell+Physical)    1953423.647
Net Area                           0.000
Total Area (Cell+Physical+Net)     1953423.647

Max Fanout                         423 (lp_riscv/RC_CG_HIER_INST0/test)
Min Fanout                         0 (rst_n_to_core)
Average Fanout                     2.7
Terms to net ratio                 3.7600
Terms to instance ratio            3.8803
Runtime                            528.4228199999999 seconds
Elapsed Runtime                    579 seconds
Genus peak memory usage            6895.97 
Innovus peak memory usage          no_value 
Hostname                           ip-10-70-165-27.il-central-1.compute.internal
