============================================================
  Generated by:           Genus(TM) Synthesis Solution 21.15-s080_1
  Generated on:           Feb 12 2025  09:18:28 am
  Module:                 lp_riscv_top
  Operating conditions:   ss_typical_max_0p90v_125c (balanced_tree)
  Wireload mode:          top
  Area mode:              timing library
============================================================

                                             
        Gate          Instances     Area                          Library                      
-----------------------------------------------------------------------------------------------
ADDFH_X1M_A9TL               16      178.560    sc9_cln65lp_base_lvt_ss_typical_max_0p90v_125c 
ADDFH_X2M_A9TL                4       47.520    sc9_cln65lp_base_lvt_ss_typical_max_0p90v_125c 
ADDF_X1M_A9TL               365     2890.800    sc9_cln65lp_base_lvt_ss_typical_max_0p90v_125c 
ADDF_X1P4M_A9TL               6       56.160    sc9_cln65lp_base_lvt_ss_typical_max_0p90v_125c 
ADDF_X2M_A9TL                 2       18.720    sc9_cln65lp_base_lvt_ss_typical_max_0p90v_125c 
ADDH_X1M_A9TH                 2        9.360    sc9_cln65lp_base_hvt_ss_typical_max_0p90v_125c 
ADDH_X1M_A9TL                68      318.240    sc9_cln65lp_base_lvt_ss_typical_max_0p90v_125c 
AND2_X0P7M_A9TR               2        3.600    sc9_cln65lp_base_rvt_ss_typical_max_0p90v_125c 
AND2_X11M_A9TL                1       11.160    sc9_cln65lp_base_lvt_ss_typical_max_0p90v_125c 
AND2_X1M_A9TL               456      820.800    sc9_cln65lp_base_lvt_ss_typical_max_0p90v_125c 
AND2_X2M_A9TL                26       65.520    sc9_cln65lp_base_lvt_ss_typical_max_0p90v_125c 
AND2_X3M_A9TL                 3       11.880    sc9_cln65lp_base_lvt_ss_typical_max_0p90v_125c 
AND2_X4M_A9TL                 6       25.920    sc9_cln65lp_base_lvt_ss_typical_max_0p90v_125c 
AND2_X6M_A9TL                 3       18.360    sc9_cln65lp_base_lvt_ss_typical_max_0p90v_125c 
AND2_X8M_A9TL                 2       15.840    sc9_cln65lp_base_lvt_ss_typical_max_0p90v_125c 
AND3_X1M_A9TL                79      199.080    sc9_cln65lp_base_lvt_ss_typical_max_0p90v_125c 
AND3_X2M_A9TL                 5       21.600    sc9_cln65lp_base_lvt_ss_typical_max_0p90v_125c 
AND3_X4M_A9TL                 2       12.960    sc9_cln65lp_base_lvt_ss_typical_max_0p90v_125c 
AND4_X0P5M_A9TL             109      313.920    sc9_cln65lp_base_lvt_ss_typical_max_0p90v_125c 
AND4_X1P4M_A9TL               9       55.080    sc9_cln65lp_base_lvt_ss_typical_max_0p90v_125c 
AND4_X2M_A9TL                 1        6.480    sc9_cln65lp_base_lvt_ss_typical_max_0p90v_125c 
AO1B2_X1M_A9TL               80      201.600    sc9_cln65lp_base_lvt_ss_typical_max_0p90v_125c 
AO1B2_X2M_A9TL               16       57.600    sc9_cln65lp_base_lvt_ss_typical_max_0p90v_125c 
AO1B2_X3M_A9TL                3       16.200    sc9_cln65lp_base_lvt_ss_typical_max_0p90v_125c 
AO1B2_X4M_A9TL                1        6.120    sc9_cln65lp_base_lvt_ss_typical_max_0p90v_125c 
AO21B_X1M_A9TL              246      619.920    sc9_cln65lp_base_lvt_ss_typical_max_0p90v_125c 
AO21B_X2M_A9TL               72      259.200    sc9_cln65lp_base_lvt_ss_typical_max_0p90v_125c 
AO21B_X3M_A9TL               11       59.400    sc9_cln65lp_base_lvt_ss_typical_max_0p90v_125c 
AO21_X0P5M_A9TL               1        2.880    sc9_cln65lp_base_lvt_ss_typical_max_0p90v_125c 
AO21_X0P5M_A9TR               1        2.880    sc9_cln65lp_base_rvt_ss_typical_max_0p90v_125c 
AO21_X1M_A9TL                53      152.640    sc9_cln65lp_base_lvt_ss_typical_max_0p90v_125c 
AO22_X0P7M_A9TL               9       29.160    sc9_cln65lp_base_lvt_ss_typical_max_0p90v_125c 
AO22_X1M_A9TL               368     1192.320    sc9_cln65lp_base_lvt_ss_typical_max_0p90v_125c 
AOI211_X1M_A9TL             160      403.200    sc9_cln65lp_base_lvt_ss_typical_max_0p90v_125c 
AOI211_X1P4M_A9TL             2        7.920    sc9_cln65lp_base_lvt_ss_typical_max_0p90v_125c 
AOI211_X2M_A9TL               1        4.320    sc9_cln65lp_base_lvt_ss_typical_max_0p90v_125c 
AOI211_X2M_A9TR               1        4.320    sc9_cln65lp_base_rvt_ss_typical_max_0p90v_125c 
AOI21B_X0P7M_A9TL             2        5.760    sc9_cln65lp_base_lvt_ss_typical_max_0p90v_125c 
AOI21B_X1M_A9TL              51      146.880    sc9_cln65lp_base_lvt_ss_typical_max_0p90v_125c 
AOI21B_X2M_A9TL               2        8.640    sc9_cln65lp_base_lvt_ss_typical_max_0p90v_125c 
AOI21B_X3M_A9TL               2       11.520    sc9_cln65lp_base_lvt_ss_typical_max_0p90v_125c 
AOI21_X0P7M_A9TL              6       12.960    sc9_cln65lp_base_lvt_ss_typical_max_0p90v_125c 
AOI21_X0P7M_A9TR              3        6.480    sc9_cln65lp_base_rvt_ss_typical_max_0p90v_125c 
AOI21_X1M_A9TL              579     1250.640    sc9_cln65lp_base_lvt_ss_typical_max_0p90v_125c 
AOI21_X2M_A9TL               36      129.600    sc9_cln65lp_base_lvt_ss_typical_max_0p90v_125c 
AOI21_X3M_A9TL                3       14.040    sc9_cln65lp_base_lvt_ss_typical_max_0p90v_125c 
AOI21_X4M_A9TL                2       12.240    sc9_cln65lp_base_lvt_ss_typical_max_0p90v_125c 
AOI221_X0P7M_A9TL             1        3.240    sc9_cln65lp_base_lvt_ss_typical_max_0p90v_125c 
AOI221_X1M_A9TL             127      411.480    sc9_cln65lp_base_lvt_ss_typical_max_0p90v_125c 
AOI222_X1M_A9TL              63      249.480    sc9_cln65lp_base_lvt_ss_typical_max_0p90v_125c 
AOI222_X2M_A9TL               1        6.840    sc9_cln65lp_base_lvt_ss_typical_max_0p90v_125c 
AOI22_X0P5M_A9TL             33       83.160    sc9_cln65lp_base_lvt_ss_typical_max_0p90v_125c 
AOI22_X0P7M_A9TL             24       60.480    sc9_cln65lp_base_lvt_ss_typical_max_0p90v_125c 
AOI22_X1M_A9TL             2631     6630.120    sc9_cln65lp_base_lvt_ss_typical_max_0p90v_125c 
AOI22_X2M_A9TL                3       12.960    sc9_cln65lp_base_lvt_ss_typical_max_0p90v_125c 
AOI22_X3M_A9TL                2       12.240    sc9_cln65lp_base_lvt_ss_typical_max_0p90v_125c 
AOI2XB1_X0P7M_A9TL           12       34.560    sc9_cln65lp_base_lvt_ss_typical_max_0p90v_125c 
AOI2XB1_X1M_A9TL             72      207.360    sc9_cln65lp_base_lvt_ss_typical_max_0p90v_125c 
AOI2XB1_X1P4M_A9TL            1        4.320    sc9_cln65lp_base_lvt_ss_typical_max_0p90v_125c 
AOI2XB1_X2M_A9TL             10       43.200    sc9_cln65lp_base_lvt_ss_typical_max_0p90v_125c 
AOI2XB1_X3M_A9TL              4       23.040    sc9_cln65lp_base_lvt_ss_typical_max_0p90v_125c 
AOI2XB1_X4M_A9TL              1        7.560    sc9_cln65lp_base_lvt_ss_typical_max_0p90v_125c 
AOI31_X1M_A9TL               30       75.600    sc9_cln65lp_base_lvt_ss_typical_max_0p90v_125c 
AOI32_X1M_A9TL               50      144.000    sc9_cln65lp_base_lvt_ss_typical_max_0p90v_125c 
BMXIT_X1M_A9TL                1       10.080    sc9_cln65lp_base_lvt_ss_typical_max_0p90v_125c 
BUFH_X0P7M_A9TL               2        2.880    sc9_cln65lp_base_lvt_ss_typical_max_0p90v_125c 
BUFH_X0P7M_A9TR               2        2.880    sc9_cln65lp_base_rvt_ss_typical_max_0p90v_125c 
BUFH_X1M_A9TL                56       80.640    sc9_cln65lp_base_lvt_ss_typical_max_0p90v_125c 
BUFH_X1P4M_A9TL               2        4.320    sc9_cln65lp_base_lvt_ss_typical_max_0p90v_125c 
BUFH_X2M_A9TL                11       27.720    sc9_cln65lp_base_lvt_ss_typical_max_0p90v_125c 
BUFH_X2P5M_A9TL               1        2.880    sc9_cln65lp_base_lvt_ss_typical_max_0p90v_125c 
BUFH_X3M_A9TL                31       89.280    sc9_cln65lp_base_lvt_ss_typical_max_0p90v_125c 
BUFH_X4M_A9TL                 2        7.920    sc9_cln65lp_base_lvt_ss_typical_max_0p90v_125c 
BUF_X1M_A9TH                 11       15.840    sc9_cln65lp_base_hvt_ss_typical_max_0p90v_125c 
BUF_X1P7M_A9TL                1        2.160    sc9_cln65lp_base_lvt_ss_typical_max_0p90v_125c 
BUF_X2M_A9TL                  2        4.320    sc9_cln65lp_base_lvt_ss_typical_max_0p90v_125c 
BUF_X2P5M_A9TL                1        2.520    sc9_cln65lp_base_lvt_ss_typical_max_0p90v_125c 
CGENCIN_X1M_A9TL              7       50.400    sc9_cln65lp_base_lvt_ss_typical_max_0p90v_125c 
CGENI_X1M_A9TL              166      478.080    sc9_cln65lp_base_lvt_ss_typical_max_0p90v_125c 
CGENI_X2M_A9TL               11       59.400    sc9_cln65lp_base_lvt_ss_typical_max_0p90v_125c 
CGEN_X1M_A9TL               197      709.200    sc9_cln65lp_base_lvt_ss_typical_max_0p90v_125c 
CGEN_X1M_A9TR                 2        7.200    sc9_cln65lp_base_rvt_ss_typical_max_0p90v_125c 
CGEN_X2M_A9TL                 1        3.960    sc9_cln65lp_base_lvt_ss_typical_max_0p90v_125c 
DFFRPQN_X1M_A9TL            229     1896.120    sc9_cln65lp_base_lvt_ss_typical_max_0p90v_125c 
DFFRPQN_X2M_A9TL              5       43.200    sc9_cln65lp_base_lvt_ss_typical_max_0p90v_125c 
DFFRPQN_X3M_A9TL              4       38.880    sc9_cln65lp_base_lvt_ss_typical_max_0p90v_125c 
DFFRPQ_X1M_A9TL            1856    16035.840    sc9_cln65lp_base_lvt_ss_typical_max_0p90v_125c 
DFFRPQ_X2M_A9TL              85      765.000    sc9_cln65lp_base_lvt_ss_typical_max_0p90v_125c 
DFFRPQ_X3M_A9TL               1        9.360    sc9_cln65lp_base_lvt_ss_typical_max_0p90v_125c 
DFFRPQ_X4M_A9TL               1       10.080    sc9_cln65lp_base_lvt_ss_typical_max_0p90v_125c 
DFFSQ_X1M_A9TL                3       27.000    sc9_cln65lp_base_lvt_ss_typical_max_0p90v_125c 
DFFSQ_X3M_A9TL                2       20.160    sc9_cln65lp_base_lvt_ss_typical_max_0p90v_125c 
INV_X0P5B_A9TH               29       31.320    sc9_cln65lp_base_hvt_ss_typical_max_0p90v_125c 
INV_X0P5B_A9TR                1        1.080    sc9_cln65lp_base_rvt_ss_typical_max_0p90v_125c 
INV_X0P5M_A9TH                1        1.080    sc9_cln65lp_base_hvt_ss_typical_max_0p90v_125c 
INV_X0P5M_A9TL                1        1.080    sc9_cln65lp_base_lvt_ss_typical_max_0p90v_125c 
INV_X0P6M_A9TH                1        1.080    sc9_cln65lp_base_hvt_ss_typical_max_0p90v_125c 
INV_X0P6M_A9TL                1        1.080    sc9_cln65lp_base_lvt_ss_typical_max_0p90v_125c 
INV_X0P7M_A9TL              106      114.480    sc9_cln65lp_base_lvt_ss_typical_max_0p90v_125c 
INV_X0P8M_A9TL                5        5.400    sc9_cln65lp_base_lvt_ss_typical_max_0p90v_125c 
INV_X11M_A9TL                 5       28.800    sc9_cln65lp_base_lvt_ss_typical_max_0p90v_125c 
INV_X11M_A9TR                 1        5.760    sc9_cln65lp_base_rvt_ss_typical_max_0p90v_125c 
INV_X13B_A9TH                 2       13.680    sc9_cln65lp_base_hvt_ss_typical_max_0p90v_125c 
INV_X1B_A9TL                 24       25.920    sc9_cln65lp_base_lvt_ss_typical_max_0p90v_125c 
INV_X1M_A9TL               1895     2046.600    sc9_cln65lp_base_lvt_ss_typical_max_0p90v_125c 
INV_X1P4M_A9TL                3        4.320    sc9_cln65lp_base_lvt_ss_typical_max_0p90v_125c 
INV_X1P7M_A9TR                2        2.880    sc9_cln65lp_base_rvt_ss_typical_max_0p90v_125c 
INV_X2B_A9TL                 20       28.800    sc9_cln65lp_base_lvt_ss_typical_max_0p90v_125c 
INV_X2M_A9TL                464      668.160    sc9_cln65lp_base_lvt_ss_typical_max_0p90v_125c 
INV_X2P5M_A9TL                3        6.480    sc9_cln65lp_base_lvt_ss_typical_max_0p90v_125c 
INV_X3B_A9TL                  5       10.800    sc9_cln65lp_base_lvt_ss_typical_max_0p90v_125c 
INV_X3M_A9TL                103      222.480    sc9_cln65lp_base_lvt_ss_typical_max_0p90v_125c 
INV_X3P5B_A9TL                2        5.040    sc9_cln65lp_base_lvt_ss_typical_max_0p90v_125c 
INV_X3P5M_A9TR                1        2.520    sc9_cln65lp_base_rvt_ss_typical_max_0p90v_125c 
INV_X4B_A9TL                 16       40.320    sc9_cln65lp_base_lvt_ss_typical_max_0p90v_125c 
INV_X4M_A9TL                125      315.000    sc9_cln65lp_base_lvt_ss_typical_max_0p90v_125c 
INV_X5B_A9TL                  2        5.760    sc9_cln65lp_base_lvt_ss_typical_max_0p90v_125c 
INV_X5B_A9TR                  1        2.880    sc9_cln65lp_base_rvt_ss_typical_max_0p90v_125c 
INV_X5M_A9TL                 43      123.840    sc9_cln65lp_base_lvt_ss_typical_max_0p90v_125c 
INV_X6M_A9TL                  6       21.600    sc9_cln65lp_base_lvt_ss_typical_max_0p90v_125c 
INV_X7P5B_A9TL                1        4.320    sc9_cln65lp_base_lvt_ss_typical_max_0p90v_125c 
INV_X7P5M_A9TL               13       56.160    sc9_cln65lp_base_lvt_ss_typical_max_0p90v_125c 
INV_X7P5M_A9TR                1        4.320    sc9_cln65lp_base_rvt_ss_typical_max_0p90v_125c 
INV_X9M_A9TL                  1        4.680    sc9_cln65lp_base_lvt_ss_typical_max_0p90v_125c 
LATNQ_X1M_A9TL                1        4.320    sc9_cln65lp_base_lvt_ss_typical_max_0p90v_125c 
MX2_X1M_A9TL                  3       12.960    sc9_cln65lp_base_lvt_ss_typical_max_0p90v_125c 
MX2_X1P4B_A9TL                2       10.080    sc9_cln65lp_base_lvt_ss_typical_max_0p90v_125c 
MX2_X1P4M_A9TL                2       10.080    sc9_cln65lp_base_lvt_ss_typical_max_0p90v_125c 
MX2_X2B_A9TL                  1        5.400    sc9_cln65lp_base_lvt_ss_typical_max_0p90v_125c 
MX2_X2M_A9TL                  4       21.600    sc9_cln65lp_base_lvt_ss_typical_max_0p90v_125c 
MXIT2_X0P5M_A9TL            359     1163.160    sc9_cln65lp_base_lvt_ss_typical_max_0p90v_125c 
MXIT2_X0P7M_A9TL             17       61.200    sc9_cln65lp_base_lvt_ss_typical_max_0p90v_125c 
MXIT2_X1M_A9TL              127      457.200    sc9_cln65lp_base_lvt_ss_typical_max_0p90v_125c 
MXIT2_X1M_A9TR                2        7.200    sc9_cln65lp_base_rvt_ss_typical_max_0p90v_125c 
MXIT2_X1P4M_A9TL              2       12.960    sc9_cln65lp_base_lvt_ss_typical_max_0p90v_125c 
MXIT2_X2M_A9TL               43      278.640    sc9_cln65lp_base_lvt_ss_typical_max_0p90v_125c 
MXIT2_X3M_A9TL               25      189.000    sc9_cln65lp_base_lvt_ss_typical_max_0p90v_125c 
MXT2_X0P5M_A9TL              21       75.600    sc9_cln65lp_base_lvt_ss_typical_max_0p90v_125c 
MXT2_X0P7M_A9TL              49      176.400    sc9_cln65lp_base_lvt_ss_typical_max_0p90v_125c 
MXT2_X1M_A9TL                 7       30.240    sc9_cln65lp_base_lvt_ss_typical_max_0p90v_125c 
MXT2_X1M_A9TR                 1        4.320    sc9_cln65lp_base_rvt_ss_typical_max_0p90v_125c 
MXT2_X1P4M_A9TL              33      166.320    sc9_cln65lp_base_lvt_ss_typical_max_0p90v_125c 
MXT2_X2M_A9TL                 1        6.840    sc9_cln65lp_base_lvt_ss_typical_max_0p90v_125c 
MXT2_X3M_A9TL                 6       49.680    sc9_cln65lp_base_lvt_ss_typical_max_0p90v_125c 
MXT2_X4M_A9TL                 1        9.720    sc9_cln65lp_base_lvt_ss_typical_max_0p90v_125c 
NAND2B_X0P7M_A9TR             1        2.160    sc9_cln65lp_base_rvt_ss_typical_max_0p90v_125c 
NAND2B_X1M_A9TL              88      190.080    sc9_cln65lp_base_lvt_ss_typical_max_0p90v_125c 
NAND2B_X2M_A9TL               8       23.040    sc9_cln65lp_base_lvt_ss_typical_max_0p90v_125c 
NAND2B_X3M_A9TL               1        3.960    sc9_cln65lp_base_lvt_ss_typical_max_0p90v_125c 
NAND2B_X8M_A9TL               1        8.640    sc9_cln65lp_base_lvt_ss_typical_max_0p90v_125c 
NAND2XB_X0P5M_A9TL           10       21.600    sc9_cln65lp_base_lvt_ss_typical_max_0p90v_125c 
NAND2XB_X0P7M_A9TL            3        6.480    sc9_cln65lp_base_lvt_ss_typical_max_0p90v_125c 
NAND2XB_X1M_A9TL            238      514.080    sc9_cln65lp_base_lvt_ss_typical_max_0p90v_125c 
NAND2XB_X2M_A9TL             44      126.720    sc9_cln65lp_base_lvt_ss_typical_max_0p90v_125c 
NAND2XB_X3M_A9TL             16       63.360    sc9_cln65lp_base_lvt_ss_typical_max_0p90v_125c 
NAND2XB_X4M_A9TL             10       46.800    sc9_cln65lp_base_lvt_ss_typical_max_0p90v_125c 
NAND2XB_X6M_A9TL              2       13.680    sc9_cln65lp_base_lvt_ss_typical_max_0p90v_125c 
NAND2XB_X8M_A9TL              1        8.640    sc9_cln65lp_base_lvt_ss_typical_max_0p90v_125c 
NAND2_X0P5M_A9TL              1        1.440    sc9_cln65lp_base_lvt_ss_typical_max_0p90v_125c 
NAND2_X0P7B_A9TL             60       86.400    sc9_cln65lp_base_lvt_ss_typical_max_0p90v_125c 
NAND2_X0P7M_A9TL            116      167.040    sc9_cln65lp_base_lvt_ss_typical_max_0p90v_125c 
NAND2_X1A_A9TL              621      894.240    sc9_cln65lp_base_lvt_ss_typical_max_0p90v_125c 
NAND2_X1B_A9TL              244      351.360    sc9_cln65lp_base_lvt_ss_typical_max_0p90v_125c 
NAND2_X1M_A9TL              917     1320.480    sc9_cln65lp_base_lvt_ss_typical_max_0p90v_125c 
NAND2_X1P4B_A9TL              1        2.520    sc9_cln65lp_base_lvt_ss_typical_max_0p90v_125c 
NAND2_X1P4M_A9TL             84      181.440    sc9_cln65lp_base_lvt_ss_typical_max_0p90v_125c 
NAND2_X2A_A9TL               63      158.760    sc9_cln65lp_base_lvt_ss_typical_max_0p90v_125c 
NAND2_X2B_A9TL                2        5.040    sc9_cln65lp_base_lvt_ss_typical_max_0p90v_125c 
NAND2_X2M_A9TL               17       42.840    sc9_cln65lp_base_lvt_ss_typical_max_0p90v_125c 
NAND2_X3A_A9TL               17       61.200    sc9_cln65lp_base_lvt_ss_typical_max_0p90v_125c 
NAND2_X3M_A9TL                3       10.800    sc9_cln65lp_base_lvt_ss_typical_max_0p90v_125c 
NAND2_X4A_A9TL                8       34.560    sc9_cln65lp_base_lvt_ss_typical_max_0p90v_125c 
NAND2_X4B_A9TL                6       25.920    sc9_cln65lp_base_lvt_ss_typical_max_0p90v_125c 
NAND2_X4M_A9TL               17       67.320    sc9_cln65lp_base_lvt_ss_typical_max_0p90v_125c 
NAND2_X4M_A9TR                1        3.960    sc9_cln65lp_base_rvt_ss_typical_max_0p90v_125c 
NAND2_X6A_A9TL                5       30.600    sc9_cln65lp_base_lvt_ss_typical_max_0p90v_125c 
NAND2_X6M_A9TL                1        6.120    sc9_cln65lp_base_lvt_ss_typical_max_0p90v_125c 
NAND2_X8M_A9TL                5       37.800    sc9_cln65lp_base_lvt_ss_typical_max_0p90v_125c 
NAND3B_X1M_A9TL              36       90.720    sc9_cln65lp_base_lvt_ss_typical_max_0p90v_125c 
NAND3B_X2M_A9TL               3       11.880    sc9_cln65lp_base_lvt_ss_typical_max_0p90v_125c 
NAND3B_X3M_A9TL               2       10.080    sc9_cln65lp_base_lvt_ss_typical_max_0p90v_125c 
NAND3XXB_X1M_A9TL            88      221.760    sc9_cln65lp_base_lvt_ss_typical_max_0p90v_125c 
NAND3XXB_X1P4M_A9TL           6       21.600    sc9_cln65lp_base_lvt_ss_typical_max_0p90v_125c 
NAND3XXB_X2M_A9TL            20       79.200    sc9_cln65lp_base_lvt_ss_typical_max_0p90v_125c 
NAND3XXB_X3M_A9TL            15       75.600    sc9_cln65lp_base_lvt_ss_typical_max_0p90v_125c 
NAND3XXB_X4M_A9TL            11       67.320    sc9_cln65lp_base_lvt_ss_typical_max_0p90v_125c 
NAND3XXB_X6M_A9TL             1        9.000    sc9_cln65lp_base_lvt_ss_typical_max_0p90v_125c 
NAND3_X1A_A9TL               59      127.440    sc9_cln65lp_base_lvt_ss_typical_max_0p90v_125c 
NAND3_X1M_A9TL               58      125.280    sc9_cln65lp_base_lvt_ss_typical_max_0p90v_125c 
NAND3_X1P4M_A9TL              1        3.240    sc9_cln65lp_base_lvt_ss_typical_max_0p90v_125c 
NAND3_X2A_A9TL                3        9.720    sc9_cln65lp_base_lvt_ss_typical_max_0p90v_125c 
NAND3_X2A_A9TR                1        3.240    sc9_cln65lp_base_rvt_ss_typical_max_0p90v_125c 
NAND3_X2M_A9TL               29       93.960    sc9_cln65lp_base_lvt_ss_typical_max_0p90v_125c 
NAND3_X3A_A9TL                1        4.680    sc9_cln65lp_base_lvt_ss_typical_max_0p90v_125c 
NAND3_X3M_A9TL               12       56.160    sc9_cln65lp_base_lvt_ss_typical_max_0p90v_125c 
NAND3_X4M_A9TL                3       17.280    sc9_cln65lp_base_lvt_ss_typical_max_0p90v_125c 
NAND3_X6A_A9TL                2       15.840    sc9_cln65lp_base_lvt_ss_typical_max_0p90v_125c 
NAND4B_X0P7M_A9TR             1        2.880    sc9_cln65lp_base_rvt_ss_typical_max_0p90v_125c 
NAND4B_X1M_A9TL              30       86.400    sc9_cln65lp_base_lvt_ss_typical_max_0p90v_125c 
NAND4XXXB_X1M_A9TL           37      106.560    sc9_cln65lp_base_lvt_ss_typical_max_0p90v_125c 
NAND4XXXB_X1M_A9TR            4       11.520    sc9_cln65lp_base_rvt_ss_typical_max_0p90v_125c 
NAND4XXXB_X1P4M_A9TL          9       32.400    sc9_cln65lp_base_lvt_ss_typical_max_0p90v_125c 
NAND4XXXB_X2M_A9TL           15       70.200    sc9_cln65lp_base_lvt_ss_typical_max_0p90v_125c 
NAND4XXXB_X3M_A9TL            7       42.840    sc9_cln65lp_base_lvt_ss_typical_max_0p90v_125c 
NAND4_X1A_A9TL               44      110.880    sc9_cln65lp_base_lvt_ss_typical_max_0p90v_125c 
NAND4_X1M_A9TL              425     1071.000    sc9_cln65lp_base_lvt_ss_typical_max_0p90v_125c 
NAND4_X1P4A_A9TL              3       10.800    sc9_cln65lp_base_lvt_ss_typical_max_0p90v_125c 
NAND4_X2A_A9TL                2        7.920    sc9_cln65lp_base_lvt_ss_typical_max_0p90v_125c 
NAND4_X3A_A9TL                9       51.840    sc9_cln65lp_base_lvt_ss_typical_max_0p90v_125c 
NAND4_X3M_A9TL                1        5.760    sc9_cln65lp_base_lvt_ss_typical_max_0p90v_125c 
NAND4_X4A_A9TL                2       14.400    sc9_cln65lp_base_lvt_ss_typical_max_0p90v_125c 
NOR2B_X0P7M_A9TL              3        6.480    sc9_cln65lp_base_lvt_ss_typical_max_0p90v_125c 
NOR2B_X1M_A9TL              111      239.760    sc9_cln65lp_base_lvt_ss_typical_max_0p90v_125c 
NOR2B_X2M_A9TL                6       17.280    sc9_cln65lp_base_lvt_ss_typical_max_0p90v_125c 
NOR2B_X3M_A9TL                2        7.200    sc9_cln65lp_base_lvt_ss_typical_max_0p90v_125c 
NOR2XB_X0P5M_A9TL            20       43.200    sc9_cln65lp_base_lvt_ss_typical_max_0p90v_125c 
NOR2XB_X0P7M_A9TL             4        8.640    sc9_cln65lp_base_lvt_ss_typical_max_0p90v_125c 
NOR2XB_X1M_A9TL              92      198.720    sc9_cln65lp_base_lvt_ss_typical_max_0p90v_125c 
NOR2XB_X2M_A9TL              47      135.360    sc9_cln65lp_base_lvt_ss_typical_max_0p90v_125c 
NOR2XB_X3M_A9TL              12       43.200    sc9_cln65lp_base_lvt_ss_typical_max_0p90v_125c 
NOR2XB_X4M_A9TL               4       17.280    sc9_cln65lp_base_lvt_ss_typical_max_0p90v_125c 
NOR2XB_X6M_A9TL               2       12.960    sc9_cln65lp_base_lvt_ss_typical_max_0p90v_125c 
NOR2_X0P5B_A9TL               1        1.440    sc9_cln65lp_base_lvt_ss_typical_max_0p90v_125c 
NOR2_X0P7A_A9TL               1        1.440    sc9_cln65lp_base_lvt_ss_typical_max_0p90v_125c 
NOR2_X0P7B_A9TL              47       67.680    sc9_cln65lp_base_lvt_ss_typical_max_0p90v_125c 
NOR2_X1A_A9TL               305      439.200    sc9_cln65lp_base_lvt_ss_typical_max_0p90v_125c 
NOR2_X1B_A9TL               366      527.040    sc9_cln65lp_base_lvt_ss_typical_max_0p90v_125c 
NOR2_X1M_A9TL               239      344.160    sc9_cln65lp_base_lvt_ss_typical_max_0p90v_125c 
NOR2_X1P4A_A9TL              62      133.920    sc9_cln65lp_base_lvt_ss_typical_max_0p90v_125c 
NOR2_X1P4B_A9TL               1        2.160    sc9_cln65lp_base_lvt_ss_typical_max_0p90v_125c 
NOR2_X1P4M_A9TL               9       19.440    sc9_cln65lp_base_lvt_ss_typical_max_0p90v_125c 
NOR2_X2A_A9TL                40      100.800    sc9_cln65lp_base_lvt_ss_typical_max_0p90v_125c 
NOR2_X2B_A9TL                 5       12.600    sc9_cln65lp_base_lvt_ss_typical_max_0p90v_125c 
NOR2_X2M_A9TL                 5       12.600    sc9_cln65lp_base_lvt_ss_typical_max_0p90v_125c 
NOR2_X3A_A9TL                16       51.840    sc9_cln65lp_base_lvt_ss_typical_max_0p90v_125c 
NOR2_X3M_A9TL                 3        9.720    sc9_cln65lp_base_lvt_ss_typical_max_0p90v_125c 
NOR2_X4A_A9TL                 9       35.640    sc9_cln65lp_base_lvt_ss_typical_max_0p90v_125c 
NOR2_X4B_A9TL                 2        7.920    sc9_cln65lp_base_lvt_ss_typical_max_0p90v_125c 
NOR2_X4M_A9TL                 8       31.680    sc9_cln65lp_base_lvt_ss_typical_max_0p90v_125c 
NOR2_X6A_A9TL                 9       55.080    sc9_cln65lp_base_lvt_ss_typical_max_0p90v_125c 
NOR2_X6B_A9TL                 1        6.120    sc9_cln65lp_base_lvt_ss_typical_max_0p90v_125c 
NOR2_X6M_A9TR                 2       12.240    sc9_cln65lp_base_rvt_ss_typical_max_0p90v_125c 
NOR2_X8A_A9TL                 1        7.560    sc9_cln65lp_base_lvt_ss_typical_max_0p90v_125c 
NOR3_X0P5A_A9TL               1        2.160    sc9_cln65lp_base_lvt_ss_typical_max_0p90v_125c 
NOR3_X1A_A9TL                33       71.280    sc9_cln65lp_base_lvt_ss_typical_max_0p90v_125c 
NOR3_X1M_A9TL                85      183.600    sc9_cln65lp_base_lvt_ss_typical_max_0p90v_125c 
NOR3_X2A_A9TL                 2        6.480    sc9_cln65lp_base_lvt_ss_typical_max_0p90v_125c 
NOR3_X2M_A9TL                 1        3.240    sc9_cln65lp_base_lvt_ss_typical_max_0p90v_125c 
NOR3_X2M_A9TR                 1        3.240    sc9_cln65lp_base_rvt_ss_typical_max_0p90v_125c 
NOR3_X4A_A9TL                 2       12.240    sc9_cln65lp_base_lvt_ss_typical_max_0p90v_125c 
NOR3_X4M_A9TL                 1        6.120    sc9_cln65lp_base_lvt_ss_typical_max_0p90v_125c 
OA211_X0P7M_A9TL             30       97.200    sc9_cln65lp_base_lvt_ss_typical_max_0p90v_125c 
OA211_X1M_A9TL                2        9.360    sc9_cln65lp_base_lvt_ss_typical_max_0p90v_125c 
OA211_X2M_A9TL                3       17.280    sc9_cln65lp_base_lvt_ss_typical_max_0p90v_125c 
OA21_X1M_A9TL                61      175.680    sc9_cln65lp_base_lvt_ss_typical_max_0p90v_125c 
OA21_X2M_A9TL                 1        4.680    sc9_cln65lp_base_lvt_ss_typical_max_0p90v_125c 
OA22_X1M_A9TL               211      683.640    sc9_cln65lp_base_lvt_ss_typical_max_0p90v_125c 
OA22_X2M_A9TL                 1        5.760    sc9_cln65lp_base_lvt_ss_typical_max_0p90v_125c 
OAI211_X0P5M_A9TL             2        5.040    sc9_cln65lp_base_lvt_ss_typical_max_0p90v_125c 
OAI211_X1M_A9TL             396      997.920    sc9_cln65lp_base_lvt_ss_typical_max_0p90v_125c 
OAI211_X1P4M_A9TL            12       47.520    sc9_cln65lp_base_lvt_ss_typical_max_0p90v_125c 
OAI211_X2M_A9TL               8       34.560    sc9_cln65lp_base_lvt_ss_typical_max_0p90v_125c 
OAI211_X3M_A9TL               2       12.240    sc9_cln65lp_base_lvt_ss_typical_max_0p90v_125c 
OAI21B_X0P5M_A9TL             1        2.880    sc9_cln65lp_base_lvt_ss_typical_max_0p90v_125c 
OAI21B_X0P7M_A9TL             2        5.760    sc9_cln65lp_base_lvt_ss_typical_max_0p90v_125c 
OAI21B_X1M_A9TL              13       37.440    sc9_cln65lp_base_lvt_ss_typical_max_0p90v_125c 
OAI21_X0P5M_A9TL              3        6.480    sc9_cln65lp_base_lvt_ss_typical_max_0p90v_125c 
OAI21_X1M_A9TL              393      848.880    sc9_cln65lp_base_lvt_ss_typical_max_0p90v_125c 
OAI21_X1P4M_A9TL             13       42.120    sc9_cln65lp_base_lvt_ss_typical_max_0p90v_125c 
OAI21_X2M_A9TL               11       39.600    sc9_cln65lp_base_lvt_ss_typical_max_0p90v_125c 
OAI21_X3M_A9TL                7       32.760    sc9_cln65lp_base_lvt_ss_typical_max_0p90v_125c 
OAI221_X1M_A9TL             222      719.280    sc9_cln65lp_base_lvt_ss_typical_max_0p90v_125c 
OAI221_X1P4M_A9TL             2       10.080    sc9_cln65lp_base_lvt_ss_typical_max_0p90v_125c 
OAI221_X2M_A9TL               1        5.760    sc9_cln65lp_base_lvt_ss_typical_max_0p90v_125c 
OAI222_X1M_A9TL              46      182.160    sc9_cln65lp_base_lvt_ss_typical_max_0p90v_125c 
OAI22_X0P5M_A9TL              1        2.520    sc9_cln65lp_base_lvt_ss_typical_max_0p90v_125c 
OAI22_X0P7M_A9TL            160      403.200    sc9_cln65lp_base_lvt_ss_typical_max_0p90v_125c 
OAI22_X1M_A9TL             1661     4185.720    sc9_cln65lp_base_lvt_ss_typical_max_0p90v_125c 
OAI22_X1P4M_A9TL             12       47.520    sc9_cln65lp_base_lvt_ss_typical_max_0p90v_125c 
OAI22_X2M_A9TL                3       12.960    sc9_cln65lp_base_lvt_ss_typical_max_0p90v_125c 
OAI2XB1_X0P5M_A9TL          149      375.480    sc9_cln65lp_base_lvt_ss_typical_max_0p90v_125c 
OAI2XB1_X0P5M_A9TR            1        2.520    sc9_cln65lp_base_rvt_ss_typical_max_0p90v_125c 
OAI2XB1_X0P7M_A9TL            2        5.760    sc9_cln65lp_base_lvt_ss_typical_max_0p90v_125c 
OAI2XB1_X1M_A9TL             38      109.440    sc9_cln65lp_base_lvt_ss_typical_max_0p90v_125c 
OAI2XB1_X1M_A9TR              1        2.880    sc9_cln65lp_base_rvt_ss_typical_max_0p90v_125c 
OAI2XB1_X1P4M_A9TL           19       68.400    sc9_cln65lp_base_lvt_ss_typical_max_0p90v_125c 
OAI2XB1_X2M_A9TL             12       51.840    sc9_cln65lp_base_lvt_ss_typical_max_0p90v_125c 
OAI2XB1_X3M_A9TL              4       23.040    sc9_cln65lp_base_lvt_ss_typical_max_0p90v_125c 
OAI31_X0P5M_A9TL              1        2.520    sc9_cln65lp_base_lvt_ss_typical_max_0p90v_125c 
OAI31_X1M_A9TL              101      254.520    sc9_cln65lp_base_lvt_ss_typical_max_0p90v_125c 
OAI31_X1P4M_A9TL              1        3.960    sc9_cln65lp_base_lvt_ss_typical_max_0p90v_125c 
OR2_X0P5M_A9TH                1        1.800    sc9_cln65lp_base_hvt_ss_typical_max_0p90v_125c 
OR2_X0P5M_A9TL              191      343.800    sc9_cln65lp_base_lvt_ss_typical_max_0p90v_125c 
OR2_X0P5M_A9TR                1        1.800    sc9_cln65lp_base_rvt_ss_typical_max_0p90v_125c 
OR2_X11M_A9TL                 1       12.600    sc9_cln65lp_base_lvt_ss_typical_max_0p90v_125c 
OR2_X1M_A9TL                 33       71.280    sc9_cln65lp_base_lvt_ss_typical_max_0p90v_125c 
OR2_X1P4M_A9TL               17       42.840    sc9_cln65lp_base_lvt_ss_typical_max_0p90v_125c 
OR2_X2M_A9TL                  5       16.200    sc9_cln65lp_base_lvt_ss_typical_max_0p90v_125c 
OR2_X3M_A9TL                  1        3.600    sc9_cln65lp_base_lvt_ss_typical_max_0p90v_125c 
OR2_X6M_A9TL                  1        6.840    sc9_cln65lp_base_lvt_ss_typical_max_0p90v_125c 
OR2_X8M_A9TL                  1        9.360    sc9_cln65lp_base_lvt_ss_typical_max_0p90v_125c 
OR3_X0P5M_A9TL               31       78.120    sc9_cln65lp_base_lvt_ss_typical_max_0p90v_125c 
OR3_X1M_A9TL                  4       14.400    sc9_cln65lp_base_lvt_ss_typical_max_0p90v_125c 
OR4_X1M_A9TL                 18       64.800    sc9_cln65lp_base_lvt_ss_typical_max_0p90v_125c 
OR4_X1P4M_A9TL                2        7.920    sc9_cln65lp_base_lvt_ss_typical_max_0p90v_125c 
OR4_X2M_A9TL                  2       11.520    sc9_cln65lp_base_lvt_ss_typical_max_0p90v_125c 
OR6_X0P7M_A9TL               33      154.440    sc9_cln65lp_base_lvt_ss_typical_max_0p90v_125c 
OR6_X1P4M_A9TL                3       20.520    sc9_cln65lp_base_lvt_ss_typical_max_0p90v_125c 
PDDW1216CDG                   5    30000.000    tpdn65lpnv2od3wc                               
PDDW1216SCDG                 33   198000.000    tpdn65lpnv2od3wc                               
PDUW1216SCDG                  2    12000.000    tpdn65lpnv2od3wc                               
PREICG_X0P5B_A9TR            57      369.360    sc9_cln65lp_base_rvt_ss_typical_max_0p90v_125c 
PVDD1CDG                      8    48000.000    tpdn65lpnv2od3wc                               
PVDD2CDG                      7    42000.000    tpdn65lpnv2od3wc                               
PVDD2POC                      1     6000.000    tpdn65lpnv2od3wc                               
PVSS3CDG                      8    48000.000    tpdn65lpnv2od3wc                               
XNOR2_X0P5M_A9TL             11       35.640    sc9_cln65lp_base_lvt_ss_typical_max_0p90v_125c 
XNOR2_X0P7M_A9TL            255      826.200    sc9_cln65lp_base_lvt_ss_typical_max_0p90v_125c 
XNOR2_X1M_A9TL               35      126.000    sc9_cln65lp_base_lvt_ss_typical_max_0p90v_125c 
XNOR2_X2M_A9TL                9       55.080    sc9_cln65lp_base_lvt_ss_typical_max_0p90v_125c 
XNOR2_X3M_A9TL                1        7.920    sc9_cln65lp_base_lvt_ss_typical_max_0p90v_125c 
XNOR3_X0P5M_A9TL             43      263.160    sc9_cln65lp_base_lvt_ss_typical_max_0p90v_125c 
XNOR3_X1M_A9TL               48      311.040    sc9_cln65lp_base_lvt_ss_typical_max_0p90v_125c 
XNOR3_X1P4M_A9TL              1       10.080    sc9_cln65lp_base_lvt_ss_typical_max_0p90v_125c 
XNOR3_X3M_A9TL                7       98.280    sc9_cln65lp_base_lvt_ss_typical_max_0p90v_125c 
XOR2_X0P7M_A9TL             581     1882.440    sc9_cln65lp_base_lvt_ss_typical_max_0p90v_125c 
XOR2_X1M_A9TL                63      226.800    sc9_cln65lp_base_lvt_ss_typical_max_0p90v_125c 
XOR2_X2M_A9TL                25      153.000    sc9_cln65lp_base_lvt_ss_typical_max_0p90v_125c 
XOR2_X3M_A9TL                 8       63.360    sc9_cln65lp_base_lvt_ss_typical_max_0p90v_125c 
XOR3_X0P5M_A9TL              42      257.040    sc9_cln65lp_base_lvt_ss_typical_max_0p90v_125c 
XOR3_X1M_A9TL                 9       58.320    sc9_cln65lp_base_lvt_ss_typical_max_0p90v_125c 
XOR3_X1P4M_A9TL               1       10.080    sc9_cln65lp_base_lvt_ss_typical_max_0p90v_125c 
XOR3_X3M_A9TL                 4       56.160    sc9_cln65lp_base_lvt_ss_typical_max_0p90v_125c 
sp_hde_16384_m32              2   763076.062    USERLIB_ss_1p08v_1p08v_125c                    
sp_hde_32768_m32              1   736314.625    USERLIB_ss_1p08v_1p08v_125c                    
-----------------------------------------------------------------------------------------------
total                     22561  1953423.647                                                   


                    Library                    Instances     Area    Instances % 
---------------------------------------------------------------------------------
USERLIB_ss_1p08v_1p08v_125c                            3 1499390.688         0.0 
sc9_cln65lp_base_hvt_ss_typical_max_0p90v_125c        47      74.160         0.2 
sc9_cln65lp_base_lvt_ss_typical_max_0p90v_125c     22355   69484.680        99.1 
sc9_cln65lp_base_rvt_ss_typical_max_0p90v_125c        92     474.120         0.4 
tpdn65lpnv2od3wc                                      64  384000.000         0.3 

                                                          
            Type             Instances     Area    Area % 
----------------------------------------------------------
timing_model                        67 1883390.688   96.4 
sequential                        2187   18849.960    1.0 
inverter                          2884    3807.720    0.2 
buffer                             122     243.360    0.0 
clock_gating_integrated_cell        57     369.360    0.0 
logic_abstract                       4       0.000    0.0 
logic                            17244   46762.560    2.4 
physical_cells                       0       0.000    0.0 
----------------------------------------------------------
total                            22565 1953423.647  100.0 

