###############################################################
#  Generated by:      Cadence Innovus 21.15-s110_1
#  OS:                Linux x86_64(Host ID ip-10-70-165-27.il-central-1.compute.internal)
#  Generated on:      Wed Feb 12 19:41:25 2025
#  Design:            lp_riscv_top
###############################################################
Design: lp_riscv_top

------ Design Summary:
Total Standard Cell Number   (cells) : 22494
Total Block Cell Number      (cells) : 3
Total I/O Pad Cell Number    (cells) : 3490
Total Standard Cell Area     ( um^2) : 70032.96
Total Block Cell Area        ( um^2) : 1499390.71
Total I/O Pad Cell Area      ( um^2) : 974400.00

------ Design Statistics:

Number of Instances            : 25987
Number of Non-uniquified Insts : 25910
Number of Nets                 : 23541
Average number of Pins per Net : 3.72
Maximum number of Pins in Net  : 2182

------ I/O Port summary

Number of Primary I/O Ports    : 35
Number of Input Ports          : 34
Number of Output Ports         : 1
Number of Bidirectional Ports  : 0
Number of Power/Ground Ports   : 0



------------------------------------------------------------
Detail report:


------ I/O Pad/Port Checking


