============================================================
  Generated by:           Genus(TM) Synthesis Solution 21.15-s080_1
  Generated on:           Feb 12 2025  09:18:13 am
  Module:                 lp_riscv_top
  Operating conditions:   ss_typical_max_0p90v_125c (balanced_tree)
  Wireload mode:          top
  Area mode:              timing library
============================================================


Path 1: MET (1053 ps) Setup Check with Pin lp_riscv/i_riscv_core_if_stage_i_prefetch_32.prefetch_buffer_i_fifo_i_rdata_Q_reg[0][2]/CK->D
          Group: in2reg
     Startpoint: (F) PAD_FETCH_EN
          Clock: (R) CLK
       Endpoint: (R) lp_riscv/i_riscv_core_if_stage_i_prefetch_32.prefetch_buffer_i_fifo_i_rdata_Q_reg[0][2]/D
          Clock: (R) CLK

                     Capture       Launch     
        Clock Edge:+    6300            0     
        Drv Adjust:+       0           88     
       Src Latency:+       0            0     
       Net Latency:+       0 (I)        0 (I) 
           Arrival:=    6300           88     
                                              
             Setup:-     124                  
       Uncertainty:-     125                  
     Required Time:=    6052                  
      Launch Clock:-      88                  
       Input Delay:-    1575                  
         Data Path:-    3336                  
             Slack:=    1053                  

Exceptions/Constraints:
  input_delay             1575            lp_riscv_top.sdc_line_14_15_1 

#------------------------------------------------------------------------------------------------------------------------------------------------------------
#                                       Timing Point                                        Flags    Arc   Edge       Cell        Fanout Trans Delay Arrival 
#                                                                                                                                         (ps)  (ps)   (ps)  
#------------------------------------------------------------------------------------------------------------------------------------------------------------
  PAD_FETCH_EN                                                                              -       -      F     (arrival)             1   532     0    1663 
  i_ioring/i_FETCH_EN/PAD                                                                   -       -      F     PDDW1216SCDG          1     -     0    1663 
  i_ioring/i_FETCH_EN/C                                                                     (P)     PAD->C F     PDDW1216SCDG          5    39   851    2514 
  lp_riscv/g80793/Y                                                                         -       A1N->Y F     AOI2XB1_X1M_A9TL      2   109   143    2657 
  lp_riscv/g80079/Y                                                                         -       C->Y   R     NOR3_X1M_A9TL         1   115   129    2786 
  lp_riscv/g79389/Y                                                                         -       A->Y   R     OR4_X1M_A9TL          4   136   167    2954 
  lp_riscv/g79365/Y                                                                         -       C->Y   R     OR3_X0P5M_A9TL        3   117   189    3143 
  lp_riscv/g121808/Y                                                                        -       A->Y   F     NOR2XB_X1M_A9TL       5   120   107    3250 
  lp_riscv/g120664/Y                                                                        -       A->Y   R     NAND2_X1M_A9TL        4   126   112    3362 
  lp_riscv/g120255/Y                                                                        -       BN->Y  R     NAND2XB_X1M_A9TL      2    94   144    3506 
  lp_riscv/g120008/Y                                                                        -       A->Y   F     NOR2XB_X1M_A9TL       2    86    80    3586 
  lp_riscv/g119761/Y                                                                        -       B->Y   R     NOR2_X2A_A9TL        16   332   234    3820 
  lp_riscv/g119653/Y                                                                        -       A->Y   F     INV_X1M_A9TL         14   196   214    4034 
  lp_riscv/g119624/Y                                                                        -       B->Y   R     NAND2_X2A_A9TL       20   207   193    4227 
  lp_riscv/g119193/Y                                                                        -       B->Y   R     OR2_X1M_A9TL         15   295   293    4520 
  lp_riscv/g118730/Y                                                                        -       B->Y   F     NAND3_X2M_A9TL       14   258   226    4746 
  lp_riscv/g118550/Y                                                                        -       A->Y   R     INV_X1M_A9TL          1    84    92    4838 
  lp_riscv/g118059/Y                                                                        -       A1->Y  F     AOI22_X1M_A9TL        1    82    79    4918 
  lp_riscv/g117770/Y                                                                        -       C0->Y  R     OAI221_X1M_A9TL       1   162    81    4998 
  lp_riscv/i_riscv_core_if_stage_i_prefetch_32.prefetch_buffer_i_fifo_i_rdata_Q_reg[0][2]/D -       -      R     DFFRPQN_X1M_A9TL      1     -     0    4998 
#------------------------------------------------------------------------------------------------------------------------------------------------------------

(P) : Instance is preserved

