###############################################################
#  Generated by:      Cadence Innovus 21.15-s110_1
#  OS:                Linux x86_64(Host ID ip-10-70-165-27.il-central-1.compute.internal)
#  Generated on:      Wed Feb 12 22:50:50 2025
#  Design:            lp_riscv_top
#  Command:           report_timing > $rpt_dir/report_timing.rpt
###############################################################
Path 1: MET (0.002 ns) Setup Check with Pin lp_riscv/i_riscv_core_id_stage_i_mult_operand_b_ex_o_reg[28]/CK->D
               View: wc_analysis_view
              Group: reg2reg
         Startpoint: (R) lp_riscv/i_riscv_core_ex_stage_i_mult_i_mulh_CS_reg[1]/CK
              Clock: (R) CLK
           Endpoint: (F) lp_riscv/i_riscv_core_id_stage_i_mult_operand_b_ex_o_reg[28]/D
              Clock: (R) CLK

                       Capture       Launch
         Clock Edge:+    6.300        0.000
        Src Latency:+   -1.919       -1.919
        Net Latency:+    1.927 (P)    1.918 (P)
            Arrival:=    6.308       -0.001

              Setup:-    0.085
        Uncertainty:-    0.125
        Cppr Adjust:+    0.000
      Required Time:=    6.098
       Launch Clock:=   -0.001
          Data Path:+    6.097
              Slack:=    0.002

#--------------------------------------------------------------------------------------------------------------------------------------------------------------------------------------
# Timing Point                                                                                                    Flags  Arc     Edge  Cell              Fanout  Trans   Delay  Arrival  
#                                                                                                                                                                 (ns)    (ns)     (ns)  
#--------------------------------------------------------------------------------------------------------------------------------------------------------------------------------------
  lp_riscv/i_riscv_core_ex_stage_i_mult_i_mulh_CS_reg[1]/CK                                                       -      CK      R     (arrival)             20  0.248       -   -0.001  
  lp_riscv/i_riscv_core_ex_stage_i_mult_i_mulh_CS_reg[1]/Q                                                        -      CK->Q   R     DFFRPQ_X4M_A9TL        5  0.248   0.409    0.408  
  lp_riscv/g77548/Y                                                                                               -      A->Y    F     NOR2_X8A_A9TL          3  0.109   0.066    0.474  
  lp_riscv/g77287/Y                                                                                               -      B->Y    R     NAND2_X6M_A9TL         4  0.053   0.085    0.559  
  lp_riscv/g76999/Y                                                                                               -      B->Y    F     NAND2_X4A_A9TL         2  0.109   0.073    0.632  
  lp_riscv/placement_opt_inst_FE_RC_2308_0/Y                                                                      -      B->Y    R     NAND2B_X6M_A9TL        1  0.064   0.069    0.701  
  lp_riscv/placement_opt_inst_FE_RC_2307_0/Y                                                                      -      A->Y    F     NAND2XB_X8M_A9TL       6  0.073   0.077    0.778  
  lp_riscv/g76424__6131/Y                                                                                         -      S0->Y   R     MXT2_X1M_A9TL          1  0.093   0.196    0.975  
  lp_riscv/post_cts_hold_opt_inst_FE_OFC44216_n_11480/Y                                                           -      A->Y    R     BUF_X6M_A9TL          13  0.128   0.164    1.139  
  lp_riscv/post_cts_hold_opt_inst_FE_OFC44217_n_11480/Y                                                           -      A->Y    F     INV_X1M_A9TL           2  0.138   0.093    1.232  
  lp_riscv/csa_tree_i_riscv_core_ex_stage_i_mult_i_add_104_86_groupi_g7814/Y                                      -      B->Y    R     MXIT2_X3M_A9TL         3  0.081   0.118    1.350  
  lp_riscv/csa_tree_i_riscv_core_ex_stage_i_mult_i_add_104_86_groupi_g7693/Y                                      -      B->Y    F     NAND2_X4M_A9TL         6  0.202   0.121    1.471  
  lp_riscv/csa_tree_i_riscv_core_ex_stage_i_mult_i_add_104_86_groupi_g7670/Y                                      -      A->Y    R     INV_X4M_A9TL          12  0.107   0.114    1.585  
  lp_riscv/csa_tree_i_riscv_core_ex_stage_i_mult_i_add_104_86_groupi_g7449/Y                                      -      B1->Y   R     AO1B2_X2M_A9TL         2  0.121   0.169    1.754  
  lp_riscv/csa_tree_i_riscv_core_ex_stage_i_mult_i_add_104_86_groupi_g7395/Y                                      -      B->Y    R     XOR2_X0P7M_A9TL        1  0.097   0.148    1.902  
  lp_riscv/csa_tree_i_riscv_core_ex_stage_i_mult_i_add_104_86_groupi_g7337/Y                                      -      A->Y    R     XOR2_X0P5M_A9TL        1  0.206   0.147    2.048  
  lp_riscv/post_cts_hold_opt_inst_FE_OFC43402_csa_tree_i_riscv_core_ex_stage_i_mult_i_add_104_86_groupi_n_698/Y   -      A->Y    R     BUF_X1M_A9TL           2  0.218   0.188    2.237  
  lp_riscv/csa_tree_i_riscv_core_ex_stage_i_mult_i_add_104_86_groupi_g7169/Y                                      -      B->Y    R     XOR2_X1M_A9TL          2  0.119   0.175    2.411  
  lp_riscv/csa_tree_i_riscv_core_ex_stage_i_mult_i_add_104_86_groupi_g7094/Y                                      -      A->Y    F     XNOR3_X1P4M_A9TL       2  0.266   0.218    2.630  
  lp_riscv/csa_tree_i_riscv_core_ex_stage_i_mult_i_add_104_86_groupi_g7051/Y                                      -      A1->Y   F     OA21_X1M_A9TL          2  0.104   0.205    2.835  
  lp_riscv/cts_opt_inst_FE_OFC25354_csa_tree_i_riscv_core_ex_stage_i_mult_i_add_104_86_groupi_n_1016/Y            -      A->Y    R     INV_X2M_A9TL           1  0.104   0.071    2.907  
  lp_riscv/csa_tree_i_riscv_core_ex_stage_i_mult_i_add_104_86_groupi_g6946/CON                                    -      A->CON  F     CGENI_X2M_A9TL         2  0.064   0.090    2.997  
  lp_riscv/csa_tree_i_riscv_core_ex_stage_i_mult_i_add_104_86_groupi_g6889/Y                                      -      A->Y    R     NAND2_X3B_A9TL         3  0.106   0.083    3.080  
  lp_riscv/csa_tree_i_riscv_core_ex_stage_i_mult_i_add_104_86_groupi_g8073/Y                                      -      AN->Y   R     NOR2B_X8M_A9TL         2  0.080   0.112    3.192  
  lp_riscv/csa_tree_i_riscv_core_ex_stage_i_mult_i_add_104_86_groupi_g6865/Y                                      -      A->Y    F     NAND2_X2A_A9TL         2  0.072   0.078    3.269  
  lp_riscv/post_cts_hold_opt_inst_FE_OFC42950_csa_tree_i_riscv_core_ex_stage_i_mult_i_add_104_86_groupi_n_1181/Y  -      A->Y    R     INV_X2B_A9TL           1  0.094   0.051    3.321  
  lp_riscv/csa_tree_i_riscv_core_ex_stage_i_mult_i_add_104_86_groupi_g6854/Y                                      -      B->Y    F     NAND2_X2B_A9TL         1  0.045   0.056    3.377  
  lp_riscv/placement_opt_inst_FE_RC_2341_0/Y                                                                      -      A->Y    F     AND2_X4M_A9TL          1  0.058   0.105    3.481  
  lp_riscv/post_cts_hold_opt_inst_FE_RC_3912_0/Y                                                                  -      A->Y    F     AND3_X8M_A9TL          4  0.051   0.116    3.597  
  lp_riscv/csa_tree_i_riscv_core_ex_stage_i_mult_i_add_104_86_groupi_g6832/Y                                      -      A0->Y   R     OAI21_X1P4M_A9TL       1  0.062   0.100    3.697  
  lp_riscv/csa_tree_i_riscv_core_ex_stage_i_mult_i_add_104_86_groupi_g6827/Y                                      -      A->Y    F     XNOR2_X0P7M_A9TL       1  0.125   0.073    3.771  
  lp_riscv/post_cts_hold_opt_inst_FE_OFC42771_n_11439/Y                                                           -      A->Y    F     BUF_X2M_A9TL           2  0.088   0.161    3.931  
  lp_riscv/i_riscv_core_ex_stage_i_mult_i_sra_107_120_g2066/Y                                                     -      B0->Y   R     AOI22_X1M_A9TL         1  0.102   0.138    4.069  
  lp_riscv/post_cts_hold_opt_inst_FE_OFC39035_i_riscv_core_ex_stage_i_mult_i_sra_107_120_n_64/Y                   -      A->Y    R     BUFH_X3M_A9TL          2  0.188   0.155    4.225  
  lp_riscv/i_riscv_core_ex_stage_i_mult_i_sra_107_120_g2062/Y                                                     -      A1->Y   F     OAI22_X6M_A9TL         2  0.126   0.101    4.326  
  lp_riscv/cts_opt_inst_FE_RC_3561_0/Y                                                                            -      B0->Y   R     AOI22_X0P5M_A9TL       1  0.102   0.130    4.456  
  lp_riscv/cts_opt_inst_FE_OFC33225_i_riscv_core_ex_stage_i_mult_i_sra_107_120_n_108/Y                            -      A->Y    R     BUF_X2M_A9TL           2  0.172   0.167    4.623  
  lp_riscv/placement_opt_inst_FE_RC_2429_0/Y                                                                      -      A0->Y   F     AOI22_X3M_A9TL         2  0.101   0.095    4.718  
  lp_riscv/i_riscv_core_ex_stage_i_mult_i_sra_107_120_g1951/Y                                                     -      A->Y    F     MX2_X3M_A9TL           1  0.132   0.145    4.863  
  lp_riscv/g121161/Y                                                                                              -      B0->Y   R     AOI22_X4M_A9TL         1  0.075   0.107    4.970  
  lp_riscv/post_cts_hold_opt_inst_FE_RC_3981_0/Y                                                                  -      A->Y    F     NAND3_X3A_A9TL         1  0.153   0.084    5.054  
  lp_riscv/post_cts_hold_opt_inst_FE_OFC38808_n_6141/Y                                                            -      A->Y    R     INV_X2M_A9TL           2  0.100   0.078    5.132  
  lp_riscv/placement_opt_inst_FE_RC_2199_0/Y                                                                      -      B->Y    F     NAND2_X3A_A9TL         3  0.072   0.175    5.306  
  lp_riscv/g114971/Y                                                                                              -      A1->Y   R     AOI21_X3M_A9TL         1  0.269   0.165    5.472  
  lp_riscv/placement_opt_inst_FE_RC_491_0/Y                                                                       -      A->Y    F     NAND2XB_X3M_A9TL       2  0.104   0.076    5.547  
  lp_riscv/cts_opt_inst_FE_RC_3066_0/Y                                                                            -      A->Y    F     AND2_X2M_A9TL          1  0.076   0.122    5.669  
  lp_riscv/cts_opt_inst_FE_RC_3065_0/Y                                                                            -      A->Y    F     OR4_X6M_A9TL           3  0.053   0.118    5.788  
  lp_riscv/g112456/Y                                                                                              -      B->Y    R     NAND2_X3M_A9TL         2  0.064   0.077    5.865  
  lp_riscv/placement_opt_inst_FE_RC_1440_0/Y                                                                      -      B->Y    R     AND3_X3M_A9TL          1  0.095   0.132    5.997  
  lp_riscv/placement_opt_inst_FE_RC_242_0/Y                                                                       -      A->Y    F     NAND3_X6M_A9TL         3  0.066   0.100    6.096  
  lp_riscv/i_riscv_core_id_stage_i_mult_operand_b_ex_o_reg[28]/D                                                  -      D       F     DFFRPQ_X2M_A9TL        3  0.131   0.000    6.096  
#--------------------------------------------------------------------------------------------------------------------------------------------------------------------------------------

