###############################################################
#  Generated by:      Cadence Innovus 21.15-s110_1
#  OS:                Linux x86_64(Host ID ip-10-70-165-27.il-central-1.compute.internal)
#  Generated on:      Wed Feb 12 20:22:14 2025
#  Design:            lp_riscv_top
#  Command:           check_place /data/project/tsmc65/users/saridav/ws/DVD25/hw7/workspace/../reports/placement//check_place.rpt
###############################################################

#########################################################
## Total instances with placement violations: 1639
#########################################################

## Insts with cell pin/obs geometries having spacing/short vio with pre-wires (1639) ##
#########################################################
### 2 Pre-route DRC Violation>
set pchkRtDrcList [list \
	{lp_riscv/RC_CG_HIER_INST3/RC_CGIC_INST} \
	{lp_riscv/iram_prog_data_reg[0][4]} \
	]
### 1637 (Preplaced) Pre-route DRC Violation>
set pchkRtDrcFixedList [list \
	{ENDCAP_19} \
	{ENDCAP_23} \
	{ENDCAP_27} \
	{ENDCAP_31} \
	{ENDCAP_35} \
	{ENDCAP_39} \
	{ENDCAP_43} \
	{ENDCAP_47} \
	{ENDCAP_51} \
	{ENDCAP_55} \
	{ENDCAP_59} \
	{ENDCAP_63} \
	{ENDCAP_67} \
	{ENDCAP_71} \
	{ENDCAP_75} \
	{ENDCAP_79} \
	{ENDCAP_83} \
	{ENDCAP_87} \
	{ENDCAP_91} \
	{ENDCAP_95} \
	{ENDCAP_99} \
	{ENDCAP_103} \
	{ENDCAP_107} \
	{ENDCAP_111} \
	{ENDCAP_115} \
	{ENDCAP_119} \
	{ENDCAP_123} \
	{ENDCAP_127} \
	{ENDCAP_131} \
	{ENDCAP_135} \
	{ENDCAP_139} \
	{ENDCAP_143} \
	{ENDCAP_147} \
	{ENDCAP_151} \
	{ENDCAP_155} \
	{ENDCAP_159} \
	{ENDCAP_163} \
	{ENDCAP_167} \
	{ENDCAP_171} \
	{ENDCAP_175} \
	{ENDCAP_179} \
	{ENDCAP_183} \
	{ENDCAP_187} \
	{ENDCAP_191} \
	{ENDCAP_195} \
	{ENDCAP_199} \
	{ENDCAP_203} \
	{ENDCAP_207} \
	{ENDCAP_211} \
	{ENDCAP_215} \
	{ENDCAP_219} \
	{ENDCAP_223} \
	{ENDCAP_227} \
	{ENDCAP_231} \
	{ENDCAP_235} \
	{ENDCAP_239} \
	{ENDCAP_243} \
	{ENDCAP_247} \
	{ENDCAP_251} \
	{ENDCAP_255} \
	{ENDCAP_259} \
	{ENDCAP_263} \
	{ENDCAP_267} \
	{ENDCAP_271} \
	{ENDCAP_275} \
	{ENDCAP_279} \
	{ENDCAP_283} \
	{ENDCAP_287} \
	{ENDCAP_291} \
	{ENDCAP_295} \
	{ENDCAP_299} \
	{ENDCAP_303} \
	{ENDCAP_307} \
	{ENDCAP_311} \
	{ENDCAP_315} \
	{ENDCAP_319} \
	{ENDCAP_323} \
	{ENDCAP_327} \
	{ENDCAP_331} \
	{ENDCAP_335} \
	{ENDCAP_339} \
	{ENDCAP_343} \
	{ENDCAP_347} \
	{ENDCAP_351} \
	{ENDCAP_355} \
	{ENDCAP_359} \
	{ENDCAP_363} \
	{ENDCAP_367} \
	{ENDCAP_371} \
	{ENDCAP_375} \
	{ENDCAP_379} \
	{ENDCAP_383} \
	{ENDCAP_387} \
	{ENDCAP_391} \
	{ENDCAP_395} \
	{ENDCAP_399} \
	{ENDCAP_403} \
	{ENDCAP_407} \
	{ENDCAP_411} \
	{ENDCAP_415} \
	{ENDCAP_419} \
	{ENDCAP_423} \
	{ENDCAP_427} \
	{ENDCAP_431} \
	{ENDCAP_435} \
	{ENDCAP_439} \
	{ENDCAP_443} \
	{ENDCAP_447} \
	{ENDCAP_451} \
	{ENDCAP_455} \
	{ENDCAP_459} \
	{ENDCAP_463} \
	{ENDCAP_467} \
	{ENDCAP_471} \
	{ENDCAP_475} \
	{ENDCAP_479} \
	{ENDCAP_483} \
	{ENDCAP_487} \
	{ENDCAP_491} \
	{ENDCAP_495} \
	{ENDCAP_499} \
	{ENDCAP_503} \
	{ENDCAP_507} \
	{ENDCAP_511} \
	{ENDCAP_515} \
	{ENDCAP_519} \
	{ENDCAP_523} \
	{ENDCAP_527} \
	{ENDCAP_531} \
	{ENDCAP_535} \
	{ENDCAP_539} \
	{ENDCAP_543} \
	{ENDCAP_547} \
	{ENDCAP_551} \
	{ENDCAP_555} \
	{ENDCAP_559} \
	{ENDCAP_563} \
	{ENDCAP_567} \
	{ENDCAP_571} \
	{ENDCAP_575} \
	{ENDCAP_579} \
	{ENDCAP_583} \
	{ENDCAP_587} \
	{ENDCAP_591} \
	{ENDCAP_595} \
	{ENDCAP_599} \
	{ENDCAP_603} \
	{ENDCAP_607} \
	{ENDCAP_609} \
	{ENDCAP_613} \
	{ENDCAP_615} \
	{ENDCAP_619} \
	{ENDCAP_621} \
	{ENDCAP_625} \
	{ENDCAP_627} \
	{ENDCAP_631} \
	{ENDCAP_633} \
	{ENDCAP_637} \
	{ENDCAP_639} \
	{ENDCAP_643} \
	{ENDCAP_645} \
	{ENDCAP_649} \
	{ENDCAP_651} \
	{ENDCAP_655} \
	{ENDCAP_657} \
	{ENDCAP_661} \
	{ENDCAP_663} \
	{ENDCAP_667} \
	{ENDCAP_669} \
	{ENDCAP_673} \
	{ENDCAP_675} \
	{ENDCAP_679} \
	{ENDCAP_681} \
	{ENDCAP_685} \
	{ENDCAP_687} \
	{ENDCAP_691} \
	{ENDCAP_693} \
	{ENDCAP_697} \
	{ENDCAP_699} \
	{ENDCAP_703} \
	{ENDCAP_705} \
	{ENDCAP_709} \
	{ENDCAP_711} \
	{ENDCAP_715} \
	{ENDCAP_717} \
	{ENDCAP_721} \
	{ENDCAP_723} \
	{ENDCAP_727} \
	{ENDCAP_729} \
	{ENDCAP_733} \
	{ENDCAP_735} \
	{ENDCAP_739} \
	{ENDCAP_741} \
	{ENDCAP_745} \
	{ENDCAP_747} \
	{ENDCAP_751} \
	{ENDCAP_753} \
	{ENDCAP_757} \
	{ENDCAP_759} \
	{ENDCAP_763} \
	{ENDCAP_765} \
	{ENDCAP_769} \
	{ENDCAP_771} \
	{ENDCAP_775} \
	{ENDCAP_777} \
	{ENDCAP_781} \
	{ENDCAP_783} \
	{ENDCAP_787} \
	{ENDCAP_789} \
	{ENDCAP_793} \
	{ENDCAP_795} \
	{ENDCAP_799} \
	{ENDCAP_801} \
	{ENDCAP_805} \
	{ENDCAP_807} \
	{ENDCAP_811} \
	{ENDCAP_813} \
	{ENDCAP_817} \
	{ENDCAP_819} \
	{ENDCAP_823} \
	{ENDCAP_825} \
	{ENDCAP_829} \
	{ENDCAP_831} \
	{ENDCAP_835} \
	{ENDCAP_837} \
	{ENDCAP_841} \
	{ENDCAP_843} \
	{ENDCAP_847} \
	{ENDCAP_851} \
	{ENDCAP_855} \
	{ENDCAP_859} \
	{ENDCAP_863} \
	{ENDCAP_867} \
	{ENDCAP_871} \
	{ENDCAP_875} \
	{ENDCAP_879} \
	{ENDCAP_883} \
	{ENDCAP_887} \
	{ENDCAP_891} \
	{ENDCAP_895} \
	{ENDCAP_899} \
	{ENDCAP_903} \
	{ENDCAP_907} \
	{ENDCAP_911} \
	{ENDCAP_915} \
	{ENDCAP_919} \
	{ENDCAP_923} \
	{ENDCAP_927} \
	{ENDCAP_931} \
	{ENDCAP_935} \
	{ENDCAP_939} \
	{ENDCAP_943} \
	{ENDCAP_947} \
	{ENDCAP_951} \
	{ENDCAP_955} \
	{ENDCAP_959} \
	{ENDCAP_963} \
	{ENDCAP_967} \
	{ENDCAP_971} \
	{ENDCAP_975} \
	{ENDCAP_979} \
	{ENDCAP_983} \
	{ENDCAP_987} \
	{ENDCAP_991} \
	{ENDCAP_995} \
	{ENDCAP_999} \
	{ENDCAP_1003} \
	{ENDCAP_1007} \
	{ENDCAP_1011} \
	{ENDCAP_1015} \
	{ENDCAP_1019} \
	{ENDCAP_1023} \
	{ENDCAP_1027} \
	{ENDCAP_1031} \
	{ENDCAP_1035} \
	{ENDCAP_1039} \
	{ENDCAP_1043} \
	{ENDCAP_1047} \
	{ENDCAP_1051} \
	{ENDCAP_1055} \
	{ENDCAP_1059} \
	{ENDCAP_1063} \
	{ENDCAP_1067} \
	{ENDCAP_1071} \
	{ENDCAP_1075} \
	{ENDCAP_1079} \
	{ENDCAP_1083} \
	{ENDCAP_1087} \
	{ENDCAP_1091} \
	{ENDCAP_1095} \
	{ENDCAP_1099} \
	{ENDCAP_1103} \
	{ENDCAP_1107} \
	{ENDCAP_1111} \
	{ENDCAP_1115} \
	{ENDCAP_1119} \
	{ENDCAP_1123} \
	{ENDCAP_1127} \
	{ENDCAP_1131} \
	{ENDCAP_1135} \
	{ENDCAP_1139} \
	{ENDCAP_1143} \
	{ENDCAP_1147} \
	{ENDCAP_1151} \
	{ENDCAP_1155} \
	{ENDCAP_1159} \
	{ENDCAP_1163} \
	{ENDCAP_1167} \
	{ENDCAP_1171} \
	{ENDCAP_1175} \
	{ENDCAP_1179} \
	{ENDCAP_1183} \
	{ENDCAP_1187} \
	{ENDCAP_1191} \
	{ENDCAP_1195} \
	{ENDCAP_1199} \
	{ENDCAP_1203} \
	{ENDCAP_1207} \
	{ENDCAP_1211} \
	{ENDCAP_1215} \
	{ENDCAP_1219} \
	{ENDCAP_1223} \
	{ENDCAP_1227} \
	{ENDCAP_1231} \
	{ENDCAP_1235} \
	{ENDCAP_1239} \
	{ENDCAP_1243} \
	{ENDCAP_1247} \
	{ENDCAP_1251} \
	{ENDCAP_1255} \
	{ENDCAP_1259} \
	{ENDCAP_1263} \
	{ENDCAP_1267} \
	{ENDCAP_1271} \
	{ENDCAP_1275} \
	{ENDCAP_1279} \
	{ENDCAP_1283} \
	{ENDCAP_1287} \
	{ENDCAP_1291} \
	{ENDCAP_1295} \
	{ENDCAP_1299} \
	{ENDCAP_1303} \
	{ENDCAP_1307} \
	{ENDCAP_1311} \
	{ENDCAP_1315} \
	{ENDCAP_1319} \
	{ENDCAP_1323} \
	{ENDCAP_1327} \
	{ENDCAP_1331} \
	{ENDCAP_1335} \
	{ENDCAP_1339} \
	{ENDCAP_1343} \
	{ENDCAP_1347} \
	{ENDCAP_1351} \
	{ENDCAP_1355} \
	{ENDCAP_1359} \
	{ENDCAP_1363} \
	{ENDCAP_1367} \
	{ENDCAP_1371} \
	{ENDCAP_1375} \
	{ENDCAP_1379} \
	{ENDCAP_1383} \
	{ENDCAP_1387} \
	{ENDCAP_1391} \
	{ENDCAP_1395} \
	{ENDCAP_1399} \
	{ENDCAP_1403} \
	{ENDCAP_1407} \
	{ENDCAP_1411} \
	{ENDCAP_1415} \
	{ENDCAP_1419} \
	{ENDCAP_1423} \
	{ENDCAP_1427} \
	{ENDCAP_1431} \
	{ENDCAP_1435} \
	{ENDCAP_1439} \
	{ENDCAP_1443} \
	{ENDCAP_1447} \
	{ENDCAP_1451} \
	{ENDCAP_1455} \
	{ENDCAP_1459} \
	{ENDCAP_1463} \
	{ENDCAP_1467} \
	{ENDCAP_1471} \
	{ENDCAP_1475} \
	{ENDCAP_1479} \
	{ENDCAP_1483} \
	{ENDCAP_1487} \
	{ENDCAP_1491} \
	{ENDCAP_1495} \
	{ENDCAP_1499} \
	{ENDCAP_1503} \
	{ENDCAP_1507} \
	{ENDCAP_1511} \
	{ENDCAP_1515} \
	{ENDCAP_1519} \
	{ENDCAP_1523} \
	{ENDCAP_1527} \
	{ENDCAP_1531} \
	{ENDCAP_1535} \
	{ENDCAP_1539} \
	{ENDCAP_1543} \
	{ENDCAP_1547} \
	{ENDCAP_1551} \
	{ENDCAP_1555} \
	{ENDCAP_1559} \
	{ENDCAP_1563} \
	{ENDCAP_1567} \
	{ENDCAP_1571} \
	{ENDCAP_1575} \
	{ENDCAP_1579} \
	{ENDCAP_1583} \
	{ENDCAP_1587} \
	{ENDCAP_1591} \
	{ENDCAP_1595} \
	{ENDCAP_1599} \
	{ENDCAP_1603} \
	{ENDCAP_1607} \
	{ENDCAP_1611} \
	{ENDCAP_1615} \
	{ENDCAP_1619} \
	{ENDCAP_1623} \
	{ENDCAP_1627} \
	{ENDCAP_1631} \
	{ENDCAP_1635} \
	{ENDCAP_1639} \
	{ENDCAP_1643} \
	{ENDCAP_1647} \
	{ENDCAP_1651} \
	{ENDCAP_1655} \
	{ENDCAP_1659} \
	{ENDCAP_1663} \
	{ENDCAP_1667} \
	{ENDCAP_1671} \
	{ENDCAP_1675} \
	{ENDCAP_1679} \
	{ENDCAP_1683} \
	{ENDCAP_1687} \
	{ENDCAP_1691} \
	{ENDCAP_1695} \
	{ENDCAP_1699} \
	{ENDCAP_1703} \
	{ENDCAP_1707} \
	{ENDCAP_1711} \
	{ENDCAP_1715} \
	{ENDCAP_1719} \
	{ENDCAP_1723} \
	{ENDCAP_1727} \
	{ENDCAP_1731} \
	{ENDCAP_1735} \
	{ENDCAP_1739} \
	{ENDCAP_1743} \
	{ENDCAP_1747} \
	{ENDCAP_1751} \
	{ENDCAP_1755} \
	{ENDCAP_1759} \
	{ENDCAP_1763} \
	{ENDCAP_1767} \
	{ENDCAP_1771} \
	{ENDCAP_1775} \
	{ENDCAP_1779} \
	{ENDCAP_1783} \
	{ENDCAP_1787} \
	{ENDCAP_1791} \
	{ENDCAP_1795} \
	{ENDCAP_1799} \
	{ENDCAP_1803} \
	{ENDCAP_1807} \
	{ENDCAP_1811} \
	{ENDCAP_1815} \
	{ENDCAP_1819} \
	{ENDCAP_1823} \
	{ENDCAP_1827} \
	{ENDCAP_1831} \
	{ENDCAP_1835} \
	{ENDCAP_1839} \
	{ENDCAP_1843} \
	{ENDCAP_1847} \
	{ENDCAP_1851} \
	{ENDCAP_1855} \
	{ENDCAP_1859} \
	{ENDCAP_1863} \
	{ENDCAP_1867} \
	{ENDCAP_1871} \
	{ENDCAP_1875} \
	{ENDCAP_1879} \
	{ENDCAP_1883} \
	{ENDCAP_1887} \
	{ENDCAP_1891} \
	{ENDCAP_1895} \
	{ENDCAP_1899} \
	{ENDCAP_1903} \
	{ENDCAP_1907} \
	{ENDCAP_1911} \
	{ENDCAP_1915} \
	{ENDCAP_1919} \
	{ENDCAP_1923} \
	{ENDCAP_1927} \
	{ENDCAP_1931} \
	{ENDCAP_1935} \
	{ENDCAP_1939} \
	{ENDCAP_1943} \
	{ENDCAP_1947} \
	{ENDCAP_1951} \
	{ENDCAP_1955} \
	{ENDCAP_1959} \
	{ENDCAP_1963} \
	{ENDCAP_1967} \
	{ENDCAP_1971} \
	{ENDCAP_1975} \
	{ENDCAP_1979} \
	{ENDCAP_1983} \
	{ENDCAP_1987} \
	{ENDCAP_1991} \
	{ENDCAP_1995} \
	{ENDCAP_1999} \
	{ENDCAP_2003} \
	{ENDCAP_2007} \
	{ENDCAP_2011} \
	{ENDCAP_2015} \
	{ENDCAP_2019} \
	{ENDCAP_2023} \
	{ENDCAP_2027} \
	{ENDCAP_2031} \
	{ENDCAP_2035} \
	{ENDCAP_2039} \
	{ENDCAP_2043} \
	{ENDCAP_2047} \
	{ENDCAP_2051} \
	{ENDCAP_2055} \
	{ENDCAP_2059} \
	{ENDCAP_2063} \
	{ENDCAP_2067} \
	{ENDCAP_2071} \
	{ENDCAP_2075} \
	{ENDCAP_2079} \
	{ENDCAP_2083} \
	{ENDCAP_2087} \
	{ENDCAP_2091} \
	{ENDCAP_2095} \
	{ENDCAP_2099} \
	{ENDCAP_2103} \
	{ENDCAP_2107} \
	{ENDCAP_2111} \
	{ENDCAP_2115} \
	{ENDCAP_2119} \
	{ENDCAP_2123} \
	{ENDCAP_2127} \
	{ENDCAP_2131} \
	{ENDCAP_2135} \
	{ENDCAP_2139} \
	{ENDCAP_2143} \
	{ENDCAP_2147} \
	{ENDCAP_2151} \
	{ENDCAP_2155} \
	{ENDCAP_2159} \
	{ENDCAP_2163} \
	{ENDCAP_2167} \
	{ENDCAP_2171} \
	{ENDCAP_2175} \
	{ENDCAP_2179} \
	{ENDCAP_2183} \
	{ENDCAP_2187} \
	{ENDCAP_2191} \
	{ENDCAP_2195} \
	{ENDCAP_2199} \
	{ENDCAP_2203} \
	{ENDCAP_2207} \
	{ENDCAP_2211} \
	{ENDCAP_2215} \
	{ENDCAP_2219} \
	{ENDCAP_2223} \
	{ENDCAP_2227} \
	{ENDCAP_2231} \
	{ENDCAP_2235} \
	{ENDCAP_2239} \
	{ENDCAP_2243} \
	{ENDCAP_2247} \
	{ENDCAP_2251} \
	{ENDCAP_2255} \
	{ENDCAP_2259} \
	{ENDCAP_2263} \
	{ENDCAP_2267} \
	{ENDCAP_2271} \
	{ENDCAP_2275} \
	{ENDCAP_2279} \
	{ENDCAP_2283} \
	{ENDCAP_2287} \
	{ENDCAP_2291} \
	{ENDCAP_2295} \
	{ENDCAP_2299} \
	{ENDCAP_2303} \
	{ENDCAP_2307} \
	{ENDCAP_2311} \
	{ENDCAP_2315} \
	{ENDCAP_2319} \
	{ENDCAP_2323} \
	{ENDCAP_2327} \
	{ENDCAP_2331} \
	{ENDCAP_2335} \
	{ENDCAP_2339} \
	{ENDCAP_2343} \
	{ENDCAP_2347} \
	{ENDCAP_2351} \
	{ENDCAP_2355} \
	{ENDCAP_2359} \
	{ENDCAP_2363} \
	{ENDCAP_2367} \
	{ENDCAP_2371} \
	{ENDCAP_2375} \
	{ENDCAP_2379} \
	{ENDCAP_2383} \
	{ENDCAP_2387} \
	{ENDCAP_2391} \
	{ENDCAP_2395} \
	{ENDCAP_2399} \
	{ENDCAP_2403} \
	{ENDCAP_2407} \
	{ENDCAP_2411} \
	{ENDCAP_2415} \
	{ENDCAP_2419} \
	{ENDCAP_2423} \
	{ENDCAP_2427} \
	{ENDCAP_2431} \
	{ENDCAP_2435} \
	{ENDCAP_2439} \
	{ENDCAP_2443} \
	{ENDCAP_2447} \
	{ENDCAP_2451} \
	{ENDCAP_2455} \
	{ENDCAP_2459} \
	{ENDCAP_2463} \
	{ENDCAP_2467} \
	{ENDCAP_2471} \
	{ENDCAP_2475} \
	{ENDCAP_2479} \
	{ENDCAP_2483} \
	{ENDCAP_2487} \
	{ENDCAP_2491} \
	{ENDCAP_2495} \
	{ENDCAP_2499} \
	{ENDCAP_2503} \
	{ENDCAP_2507} \
	{ENDCAP_2511} \
	{ENDCAP_2515} \
	{ENDCAP_2519} \
	{ENDCAP_2523} \
	{ENDCAP_2527} \
	{ENDCAP_2531} \
	{ENDCAP_2535} \
	{ENDCAP_2539} \
	{ENDCAP_2543} \
	{ENDCAP_2547} \
	{ENDCAP_2551} \
	{ENDCAP_2555} \
	{ENDCAP_2559} \
	{ENDCAP_2563} \
	{ENDCAP_2567} \
	{ENDCAP_2571} \
	{ENDCAP_2575} \
	{ENDCAP_2579} \
	{ENDCAP_2583} \
	{ENDCAP_2587} \
	{ENDCAP_2591} \
	{ENDCAP_2595} \
	{ENDCAP_2599} \
	{ENDCAP_2603} \
	{ENDCAP_2607} \
	{ENDCAP_2611} \
	{ENDCAP_2615} \
	{ENDCAP_2619} \
	{ENDCAP_2623} \
	{ENDCAP_2627} \
	{ENDCAP_2631} \
	{ENDCAP_2635} \
	{ENDCAP_2639} \
	{ENDCAP_2643} \
	{ENDCAP_2647} \
	{ENDCAP_2651} \
	{ENDCAP_2655} \
	{ENDCAP_2659} \
	{ENDCAP_2663} \
	{ENDCAP_2667} \
	{ENDCAP_2671} \
	{ENDCAP_2675} \
	{ENDCAP_2679} \
	{ENDCAP_2683} \
	{ENDCAP_2687} \
	{ENDCAP_2691} \
	{ENDCAP_2695} \
	{ENDCAP_2699} \
	{ENDCAP_2703} \
	{ENDCAP_2707} \
	{ENDCAP_2711} \
	{ENDCAP_2715} \
	{ENDCAP_2719} \
	{ENDCAP_2723} \
	{ENDCAP_2727} \
	{ENDCAP_2731} \
	{ENDCAP_2735} \
	{ENDCAP_2739} \
	{ENDCAP_2743} \
	{ENDCAP_2747} \
	{ENDCAP_2751} \
	{ENDCAP_2755} \
	{ENDCAP_2759} \
	{ENDCAP_2763} \
	{ENDCAP_2767} \
	{ENDCAP_2771} \
	{ENDCAP_2775} \
	{ENDCAP_2779} \
	{ENDCAP_2783} \
	{ENDCAP_2787} \
	{ENDCAP_2791} \
	{ENDCAP_2795} \
	{ENDCAP_2799} \
	{ENDCAP_2803} \
	{ENDCAP_2807} \
	{ENDCAP_2811} \
	{ENDCAP_2815} \
	{ENDCAP_2819} \
	{ENDCAP_2823} \
	{ENDCAP_2827} \
	{ENDCAP_2831} \
	{ENDCAP_2835} \
	{ENDCAP_2839} \
	{ENDCAP_2843} \
	{ENDCAP_2847} \
	{ENDCAP_2851} \
	{ENDCAP_2855} \
	{ENDCAP_2859} \
	{ENDCAP_2863} \
	{ENDCAP_2867} \
	{ENDCAP_2871} \
	{ENDCAP_2875} \
	{ENDCAP_2879} \
	{ENDCAP_2883} \
	{ENDCAP_2887} \
	{ENDCAP_2891} \
	{ENDCAP_2895} \
	{ENDCAP_2899} \
	{ENDCAP_2903} \
	{ENDCAP_2907} \
	{ENDCAP_2911} \
	{ENDCAP_2915} \
	{ENDCAP_2919} \
	{ENDCAP_2923} \
	{ENDCAP_2927} \
	{ENDCAP_2931} \
	{ENDCAP_2935} \
	{ENDCAP_2939} \
	{ENDCAP_2943} \
	{ENDCAP_2947} \
	{ENDCAP_2951} \
	{ENDCAP_2955} \
	{ENDCAP_2959} \
	{ENDCAP_2963} \
	{ENDCAP_2967} \
	{ENDCAP_2971} \
	{ENDCAP_2975} \
	{ENDCAP_2979} \
	{ENDCAP_2983} \
	{ENDCAP_2987} \
	{ENDCAP_2991} \
	{ENDCAP_2995} \
	{ENDCAP_2999} \
	{ENDCAP_3003} \
	{ENDCAP_3007} \
	{ENDCAP_3011} \
	{ENDCAP_3015} \
	{ENDCAP_3019} \
	{ENDCAP_3023} \
	{ENDCAP_3027} \
	{ENDCAP_3031} \
	{ENDCAP_3035} \
	{ENDCAP_3039} \
	{ENDCAP_3043} \
	{ENDCAP_3047} \
	{ENDCAP_3051} \
	{ENDCAP_3055} \
	{ENDCAP_3059} \
	{ENDCAP_3063} \
	{ENDCAP_3065} \
	{ENDCAP_3069} \
	{ENDCAP_3071} \
	{ENDCAP_3075} \
	{ENDCAP_3077} \
	{ENDCAP_3081} \
	{ENDCAP_3083} \
	{ENDCAP_3087} \
	{ENDCAP_3089} \
	{ENDCAP_3093} \
	{ENDCAP_3095} \
	{ENDCAP_3099} \
	{ENDCAP_3101} \
	{ENDCAP_3105} \
	{ENDCAP_3107} \
	{ENDCAP_3111} \
	{ENDCAP_3113} \
	{ENDCAP_3117} \
	{ENDCAP_3119} \
	{ENDCAP_3123} \
	{ENDCAP_3125} \
	{ENDCAP_3129} \
	{ENDCAP_3131} \
	{ENDCAP_3135} \
	{ENDCAP_3137} \
	{ENDCAP_3141} \
	{ENDCAP_3143} \
	{ENDCAP_3147} \
	{ENDCAP_3149} \
	{ENDCAP_3153} \
	{ENDCAP_3155} \
	{ENDCAP_3159} \
	{ENDCAP_3161} \
	{ENDCAP_3165} \
	{ENDCAP_3167} \
	{ENDCAP_3171} \
	{ENDCAP_3173} \
	{ENDCAP_3177} \
	{ENDCAP_3179} \
	{ENDCAP_3183} \
	{ENDCAP_3185} \
	{ENDCAP_3189} \
	{ENDCAP_3191} \
	{ENDCAP_3195} \
	{ENDCAP_3197} \
	{ENDCAP_3201} \
	{ENDCAP_3203} \
	{ENDCAP_3207} \
	{ENDCAP_3209} \
	{ENDCAP_3213} \
	{ENDCAP_3215} \
	{ENDCAP_3219} \
	{ENDCAP_3221} \
	{ENDCAP_3225} \
	{ENDCAP_3227} \
	{ENDCAP_3231} \
	{ENDCAP_3233} \
	{ENDCAP_3237} \
	{ENDCAP_3239} \
	{ENDCAP_3243} \
	{ENDCAP_3245} \
	{ENDCAP_3249} \
	{ENDCAP_3251} \
	{ENDCAP_3255} \
	{ENDCAP_3257} \
	{ENDCAP_3261} \
	{ENDCAP_3263} \
	{ENDCAP_3267} \
	{ENDCAP_3269} \
	{ENDCAP_3273} \
	{ENDCAP_3275} \
	{ENDCAP_3279} \
	{ENDCAP_3281} \
	{ENDCAP_3285} \
	{ENDCAP_3287} \
	{ENDCAP_3291} \
	{ENDCAP_3293} \
	{ENDCAP_3297} \
	{ENDCAP_3299} \
	{ENDCAP_3303} \
	{ENDCAP_3305} \
	{ENDCAP_3309} \
	{ENDCAP_3311} \
	{ENDCAP_3315} \
	{ENDCAP_3317} \
	{ENDCAP_3321} \
	{ENDCAP_3323} \
	{ENDCAP_3327} \
	{ENDCAP_3329} \
	{ENDCAP_3333} \
	{ENDCAP_3335} \
	{ENDCAP_3339} \
	{ENDCAP_3341} \
	{ENDCAP_3345} \
	{ENDCAP_3347} \
	{ENDCAP_3351} \
	{ENDCAP_3353} \
	{ENDCAP_3357} \
	{ENDCAP_3359} \
	{ENDCAP_3363} \
	{ENDCAP_3365} \
	{ENDCAP_3369} \
	{ENDCAP_3371} \
	{ENDCAP_3375} \
	{ENDCAP_3377} \
	{ENDCAP_3381} \
	{ENDCAP_3383} \
	{ENDCAP_3387} \
	{ENDCAP_3389} \
	{ENDCAP_3393} \
	{ENDCAP_3395} \
	{ENDCAP_3399} \
	{ENDCAP_3401} \
	{ENDCAP_3405} \
	{ENDCAP_3407} \
	{ENDCAP_3411} \
	{ENDCAP_3413} \
	{ENDCAP_3417} \
	{ENDCAP_3419} \
	{ENDCAP_3423} \
	{ENDCAP_3425} \
	{ENDCAP_3429} \
	{ENDCAP_3431} \
	{ENDCAP_3435} \
	{ENDCAP_3437} \
	{ENDCAP_3441} \
	{ENDCAP_3443} \
	{ENDCAP_3447} \
	{ENDCAP_3449} \
	{ENDCAP_3453} \
	{ENDCAP_3455} \
	{ENDCAP_3459} \
	{ENDCAP_3461} \
	{ENDCAP_3465} \
	{ENDCAP_3467} \
	{ENDCAP_3471} \
	{ENDCAP_3473} \
	{ENDCAP_3477} \
	{ENDCAP_3479} \
	{ENDCAP_3483} \
	{ENDCAP_3485} \
	{ENDCAP_3489} \
	{ENDCAP_3491} \
	{ENDCAP_3495} \
	{ENDCAP_3497} \
	{ENDCAP_3501} \
	{ENDCAP_3503} \
	{ENDCAP_3507} \
	{ENDCAP_3509} \
	{ENDCAP_3513} \
	{ENDCAP_3515} \
	{ENDCAP_3519} \
	{ENDCAP_3521} \
	{ENDCAP_3525} \
	{ENDCAP_3527} \
	{ENDCAP_3531} \
	{ENDCAP_3533} \
	{ENDCAP_3537} \
	{ENDCAP_3539} \
	{ENDCAP_3543} \
	{ENDCAP_3545} \
	{ENDCAP_3549} \
	{ENDCAP_3551} \
	{ENDCAP_3555} \
	{ENDCAP_3557} \
	{ENDCAP_3561} \
	{ENDCAP_3563} \
	{ENDCAP_3567} \
	{ENDCAP_3569} \
	{ENDCAP_3573} \
	{ENDCAP_3575} \
	{ENDCAP_3579} \
	{ENDCAP_3581} \
	{ENDCAP_3585} \
	{ENDCAP_3587} \
	{ENDCAP_3591} \
	{ENDCAP_3593} \
	{ENDCAP_3597} \
	{ENDCAP_3599} \
	{ENDCAP_3603} \
	{ENDCAP_3607} \
	{ENDCAP_3611} \
	{ENDCAP_3615} \
	{ENDCAP_3619} \
	{ENDCAP_3623} \
	{ENDCAP_3627} \
	{ENDCAP_3631} \
	{ENDCAP_3635} \
	{ENDCAP_3639} \
	{ENDCAP_3643} \
	{ENDCAP_3647} \
	{ENDCAP_3651} \
	{ENDCAP_3655} \
	{ENDCAP_3659} \
	{ENDCAP_3663} \
	{ENDCAP_3667} \
	{ENDCAP_3671} \
	{ENDCAP_3675} \
	{ENDCAP_3679} \
	{ENDCAP_3683} \
	{ENDCAP_3687} \
	{ENDCAP_3691} \
	{ENDCAP_3695} \
	{ENDCAP_3699} \
	{ENDCAP_3703} \
	{ENDCAP_3707} \
	{ENDCAP_3711} \
	{ENDCAP_3715} \
	{ENDCAP_3719} \
	{ENDCAP_3723} \
	{ENDCAP_3727} \
	{ENDCAP_3731} \
	{ENDCAP_3735} \
	{ENDCAP_3739} \
	{ENDCAP_3743} \
	{ENDCAP_3747} \
	{ENDCAP_3751} \
	{ENDCAP_3755} \
	{ENDCAP_3759} \
	{ENDCAP_3763} \
	{ENDCAP_3767} \
	{ENDCAP_3771} \
	{ENDCAP_3775} \
	{ENDCAP_3779} \
	{ENDCAP_3783} \
	{ENDCAP_3787} \
	{ENDCAP_3791} \
	{ENDCAP_3795} \
	{ENDCAP_3799} \
	{ENDCAP_3803} \
	{ENDCAP_3807} \
	{ENDCAP_3811} \
	{ENDCAP_3815} \
	{ENDCAP_3819} \
	{ENDCAP_3823} \
	{ENDCAP_3827} \
	{ENDCAP_3831} \
	{ENDCAP_3835} \
	{ENDCAP_3839} \
	{ENDCAP_3843} \
	{ENDCAP_3847} \
	{ENDCAP_3851} \
	{ENDCAP_3855} \
	{ENDCAP_3859} \
	{ENDCAP_3863} \
	{ENDCAP_3867} \
	{ENDCAP_3871} \
	{ENDCAP_3875} \
	{ENDCAP_3879} \
	{ENDCAP_3883} \
	{ENDCAP_3887} \
	{ENDCAP_3891} \
	{ENDCAP_3895} \
	{ENDCAP_3899} \
	{ENDCAP_3903} \
	{ENDCAP_3907} \
	{ENDCAP_3911} \
	{ENDCAP_3915} \
	{ENDCAP_3919} \
	{ENDCAP_3923} \
	{ENDCAP_3927} \
	{ENDCAP_3931} \
	{ENDCAP_3935} \
	{ENDCAP_3939} \
	{ENDCAP_3943} \
	{ENDCAP_3947} \
	{ENDCAP_3951} \
	{ENDCAP_3955} \
	{ENDCAP_3959} \
	{ENDCAP_3963} \
	{ENDCAP_3967} \
	{ENDCAP_3971} \
	{ENDCAP_3975} \
	{ENDCAP_3979} \
	{ENDCAP_3983} \
	{ENDCAP_3987} \
	{ENDCAP_3991} \
	{WELLTAP_410} \
	{WELLTAP_414} \
	{WELLTAP_418} \
	{WELLTAP_425} \
	{WELLTAP_426} \
	{WELLTAP_427} \
	{WELLTAP_430} \
	{WELLTAP_432} \
	{WELLTAP_455} \
	{WELLTAP_458} \
	{WELLTAP_463} \
	{WELLTAP_464} \
	{WELLTAP_487} \
	{WELLTAP_528} \
	{WELLTAP_569} \
	{WELLTAP_610} \
	{WELLTAP_651} \
	{WELLTAP_692} \
	{WELLTAP_733} \
	{WELLTAP_774} \
	{WELLTAP_815} \
	{WELLTAP_856} \
	{WELLTAP_897} \
	{WELLTAP_938} \
	{WELLTAP_979} \
	{WELLTAP_1020} \
	{WELLTAP_1061} \
	{WELLTAP_1102} \
	{WELLTAP_1143} \
	{WELLTAP_1184} \
	{WELLTAP_1225} \
	{WELLTAP_1266} \
	{WELLTAP_1307} \
	{WELLTAP_1348} \
	{WELLTAP_1389} \
	{WELLTAP_1430} \
	{WELLTAP_1471} \
	{WELLTAP_1512} \
	{WELLTAP_1553} \
	{WELLTAP_1594} \
	{WELLTAP_1635} \
	{WELLTAP_1676} \
	{WELLTAP_1717} \
	{WELLTAP_1758} \
	{WELLTAP_1799} \
	{WELLTAP_1840} \
	{WELLTAP_1881} \
	{WELLTAP_1922} \
	{WELLTAP_1963} \
	{WELLTAP_2004} \
	{WELLTAP_2045} \
	{WELLTAP_2086} \
	{WELLTAP_2127} \
	{WELLTAP_2168} \
	{WELLTAP_2209} \
	{WELLTAP_2250} \
	{WELLTAP_2291} \
	{WELLTAP_2332} \
	{WELLTAP_2373} \
	{WELLTAP_2414} \
	{WELLTAP_2455} \
	{WELLTAP_2496} \
	{WELLTAP_2537} \
	{WELLTAP_2578} \
	{WELLTAP_2619} \
	{WELLTAP_2660} \
	{WELLTAP_2701} \
	{WELLTAP_2742} \
	{WELLTAP_2783} \
	{WELLTAP_2824} \
	{WELLTAP_2865} \
	{WELLTAP_2906} \
	{WELLTAP_2947} \
	{WELLTAP_2988} \
	{WELLTAP_3029} \
	{WELLTAP_3070} \
	{WELLTAP_3111} \
	{WELLTAP_3152} \
	{WELLTAP_3193} \
	{WELLTAP_3234} \
	{WELLTAP_3275} \
	{WELLTAP_3316} \
	{WELLTAP_3357} \
	{WELLTAP_3398} \
	{WELLTAP_3439} \
	{WELLTAP_3480} \
	{WELLTAP_3520} \
	{WELLTAP_3522} \
	{WELLTAP_3531} \
	{WELLTAP_3533} \
	{WELLTAP_3542} \
	{WELLTAP_3544} \
	{WELLTAP_3553} \
	{WELLTAP_3555} \
	{WELLTAP_3564} \
	{WELLTAP_3566} \
	{WELLTAP_3575} \
	{WELLTAP_3577} \
	{WELLTAP_3586} \
	{WELLTAP_3588} \
	{WELLTAP_3597} \
	{WELLTAP_3599} \
	{WELLTAP_3608} \
	{WELLTAP_3610} \
	{WELLTAP_3619} \
	{WELLTAP_3621} \
	{WELLTAP_3630} \
	{WELLTAP_3632} \
	{WELLTAP_3641} \
	{WELLTAP_3643} \
	{WELLTAP_3652} \
	{WELLTAP_3654} \
	{WELLTAP_3663} \
	{WELLTAP_3665} \
	{WELLTAP_3674} \
	{WELLTAP_3676} \
	{WELLTAP_3685} \
	{WELLTAP_3687} \
	{WELLTAP_3696} \
	{WELLTAP_3698} \
	{WELLTAP_3707} \
	{WELLTAP_3709} \
	{WELLTAP_3718} \
	{WELLTAP_3720} \
	{WELLTAP_3729} \
	{WELLTAP_3731} \
	{WELLTAP_3741} \
	{WELLTAP_3745} \
	{WELLTAP_3749} \
	{WELLTAP_3756} \
	{WELLTAP_3757} \
	{WELLTAP_3758} \
	{WELLTAP_3761} \
	{WELLTAP_3763} \
	{WELLTAP_3786} \
	{WELLTAP_3789} \
	{WELLTAP_3794} \
	{WELLTAP_3795} \
	{WELLTAP_3801} \
	{WELLTAP_3872} \
	{WELLTAP_3943} \
	{WELLTAP_4014} \
	{WELLTAP_4085} \
	{WELLTAP_4156} \
	{WELLTAP_4227} \
	{WELLTAP_4298} \
	{WELLTAP_4369} \
	{WELLTAP_4440} \
	{WELLTAP_4511} \
	{WELLTAP_4582} \
	{WELLTAP_4653} \
	{WELLTAP_4724} \
	{WELLTAP_4795} \
	{WELLTAP_4866} \
	{WELLTAP_4937} \
	{WELLTAP_5008} \
	{WELLTAP_5079} \
	{WELLTAP_5150} \
	{WELLTAP_5221} \
	{WELLTAP_5292} \
	{WELLTAP_5363} \
	{WELLTAP_5434} \
	{WELLTAP_5505} \
	{WELLTAP_5576} \
	{WELLTAP_5647} \
	{WELLTAP_5718} \
	{WELLTAP_5789} \
	{WELLTAP_5860} \
	{WELLTAP_5931} \
	{WELLTAP_6002} \
	{WELLTAP_6073} \
	{WELLTAP_6144} \
	{WELLTAP_6215} \
	{WELLTAP_6286} \
	{WELLTAP_6357} \
	{WELLTAP_6428} \
	{WELLTAP_6499} \
	{WELLTAP_6570} \
	{WELLTAP_6641} \
	{WELLTAP_6712} \
	{WELLTAP_6783} \
	{WELLTAP_6854} \
	{WELLTAP_6925} \
	{WELLTAP_6996} \
	{WELLTAP_7067} \
	{WELLTAP_7138} \
	{WELLTAP_7209} \
	{WELLTAP_7280} \
	{WELLTAP_7351} \
	{WELLTAP_7422} \
	{WELLTAP_7493} \
	{WELLTAP_7564} \
	{WELLTAP_7635} \
	{WELLTAP_7706} \
	{WELLTAP_7777} \
	{WELLTAP_7848} \
	{WELLTAP_7919} \
	{WELLTAP_7990} \
	{WELLTAP_8061} \
	{WELLTAP_8132} \
	{WELLTAP_8203} \
	{WELLTAP_8274} \
	{WELLTAP_8345} \
	{WELLTAP_8416} \
	{WELLTAP_8487} \
	{WELLTAP_8558} \
	{WELLTAP_8629} \
	{WELLTAP_8700} \
	{WELLTAP_8771} \
	{WELLTAP_8842} \
	{WELLTAP_8913} \
	{WELLTAP_8984} \
	{WELLTAP_9055} \
	{WELLTAP_9126} \
	{WELLTAP_9197} \
	{WELLTAP_9268} \
	{WELLTAP_9339} \
	{WELLTAP_9410} \
	{WELLTAP_9481} \
	{WELLTAP_9552} \
	{WELLTAP_9623} \
	{WELLTAP_9694} \
	{WELLTAP_9765} \
	{WELLTAP_9836} \
	{WELLTAP_9907} \
	{WELLTAP_9978} \
	{WELLTAP_10049} \
	{WELLTAP_10120} \
	{WELLTAP_10191} \
	{WELLTAP_10262} \
	{WELLTAP_10333} \
	{WELLTAP_10404} \
	{WELLTAP_10475} \
	{WELLTAP_10546} \
	{WELLTAP_10617} \
	{WELLTAP_10688} \
	{WELLTAP_10759} \
	{WELLTAP_10830} \
	{WELLTAP_10901} \
	{WELLTAP_10972} \
	{WELLTAP_11043} \
	{WELLTAP_11114} \
	{WELLTAP_11185} \
	{WELLTAP_11256} \
	{WELLTAP_11327} \
	{WELLTAP_11398} \
	{WELLTAP_11469} \
	{WELLTAP_11540} \
	{WELLTAP_11611} \
	{WELLTAP_11682} \
	{WELLTAP_11753} \
	{WELLTAP_11824} \
	{WELLTAP_11895} \
	{WELLTAP_11966} \
	{WELLTAP_12037} \
	{WELLTAP_12108} \
	{WELLTAP_12179} \
	{WELLTAP_12250} \
	{WELLTAP_12321} \
	{WELLTAP_12392} \
	{WELLTAP_12463} \
	{WELLTAP_12534} \
	{WELLTAP_12605} \
	{WELLTAP_12676} \
	{WELLTAP_12747} \
	{WELLTAP_12818} \
	{WELLTAP_12889} \
	{WELLTAP_12960} \
	{WELLTAP_13031} \
	{WELLTAP_13102} \
	{WELLTAP_13173} \
	{WELLTAP_13244} \
	{WELLTAP_13315} \
	{WELLTAP_13386} \
	{WELLTAP_13457} \
	{WELLTAP_13528} \
	{WELLTAP_13599} \
	{WELLTAP_13670} \
	{WELLTAP_13741} \
	{WELLTAP_13812} \
	{WELLTAP_13883} \
	{WELLTAP_13954} \
	{WELLTAP_14025} \
	{WELLTAP_14096} \
	{WELLTAP_14167} \
	{WELLTAP_14238} \
	{WELLTAP_14309} \
	{WELLTAP_14380} \
	{WELLTAP_14451} \
	{WELLTAP_14522} \
	{WELLTAP_14593} \
	{WELLTAP_14664} \
	{WELLTAP_14735} \
	{WELLTAP_14806} \
	{WELLTAP_14877} \
	{WELLTAP_14948} \
	{WELLTAP_15019} \
	{WELLTAP_15090} \
	{WELLTAP_15161} \
	{WELLTAP_15232} \
	{WELLTAP_15303} \
	{WELLTAP_15374} \
	{WELLTAP_15445} \
	{WELLTAP_15516} \
	{WELLTAP_15587} \
	{WELLTAP_15658} \
	{WELLTAP_15729} \
	{WELLTAP_15800} \
	{WELLTAP_15871} \
	{WELLTAP_15942} \
	{WELLTAP_16013} \
	{WELLTAP_16084} \
	{WELLTAP_16155} \
	{WELLTAP_16226} \
	{WELLTAP_16297} \
	{WELLTAP_16368} \
	{WELLTAP_16439} \
	{WELLTAP_16510} \
	{WELLTAP_16581} \
	{WELLTAP_16652} \
	{WELLTAP_16723} \
	{WELLTAP_16794} \
	{WELLTAP_16865} \
	{WELLTAP_16936} \
	{WELLTAP_17007} \
	{WELLTAP_17078} \
	{WELLTAP_17149} \
	{WELLTAP_17220} \
	{WELLTAP_17291} \
	{WELLTAP_17362} \
	{WELLTAP_17433} \
	{WELLTAP_17504} \
	{WELLTAP_17575} \
	{WELLTAP_17646} \
	{WELLTAP_17717} \
	{WELLTAP_17788} \
	{WELLTAP_17859} \
	{WELLTAP_17930} \
	{WELLTAP_18001} \
	{WELLTAP_18072} \
	{WELLTAP_18143} \
	{WELLTAP_18214} \
	{WELLTAP_18285} \
	{WELLTAP_18356} \
	{WELLTAP_18427} \
	{WELLTAP_18498} \
	{WELLTAP_18569} \
	{WELLTAP_18640} \
	{WELLTAP_18711} \
	{WELLTAP_18782} \
	{WELLTAP_18853} \
	{WELLTAP_18924} \
	{WELLTAP_18995} \
	{WELLTAP_19066} \
	{WELLTAP_19137} \
	{WELLTAP_19208} \
	{WELLTAP_19279} \
	{WELLTAP_19350} \
	{WELLTAP_19421} \
	{WELLTAP_19492} \
	{WELLTAP_19563} \
	{WELLTAP_19634} \
	{WELLTAP_19705} \
	{WELLTAP_19776} \
	{WELLTAP_19847} \
	{WELLTAP_19918} \
	{WELLTAP_19989} \
	{WELLTAP_20060} \
	{WELLTAP_20131} \
	{WELLTAP_20202} \
	{WELLTAP_20273} \
	{WELLTAP_20344} \
	{WELLTAP_20415} \
	{WELLTAP_20486} \
	{WELLTAP_20557} \
	{WELLTAP_20628} \
	{WELLTAP_20699} \
	{WELLTAP_20770} \
	{WELLTAP_20841} \
	{WELLTAP_20912} \
	{WELLTAP_20983} \
	{WELLTAP_21054} \
	{WELLTAP_21125} \
	{WELLTAP_21196} \
	{WELLTAP_21267} \
	{WELLTAP_21338} \
	{WELLTAP_21409} \
	{WELLTAP_21480} \
	{WELLTAP_21551} \
	{WELLTAP_21622} \
	{WELLTAP_21693} \
	{WELLTAP_21764} \
	{WELLTAP_21835} \
	{WELLTAP_21906} \
	{WELLTAP_21977} \
	{WELLTAP_22048} \
	{WELLTAP_22119} \
	{WELLTAP_22190} \
	{WELLTAP_22261} \
	{WELLTAP_22332} \
	{WELLTAP_22403} \
	{WELLTAP_22474} \
	{WELLTAP_22545} \
	{WELLTAP_22616} \
	{WELLTAP_22687} \
	{WELLTAP_22758} \
	{WELLTAP_22829} \
	{WELLTAP_22900} \
	{WELLTAP_22971} \
	{WELLTAP_23042} \
	{WELLTAP_23113} \
	{WELLTAP_23184} \
	{WELLTAP_23255} \
	{WELLTAP_23326} \
	{WELLTAP_23397} \
	{WELLTAP_23404} \
	{WELLTAP_23408} \
	{WELLTAP_23412} \
	{WELLTAP_23419} \
	{WELLTAP_23420} \
	{WELLTAP_23421} \
	{WELLTAP_23424} \
	{WELLTAP_23426} \
	{WELLTAP_23449} \
	{WELLTAP_23452} \
	{WELLTAP_23457} \
	{WELLTAP_23458} \
	{WELLTAP_23469} \
	{WELLTAP_23471} \
	{WELLTAP_23480} \
	{WELLTAP_23482} \
	{WELLTAP_23491} \
	{WELLTAP_23493} \
	{WELLTAP_23502} \
	{WELLTAP_23504} \
	{WELLTAP_23513} \
	{WELLTAP_23515} \
	{WELLTAP_23524} \
	{WELLTAP_23526} \
	{WELLTAP_23535} \
	{WELLTAP_23537} \
	{WELLTAP_23546} \
	{WELLTAP_23548} \
	{WELLTAP_23557} \
	{WELLTAP_23559} \
	{WELLTAP_23568} \
	{WELLTAP_23570} \
	{WELLTAP_23579} \
	{WELLTAP_23581} \
	{WELLTAP_23590} \
	{WELLTAP_23592} \
	{WELLTAP_23601} \
	{WELLTAP_23603} \
	{WELLTAP_23612} \
	{WELLTAP_23614} \
	{WELLTAP_23623} \
	{WELLTAP_23625} \
	{WELLTAP_23634} \
	{WELLTAP_23636} \
	{WELLTAP_23645} \
	{WELLTAP_23647} \
	{WELLTAP_23656} \
	{WELLTAP_23658} \
	{WELLTAP_23667} \
	{WELLTAP_23669} \
	{WELLTAP_23678} \
	{WELLTAP_23680} \
	{WELLTAP_23689} \
	{WELLTAP_23691} \
	{WELLTAP_23700} \
	{WELLTAP_23702} \
	{WELLTAP_23711} \
	{WELLTAP_23713} \
	{WELLTAP_23722} \
	{WELLTAP_23724} \
	{WELLTAP_23733} \
	{WELLTAP_23735} \
	{WELLTAP_23744} \
	{WELLTAP_23746} \
	{WELLTAP_23755} \
	{WELLTAP_23757} \
	{WELLTAP_23766} \
	{WELLTAP_23768} \
	{WELLTAP_23777} \
	{WELLTAP_23779} \
	{WELLTAP_23788} \
	{WELLTAP_23790} \
	{WELLTAP_23799} \
	{WELLTAP_23801} \
	{WELLTAP_23810} \
	{WELLTAP_23812} \
	{WELLTAP_23821} \
	{WELLTAP_23823} \
	{WELLTAP_23832} \
	{WELLTAP_23834} \
	{WELLTAP_23843} \
	{WELLTAP_23845} \
	{WELLTAP_23854} \
	{WELLTAP_23856} \
	{WELLTAP_23865} \
	{WELLTAP_23867} \
	{WELLTAP_23876} \
	{WELLTAP_23878} \
	{WELLTAP_23887} \
	{WELLTAP_23889} \
	{WELLTAP_23898} \
	{WELLTAP_23900} \
	{WELLTAP_23909} \
	{WELLTAP_23911} \
	{WELLTAP_23920} \
	{WELLTAP_23922} \
	{WELLTAP_23931} \
	{WELLTAP_23933} \
	{WELLTAP_23942} \
	{WELLTAP_23944} \
	{WELLTAP_23953} \
	{WELLTAP_23955} \
	{WELLTAP_23997} \
	{WELLTAP_24038} \
	{WELLTAP_24079} \
	{WELLTAP_24120} \
	{WELLTAP_24161} \
	{WELLTAP_24202} \
	{WELLTAP_24243} \
	{WELLTAP_24284} \
	{WELLTAP_24325} \
	{WELLTAP_24366} \
	{WELLTAP_24407} \
	{WELLTAP_24448} \
	{WELLTAP_24489} \
	{WELLTAP_24530} \
	{WELLTAP_24571} \
	{WELLTAP_24612} \
	{WELLTAP_24653} \
	{WELLTAP_24694} \
	{WELLTAP_24735} \
	{WELLTAP_24776} \
	{WELLTAP_24817} \
	{WELLTAP_24858} \
	{WELLTAP_24899} \
	{WELLTAP_24940} \
	{WELLTAP_24981} \
	{WELLTAP_25022} \
	{WELLTAP_25063} \
	{WELLTAP_25104} \
	{WELLTAP_25145} \
	{WELLTAP_25186} \
	{WELLTAP_25227} \
	{WELLTAP_25268} \
	{WELLTAP_25309} \
	{WELLTAP_25350} \
	{WELLTAP_25391} \
	{WELLTAP_25432} \
	{WELLTAP_25473} \
	{WELLTAP_25514} \
	{WELLTAP_25555} \
	{WELLTAP_25596} \
	{WELLTAP_25637} \
	{WELLTAP_25678} \
	{WELLTAP_25719} \
	{WELLTAP_25760} \
	{WELLTAP_25801} \
	{WELLTAP_25842} \
	{WELLTAP_25883} \
	{WELLTAP_25924} \
	{WELLTAP_25965} \
	{WELLTAP_25990} \
	{WELLTAP_25994} \
	{WELLTAP_25998} \
	{WELLTAP_26005} \
	{WELLTAP_26006} \
	{WELLTAP_26007} \
	{WELLTAP_26010} \
	{WELLTAP_26012} \
	{WELLTAP_26035} \
	{WELLTAP_26038} \
	{WELLTAP_26043} \
	{WELLTAP_26044} \
	]

## Summary: 
#########################################################
## Number of Placed Instances = 57165
##   of which 30428 are fixed.
## Number of Unplaced Instances = 0
## Placement Density:5.42%(96134/1772065)
## Placement Density (including fixed std cells):6.58%(118040/1793971)
