###############################################################
#  Generated by:      Cadence Innovus 21.15-s110_1
#  OS:                Linux x86_64(Host ID ip-10-70-165-27.il-central-1.compute.internal)
#  Generated on:      Wed Feb 12 20:22:06 2025
#  Design:            lp_riscv_top
#  Command:           report_timing > $rpt_dir/report_timing.rpt
###############################################################
Path 1: VIOLATED (-0.001 ns) Setup Check with Pin lp_riscv/i_riscv_core_id_stage_i_alu_operand_b_ex_o_reg[26]/CK->D
               View: wc_analysis_view
              Group: reg2reg
         Startpoint: (R) lp_riscv/i_riscv_core_id_stage_i_alu_operator_ex_o_reg[2]/CK
              Clock: (R) CLK
           Endpoint: (F) lp_riscv/i_riscv_core_id_stage_i_alu_operand_b_ex_o_reg[26]/D
              Clock: (R) CLK

                       Capture       Launch
         Clock Edge:+    6.300        0.000
        Src Latency:+    0.000        0.000
        Net Latency:+    0.000 (I)    0.000 (I)
            Arrival:=    6.300        0.000

              Setup:-    0.103
        Uncertainty:-    0.125
        Cppr Adjust:+    0.000
      Required Time:=    6.072
       Launch Clock:=    0.000
          Data Path:+    6.073
              Slack:=   -0.001

#-----------------------------------------------------------------------------------------------------------------------------------------------------------------
# Timing Point                                                                              Flags  Arc     Edge  Cell               Fanout  Trans   Delay  Arrival  
#                                                                                                                                            (ns)    (ns)     (ns)  
#-----------------------------------------------------------------------------------------------------------------------------------------------------------------
  lp_riscv/i_riscv_core_id_stage_i_alu_operator_ex_o_reg[2]/CK                              -      CK      R     (arrival)              52  0.000       -    0.000  
  lp_riscv/i_riscv_core_id_stage_i_alu_operator_ex_o_reg[2]/QN                              -      CK->QN  R     DFFRPQN_X3M_A9TL        1  0.000   0.300    0.300  
  lp_riscv/placement_opt_inst_FE_OCPC6587_n_7786/Y                                          -      A->Y    F     INV_X7P5M_A9TL          9  0.125   0.083    0.383  
  lp_riscv/placement_opt_inst_FE_OCPC6590_n_7786/Y                                          -      A->Y    R     INV_X6M_A9TL            1  0.072   0.047    0.430  
  lp_riscv/g77484/Y                                                                         -      A->Y    F     NOR2_X6A_A9TL           1  0.042   0.035    0.466  
  lp_riscv/placement_opt_inst_FE_RC_761_0/Y                                                 -      A->Y    R     NAND3_X6A_A9TL          2  0.051   0.097    0.562  
  lp_riscv/placement_opt_inst_FE_RC_2419_0/Y                                                -      A->Y    R     AND3_X11M_A9TL          4  0.169   0.172    0.734  
  lp_riscv/placement_opt_inst_FE_OFC5691_n_9856/Y                                           -      A->Y    F     INV_X16B_A9TL          14  0.135   0.095    0.829  
  lp_riscv/g76324__4319/Y                                                                   -      A->Y    F     XOR2_X3M_A9TL           1  0.084   0.084    0.912  
  lp_riscv/i_riscv_core_ex_stage_i_alu_i_add_162_45_g1069/CO                                -      CI->CO  F     ADDF_X2M_A9TL           2  0.097   0.260    1.172  
  lp_riscv/i_riscv_core_ex_stage_i_alu_i_add_162_45_g1067/Y                                 -      A->Y    R     NAND2_X4A_A9TL          1  0.136   0.083    1.255  
  lp_riscv/i_riscv_core_ex_stage_i_alu_i_add_162_45_g1064/Y                                 -      A->Y    F     NAND2_X8M_A9TL          5  0.072   0.069    1.324  
  lp_riscv/i_riscv_core_ex_stage_i_alu_i_add_162_45_g1050/Y                                 -      A->Y    R     NAND2_X8M_A9TL          1  0.076   0.058    1.382  
  lp_riscv/i_riscv_core_ex_stage_i_alu_i_add_162_45_g1042/Y                                 -      A->Y    F     NAND2_X8M_A9TL          3  0.056   0.053    1.435  
  lp_riscv/i_riscv_core_ex_stage_i_alu_i_add_162_45_g1035/Y                                 -      A->Y    R     NAND2XB_X6M_A9TL        1  0.063   0.055    1.490  
  lp_riscv/i_riscv_core_ex_stage_i_alu_i_add_162_45_g1028/Y                                 -      A->Y    R     AND2_X11M_A9TL         11  0.066   0.136    1.626  
  lp_riscv/i_riscv_core_ex_stage_i_alu_i_add_162_45_g1023/Y                                 -      A->Y    F     INV_X11M_A9TL           4  0.116   0.046    1.673  
  lp_riscv/i_riscv_core_ex_stage_i_alu_i_add_162_45_g1013/Y                                 -      A->Y    F     XOR2_X4M_A9TL           3  0.041   0.096    1.769  
  lp_riscv/placement_opt_inst_FE_OFC9482_n_11860/Y                                          -      A->Y    F     BUFH_X1P4M_A9TL         1  0.131   0.129    1.898  
  lp_riscv/i_riscv_core_ex_stage_i_alu_i_add_176_44_g1189/Y                                 -      A->Y    R     NAND2_X4A_A9TL          3  0.061   0.061    1.958  
  lp_riscv/i_riscv_core_ex_stage_i_alu_i_add_176_44_g1067/Y                                 -      A1N->Y  R     AOI2XB1_X4M_A9TL        1  0.066   0.144    2.102  
  lp_riscv/placement_opt_inst_FE_RC_1344_0/Y                                                -      B0->Y   F     OAI21_X6M_A9TL          1  0.094   0.060    2.161  
  lp_riscv/placement_opt_inst_FE_RC_302_0/Y                                                 -      B0->Y   R     AOI21_X6M_A9TL          1  0.052   0.080    2.241  
  lp_riscv/i_riscv_core_ex_stage_i_alu_i_add_176_44_g978/Y                                  -      A->Y    F     NAND2_X8A_A9TL          7  0.099   0.102    2.344  
  lp_riscv/placement_opt_inst_FE_OCPC7265_i_riscv_core_ex_stage_i_alu_i_add_176_44_n_216/Y  -      A->Y    F     BUFH_X16M_A9TL          7  0.117   0.101    2.445  
  lp_riscv/i_riscv_core_ex_stage_i_alu_i_add_176_44_g964/Y                                  -      A->Y    R     NAND3_X2M_A9TL          1  0.036   0.055    2.500  
  lp_riscv/placement_opt_inst_FE_RC_445_0/Y                                                 -      B->Y    F     NAND3XXB_X2M_A9TL       1  0.086   0.067    2.567  
  lp_riscv/g125014/Y                                                                        -      B->Y    F     XNOR2_X1M_A9TL          1  0.063   0.121    2.688  
  lp_riscv/g79523/Y                                                                         -      A->Y    R     NAND2_X2M_A9TL          1  0.082   0.095    2.783  
  lp_riscv/g79455/Y                                                                         -      A->Y    F     NAND2_X6A_A9TL         12  0.122   0.135    2.918  
  lp_riscv/i_riscv_core_ex_stage_i_alu_i_sra_292_63_g1963/Y                                 -      B->Y    R     MXIT2_X2M_A9TL          2  0.173   0.153    3.071  
  lp_riscv/i_riscv_core_ex_stage_i_alu_i_sra_292_63_g1957/Y                                 -      B->Y    F     MXIT2_X2M_A9TL          2  0.197   0.138    3.209  
  lp_riscv/i_riscv_core_ex_stage_i_alu_i_sra_292_63_g1889/Y                                 -      B->Y    R     MXIT2_X0P5M_A9TL        1  0.144   0.248    3.457  
  lp_riscv/placement_opt_inst_FE_OFC7920_i_riscv_core_ex_stage_i_alu_i_sra_292_63_n_131/Y   -      A->Y    F     INV_X2M_A9TL            2  0.539   0.140    3.597  
  lp_riscv/i_riscv_core_ex_stage_i_alu_i_sra_292_63_g1857/Y                                 -      A->Y    R     MXIT2_X3M_A9TL          2  0.152   0.142    3.739  
  lp_riscv/i_riscv_core_ex_stage_i_alu_i_sra_292_63_g1841/Y                                 -      B0->Y   F     OAI22_X3M_A9TL          1  0.196   0.114    3.853  
  lp_riscv/g119406/Y                                                                        -      A->Y    R     NAND2_X4M_A9TL          1  0.106   0.074    3.927  
  lp_riscv/g117410/Y                                                                        -      A->Y    R     AND4_X2M_A9TL           1  0.080   0.129    4.056  
  lp_riscv/placement_opt_inst_FE_OFC6066_n_4291/Y                                           -      A->Y    F     INV_X4M_A9TL            3  0.088   0.066    4.122  
  lp_riscv/g116540/Y                                                                        -      A->Y    R     MXIT2_X3M_A9TL          1  0.056   0.106    4.228  
  lp_riscv/placement_opt_inst_FE_OFC4258_n_5369/Y                                           -      A->Y    F     INV_X4M_A9TL            2  0.209   0.071    4.299  
  lp_riscv/placement_opt_inst_FE_RC_298_0/Y                                                 -      A0->Y   R     AOI32_X3M_A9TL          1  0.067   0.111    4.410  
  lp_riscv/placement_opt_inst_FE_RC_2327_0/Y                                                -      A->Y    F     NOR2_X2A_A9TL           1  0.128   0.068    4.478  
  lp_riscv/placement_opt_inst_FE_RC_2326_0/Y                                                -      BN->Y   F     NAND2XB_X4M_A9TL        1  0.083   0.124    4.602  
  lp_riscv/g115294/Y                                                                        -      A->Y    R     MXIT2_X3M_A9TL          1  0.058   0.085    4.687  
  lp_riscv/g115286/Y                                                                        -      A->Y    F     MXIT2_X4M_A9TL          2  0.139   0.111    4.798  
  lp_riscv/placement_opt_inst_FE_RC_893_0/Y                                                 -      A->Y    R     NAND2XB_X6M_A9TL        1  0.113   0.073    4.871  
  lp_riscv/placement_opt_inst_FE_RC_894_0/Y                                                 -      A->Y    F     INV_X6M_A9TL            4  0.070   0.044    4.915  
  lp_riscv/placement_opt_inst_FE_OCPC7094_placement_opt_inst_FE_RN_1/Y                      -      A->Y    R     INV_X4M_A9TL            1  0.037   0.054    4.969  
  lp_riscv/placement_opt_inst_FE_OCPC7096_placement_opt_inst_FE_RN_1/Y                      -      A->Y    F     INV_X11M_A9TL           8  0.066   0.045    5.015  
  lp_riscv/g115278/Y                                                                        -      B0->Y   R     AOI21_X6M_A9TL          1  0.038   0.063    5.078  
  lp_riscv/g115246/Y                                                                        -      A->Y    F     MXIT2_X3M_A9TL          1  0.085   0.080    5.158  
  lp_riscv/placement_opt_inst_FE_RC_315_0/Y                                                 -      A0->Y   R     AOI21_X6M_A9TL          1  0.101   0.096    5.254  
  lp_riscv/placement_opt_inst_FE_OCPC7418_n_612/Y                                           -      A->Y    R     BUF_X16M_A9TL           9  0.090   0.118    5.372  
  lp_riscv/placement_opt_inst_FE_RC_2338_0/Y                                                -      A0->Y   F     OAI211_X4M_A9TL         1  0.079   0.081    5.453  
  lp_riscv/placement_opt_inst_FE_OFC4393_n_7302/Y                                           -      A->Y    F     BUF_X9M_A9TL            3  0.090   0.122    5.574  
  lp_riscv/placement_opt_inst_FE_RC_1367_0/Y                                                -      A->Y    R     NAND2XB_X4M_A9TL        1  0.051   0.051    5.625  
  lp_riscv/placement_opt_inst_FE_RC_1366_0/Y                                                -      A->Y    F     NAND2_X4M_A9TL          1  0.066   0.048    5.673  
  lp_riscv/placement_opt_inst_FE_RC_1365_0/Y                                                -      A->Y    R     NOR2_X6M_A9TL           1  0.052   0.062    5.735  
  lp_riscv/g112616/Y                                                                        -      A->Y    F     NAND2_X6M_A9TL          3  0.073   0.059    5.794  
  lp_riscv/g112454/Y                                                                        -      A->Y    R     NAND2_X4A_A9TL          2  0.071   0.053    5.847  
  lp_riscv/placement_opt_inst_FE_RC_1073_0/Y                                                -      C0->Y   F     OAI211_X4M_A9TL         1  0.069   0.081    5.928  
  lp_riscv/placement_opt_inst_FE_RC_161_0/Y                                                 -      A->Y    R     NOR2XB_X6M_A9TL         1  0.106   0.072    6.000  
  lp_riscv/placement_opt_inst_FE_RC_160_0/Y                                                 -      A->Y    F     NAND3_X6A_A9TL          3  0.072   0.073    6.073  
  lp_riscv/i_riscv_core_id_stage_i_alu_operand_b_ex_o_reg[26]/D                             -      D       F     DFFRPQ_X4M_A9TL         3  0.085   0.000    6.073  
#-----------------------------------------------------------------------------------------------------------------------------------------------------------------

