###############################################################
#  Generated by:      Cadence Innovus 21.15-s110_1
#  OS:                Linux x86_64(Host ID ip-10-70-165-27.il-central-1.compute.internal)
#  Generated on:      Thu Feb 13 09:12:29 2025
#  Design:            lp_riscv_top
#  Command:           report_timing > ../reports/setup_timing_report.rpt
###############################################################
Path 1: VIOLATED (-0.001 ns) Setup Check with Pin lp_riscv/i_riscv_core_id_stage_i_mult_operand_b_ex_o_reg[29]/CK->D
               View: wc_analysis_view
              Group: reg2reg
         Startpoint: (R) lp_riscv/i_riscv_core_id_stage_i_alu_operator_ex_o_reg[1]/CK
              Clock: (R) CLK
           Endpoint: (F) lp_riscv/i_riscv_core_id_stage_i_mult_operand_b_ex_o_reg[29]/D
              Clock: (R) CLK

                       Capture       Launch
         Clock Edge:+    6.300        0.000
        Src Latency:+   -1.919       -1.919
        Net Latency:+    2.013 (P)    1.999 (P)
            Arrival:=    6.394        0.080

              Setup:-    0.079
        Uncertainty:-    0.125
        Cppr Adjust:+    0.004
      Required Time:=    6.194
       Launch Clock:=    0.080
          Data Path:+    6.114
              Slack:=   -0.001

#----------------------------------------------------------------------------------------------------------------------------------------------------------------------------------------------------
# Timing Point                                                                                                                 Flags  Arc     Edge  Cell               Fanout  Trans   Delay  Arrival  
#                                                                                                                                                                               (ns)    (ns)     (ns)  
#----------------------------------------------------------------------------------------------------------------------------------------------------------------------------------------------------
  lp_riscv/i_riscv_core_id_stage_i_alu_operator_ex_o_reg[1]/CK                                                                 -      CK      R     (arrival)              18  0.101       -    0.080  
  lp_riscv/i_riscv_core_id_stage_i_alu_operator_ex_o_reg[1]/Q                                                                  -      CK->Q   R     DFFSQ_X4M_A9TL          3  0.101   0.323    0.403  
  lp_riscv/cts_opt_inst_FE_OFC27301_i_riscv_core_alu_operator_ex_1/Y                                                           -      A->Y    F     INV_X4M_A9TL            1  0.085   0.042    0.445  
  lp_riscv/post_cts_hold_opt_inst_FE_OFC41536_placement_opt_inst_FE_OCPN12788_i_riscv_core_alu_operator_ex_1/Y                 -      A->Y    R     INV_X4M_A9TL            2  0.034   0.049    0.493  
  lp_riscv/g77547/Y                                                                                                            -      B->Y    F     NAND2_X6A_A9TL          6  0.054   0.083    0.576  
  lp_riscv/cts_opt_inst_FE_RC_2858_0/Y                                                                                         -      CN->Y   F     NAND3XXB_X6M_A9TL       2  0.105   0.165    0.741  
  lp_riscv/cts_opt_inst_FE_RC_3418_0/Y                                                                                         -      A->Y    F     AND3_X11M_A9TL          4  0.079   0.165    0.906  
  lp_riscv/placement_opt_inst_FE_OFC5690_n_9856/Y                                                                              -      A->Y    F     BUFH_X16M_A9TL          5  0.107   0.110    1.016  
  lp_riscv/g76405__1666/Y                                                                                                      -      A->Y    R     NAND2XB_X8M_A9TL        2  0.046   0.059    1.075  
  lp_riscv/post_cts_hold_opt_inst_FE_OFC44006_n_11878/Y                                                                        -      A->Y    F     INV_X6M_A9TL            4  0.073   0.057    1.132  
  lp_riscv/g76270__3680/Y                                                                                                      -      A->Y    R     NOR2XB_X1M_A9TL         1  0.048   0.093    1.224  
  lp_riscv/post_cts_hold_opt_inst_FE_OFC43773_n_11904/Y                                                                        -      A->Y    F     INV_X2M_A9TL            2  0.117   0.083    1.307  
  lp_riscv/i_riscv_core_ex_stage_i_alu_i_add_162_45_g1306/Y                                                                    -      B0N->Y  F     AOI21B_X6M_A9TL         3  0.069   0.136    1.444  
  lp_riscv/post_cts_hold_opt_inst_FE_RC_3903_0/Y                                                                               -      A1->Y   R     OAI21_X8M_A9TL          5  0.091   0.130    1.574  
  lp_riscv/cts_opt_inst_FE_RC_3498_0/Y                                                                                         -      A0->Y   F     AOI21_X6M_A9TL          1  0.123   0.081    1.655  
  lp_riscv/i_riscv_core_ex_stage_i_alu_i_add_162_45_g1028/Y                                                                    -      B->Y    F     AND2_X11M_A9TL          5  0.066   0.126    1.782  
  lp_riscv/cts_opt_inst_FE_OFC34573_i_riscv_core_ex_stage_i_alu_i_add_162_45_n_253/Y                                           -      A->Y    F     BUFH_X16M_A9TL          7  0.052   0.088    1.870  
  lp_riscv/i_riscv_core_ex_stage_i_alu_i_add_162_45_g1005/Y                                                                    -      A0->Y   R     OAI2XB1_X3M_A9TL        1  0.046   0.097    1.966  
  lp_riscv/placement_opt_inst_FE_RC_1011_0/Y                                                                                   -      A->Y    R     XNOR2_X3M_A9TL          1  0.114   0.102    2.069  
  lp_riscv/cts_opt_inst_FE_OFC10416_n_11865/Y                                                                                  -      A->Y    R     BUF_X9M_A9TL            3  0.166   0.150    2.219  
  lp_riscv/i_riscv_core_ex_stage_i_alu_i_add_176_44_g1151/Y                                                                    -      A->Y    F     NOR2_X8M_A9TL           3  0.072   0.056    2.275  
  lp_riscv/i_riscv_core_ex_stage_i_alu_i_add_176_44_g1109/Y                                                                    -      A->Y    R     NOR2_X6A_A9TL           2  0.049   0.081    2.355  
  lp_riscv/cts_opt_inst_FE_RC_3438_0/Y                                                                                         -      A->Y    F     NAND2_X4A_A9TL          1  0.096   0.059    2.415  
  lp_riscv/cts_opt_inst_FE_RC_3437_0/Y                                                                                         -      B->Y    R     NAND2_X4A_A9TL          4  0.055   0.077    2.492  
  lp_riscv/post_cts_hold_opt_inst_FE_OFC42895_i_riscv_core_ex_stage_i_alu_i_add_176_44_n_161/Y                                 -      A->Y    F     INV_X2M_A9TL            2  0.083   0.061    2.553  
  lp_riscv/i_riscv_core_ex_stage_i_alu_i_add_176_44_g1012/Y                                                                    -      A1->Y   F     OA21_X1P4M_A9TL         1  0.050   0.152    2.704  
  lp_riscv/placement_opt_inst_FE_RC_1629_0/Y                                                                                   -      B->Y    R     NAND2_X3A_A9TL          2  0.058   0.063    2.768  
  lp_riscv/placement_opt_inst_FE_RC_1723_0/Y                                                                                   -      A->Y    F     NAND2_X2A_A9TL          1  0.059   0.056    2.823  
  lp_riscv/cts_opt_inst_FE_RC_2905_0/Y                                                                                         -      C0->Y   R     OAI211_X3M_A9TL         1  0.064   0.078    2.901  
  lp_riscv/cts_opt_inst_FE_RC_2904_0/Y                                                                                         -      A->Y    F     NAND2XB_X4M_A9TL        1  0.128   0.097    2.998  
  lp_riscv/cts_opt_inst_FE_OCPC24176_n_11710/Y                                                                                 -      A->Y    F     BUFH_X11M_A9TL         12  0.096   0.121    3.118  
  lp_riscv/i_riscv_core_ex_stage_i_alu_i_srl_296_63_g1082/Y                                                                    -      B0->Y   R     AOI22_X2M_A9TL          2  0.070   0.145    3.264  
  lp_riscv/i_riscv_core_ex_stage_i_alu_i_srl_296_63_g1042/Y                                                                    -      A->Y    F     MXIT2_X3M_A9TL          2  0.200   0.126    3.390  
  lp_riscv/i_riscv_core_ex_stage_i_alu_i_srl_296_63_g990/Y                                                                     -      B1->Y   R     AOI22_X2M_A9TL          1  0.103   0.101    3.491  
  lp_riscv/i_riscv_core_ex_stage_i_alu_i_srl_296_63_g966/Y                                                                     -      A->Y    F     MXIT2_X1M_A9TL          1  0.094   0.081    3.572  
  lp_riscv/cts_opt_inst_FE_OFC33197_i_riscv_core_ex_stage_i_alu_i_srl_296_63_n_178/Y                                           -      A->Y    R     INV_X1M_A9TL            2  0.072   0.107    3.679  
  lp_riscv/post_cts_hold_opt_inst_FE_OFC38959_placement_opt_inst_FE_OFN13488_i_riscv_core_ex_stage_i_alu_i_srl_296_63_n_178/Y  -      A->Y    F     INV_X1M_A9TL            1  0.126   0.080    3.760  
  lp_riscv/i_riscv_core_ex_stage_i_alu_i_srl_296_63_g924/Y                                                                     -      A1->Y   F     AO21B_X4M_A9TL          1  0.064   0.129    3.889  
  lp_riscv/placement_opt_inst_FE_RC_1968_0/Y                                                                                   -      B->Y    R     NAND2_X3B_A9TL          1  0.064   0.063    3.952  
  lp_riscv/cts_opt_inst_FE_RC_3158_0/Y                                                                                         -      A->Y    F     NAND2_X2B_A9TL          1  0.069   0.065    4.017  
  lp_riscv/cts_opt_inst_FE_RC_3157_0/Y                                                                                         -      AN->Y   F     NAND2B_X8M_A9TL         3  0.065   0.127    4.144  
  lp_riscv/placement_opt_inst_FE_RC_2583_0/Y                                                                                   -      A0->Y   R     AOI22_X4M_A9TL          2  0.070   0.132    4.276  
  lp_riscv/g116049/Y                                                                                                           -      B0->Y   F     OAI22_X4M_A9TL          1  0.159   0.087    4.362  
  lp_riscv/placement_opt_inst_FE_RC_298_0/Y                                                                                    -      B0->Y   R     AOI32_X3M_A9TL          1  0.087   0.118    4.480  
  lp_riscv/placement_opt_inst_FE_RC_2327_0/Y                                                                                   -      A->Y    F     NOR2_X3A_A9TL           1  0.137   0.072    4.552  
  lp_riscv/placement_opt_inst_FE_RC_2326_0/Y                                                                                   -      BN->Y   F     NAND2XB_X6M_A9TL        1  0.072   0.116    4.668  
  lp_riscv/cts_opt_inst_FE_RC_3364_0/Y                                                                                         -      B->Y    R     MXIT2_X4M_A9TL          1  0.046   0.096    4.764  
  lp_riscv/cts_opt_inst_FE_RC_3475_0/Y                                                                                         -      B0->Y   F     AOI22_X8M_A9TL          3  0.144   0.106    4.870  
  lp_riscv/placement_opt_inst_FE_RC_893_0/Y                                                                                    -      A->Y    R     NAND2XB_X8M_A9TL        1  0.120   0.091    4.961  
  lp_riscv/cts_opt_inst_FE_OFC21849_placement_opt_inst_FE_RN_395_0/Y                                                           -      A->Y    F     INV_X13M_A9TL          15  0.079   0.059    5.020  
  lp_riscv/placement_opt_inst_FE_RC_1399_0/Y                                                                                   -      A->Y    R     NOR2_X2A_A9TL           1  0.049   0.069    5.090  
  lp_riscv/placement_opt_inst_FE_RC_494_0/Y                                                                                    -      A->Y    F     NAND2XB_X2M_A9TL        1  0.078   0.051    5.141  
  lp_riscv/placement_opt_inst_FE_RC_1713_0/Y                                                                                   -      A->Y    R     NAND2_X2B_A9TL          1  0.048   0.075    5.216  
  lp_riscv/post_cts_hold_opt_inst_FE_RC_3970_0/Y                                                                               -      B->Y    F     NAND2B_X8M_A9TL         3  0.097   0.097    5.313  
  lp_riscv/placement_opt_inst_FE_RC_622_0/Y                                                                                    -      A0->Y   R     AOI21_X2M_A9TL          1  0.096   0.120    5.432  
  lp_riscv/placement_opt_inst_FE_RC_367_0/Y                                                                                    -      A->Y    F     NAND2XB_X4M_A9TL        2  0.116   0.101    5.533  
  lp_riscv/placement_opt_inst_FE_RC_676_0/Y                                                                                    -      A->Y    R     NAND2XB_X2M_A9TL        1  0.103   0.074    5.608  
  lp_riscv/placement_opt_inst_FE_RC_675_0/Y                                                                                    -      A->Y    F     NAND2_X2M_A9TL          1  0.065   0.068    5.676  
  lp_riscv/cts_opt_inst_FE_RC_2743_0/Y                                                                                         -      B0->Y   R     AOI2XB1_X6M_A9TL        1  0.081   0.095    5.771  
  lp_riscv/g112467/Y                                                                                                           -      A->Y    F     NAND2_X8B_A9TL          6  0.098   0.113    5.884  
  lp_riscv/g112378/Y                                                                                                           -      A->Y    R     NAND2_X3M_A9TL          1  0.129   0.088    5.972  
  lp_riscv/cts_opt_inst_FE_RC_2895_0/Y                                                                                         -      A->Y    F     NAND2XB_X4M_A9TL        1  0.081   0.055    6.027  
  lp_riscv/cts_opt_inst_FE_RC_3511_0/Y                                                                                         -      A->Y    R     NOR2_X4A_A9TL           1  0.051   0.071    6.097  
  lp_riscv/placement_opt_inst_FE_RC_238_0_dup/Y                                                                                -      A->Y    F     NAND3_X6A_A9TL          3  0.076   0.097    6.194  
  lp_riscv/i_riscv_core_id_stage_i_mult_operand_b_ex_o_reg[29]/D                                                               -      D       F     DFFRPQ_X4M_A9TL         3  0.123   0.000    6.194  
#----------------------------------------------------------------------------------------------------------------------------------------------------------------------------------------------------

