###############################################################
#  Generated by:      Cadence Innovus 21.15-s110_1
#  OS:                Linux x86_64(Host ID ip-10-70-165-27.il-central-1.compute.internal)
#  Generated on:      Wed Feb 12 23:22:25 2025
#  Design:            lp_riscv_top
#  Command:           report_timing > $rpt_dir/report_timing.rpt
###############################################################
Path 1: VIOLATED (-0.218 ns) Setup Check with Pin lp_riscv/i_riscv_core_id_stage_i_mult_dot_op_b_ex_o_reg[19]/CK->D
               View: wc_analysis_view
              Group: reg2reg
         Startpoint: (R) lp_riscv/i_riscv_core_id_stage_i_alu_vec_mode_ex_o_reg[0]/CK
              Clock: (R) CLK
           Endpoint: (R) lp_riscv/i_riscv_core_id_stage_i_mult_dot_op_b_ex_o_reg[19]/D
              Clock: (R) CLK

                       Capture       Launch
         Clock Edge:+    6.300        0.000
        Src Latency:+   -1.919       -1.919
        Net Latency:+    1.958 (P)    1.981 (P)
            Arrival:=    6.339        0.063

              Setup:-    0.079
        Uncertainty:-    0.125
        Cppr Adjust:+    0.004
      Required Time:=    6.139
       Launch Clock:=    0.063
          Data Path:+    6.295
              Slack:=   -0.218

#--------------------------------------------------------------------------------------------------------------------------------------
# Timing Point                                                   Flags  Arc     Edge  Cell               Fanout  Trans   Delay  Arrival  
#                                                                                                                 (ns)    (ns)     (ns)  
#--------------------------------------------------------------------------------------------------------------------------------------
  lp_riscv/i_riscv_core_id_stage_i_alu_vec_mode_ex_o_reg[0]/CK   -      CK      R     (arrival)              17  0.109       -    0.063  
  lp_riscv/i_riscv_core_id_stage_i_alu_vec_mode_ex_o_reg[0]/QN   -      CK->QN  F     DFFRPQN_X3M_A9TL        1  0.109   0.329    0.392  
  lp_riscv/cts_opt_inst_FE_OFC19244_n_7785/Y                     -      A->Y    R     INV_X6M_A9TL            7  0.114   0.166    0.558  
  lp_riscv/g77457/Y                                              -      B->Y    R     OR2_X2M_A9TL            4  0.194   0.253    0.811  
  lp_riscv/post_cts_hold_opt_inst_FE_OFC44557_n_10237/Y          -      A->Y    F     INV_X7P5M_A9TL          5  0.209   0.186    0.997  
  lp_riscv/g120643/Y                                             -      A->Y    R     NAND2_X0P7A_A9TL        1  0.170   0.114    1.111  
  lp_riscv/post_cts_hold_opt_inst_FE_OFC44261_n_2100/Y           -      A->Y    R     BUF_X4M_A9TL            2  0.093   0.222    1.334  
  lp_riscv/g124518/Y                                             -      BN->Y   R     NAND2XB_X8M_A9TL        2  0.238   0.214    1.548  
  lp_riscv/g119962/Y                                             -      AN->Y   R     NOR2B_X1M_A9TL          1  0.122   0.144    1.692  
  lp_riscv/cts_opt_inst_FE_OFC18605_n_2534/Y                     -      A->Y    R     BUF_X2M_A9TL            1  0.087   0.196    1.888  
  lp_riscv/g119887/Y                                             -      C0->Y   F     OAI221_X3M_A9TL         2  0.190   0.161    2.049  
  lp_riscv/g119609/Y                                             -      A->Y    R     NOR3_X0P5M_A9TL         1  0.158   0.173    2.221  
  lp_riscv/post_cts_hold_opt_inst_FE_OFC45146_n_2922/Y           -      A->Y    R     BUF_X0P8M_A9TL          1  0.188   0.159    2.381  
  lp_riscv/cts_opt_inst_FE_OFC38312_n_2922/Y                     -      A->Y    F     INV_X0P5B_A9TL          1  0.072   0.148    2.529  
  lp_riscv/cts_opt_inst_FE_OFC38313_n_2922/Y                     -      A->Y    R     INV_X6M_A9TL            4  0.196   0.227    2.756  
  lp_riscv/g119188/Y                                             -      A->Y    F     NAND3_X0P7M_A9TL        1  0.220   0.207    2.963  
  lp_riscv/post_cts_hold_opt_inst_FE_OFC43227_n_3230/Y           -      A->Y    R     INV_X3M_A9TL            1  0.227   0.247    3.210  
  lp_riscv/post_cts_hold_opt_inst_FE_OFC43228_n_3230/Y           -      A->Y    F     INV_X4M_A9TL            8  0.247   0.194    3.404  
  lp_riscv/g118720/Y                                             -      A1->Y   R     OAI22_X1M_A9TL          1  0.182   0.196    3.600  
  lp_riscv/cts_opt_inst_FE_OFC18030_n_3551/Y                     -      A->Y    R     BUF_X3M_A9TL            1  0.189   0.208    3.808  
  lp_riscv/g118180/Y                                             -      B0->Y   F     AOI211_X0P7M_A9TL       1  0.142   0.105    3.914  
  lp_riscv/cts_opt_inst_FE_OFC13012_n_3908/Y                     -      A->Y    F     BUF_X2M_A9TL            1  0.118   0.184    4.098  
  lp_riscv/g117377/Y                                             -      C0->Y   R     OAI211_X0P5M_A9TL       1  0.107   0.125    4.222  
  lp_riscv/post_cts_hold_opt_inst_FE_OFC45396_n_4266/Y           -      A->Y    R     BUF_X1M_A9TL            1  0.197   0.202    4.424  
  lp_riscv/post_cts_hold_opt_inst_FE_OFC42817_n_4266/Y           -      A->Y    R     BUF_X3M_A9TL            1  0.131   0.184    4.608  
  lp_riscv/g116863/Y                                             -      B->Y    F     NOR2_X6M_A9TL           1  0.138   0.117    4.724  
  lp_riscv/g115999/Y                                             -      C0->Y   R     OAI211_X1M_A9TL         1  0.128   0.115    4.839  
  lp_riscv/g115907/Y                                             -      C0->Y   F     AOI221_X2M_A9TL         1  0.158   0.135    4.974  
  lp_riscv/g115520/Y                                             -      D->Y    R     NAND4B_X1M_A9TL         1  0.175   0.192    5.165  
  lp_riscv/g115446/Y                                             -      CN->Y   R     NAND3XXB_X4M_A9TL       1  0.174   0.169    5.334  
  lp_riscv/post_cts_hold_opt_inst_FE_RC_4033_0/Y                 -      B0->Y   F     AOI2XB1_X4M_A9TL        1  0.091   0.066    5.400  
  lp_riscv/cts_opt_inst_FE_OFC32961_n_614/Y                      -      A->Y    F     BUF_X13M_A9TL          14  0.067   0.136    5.537  
  lp_riscv/cts_opt_inst_FE_RC_2736_0/Y                           -      A0->Y   R     OAI211_X4M_A9TL         2  0.083   0.182    5.719  
  lp_riscv/cts_opt_inst_FE_RC_2970_0/Y                           -      A->Y    F     NAND2XB_X2M_A9TL        2  0.220   0.104    5.823  
  lp_riscv/cts_opt_inst_FE_RC_3270_0/Y                           -      BN->Y   F     NOR2XB_X1M_A9TL         1  0.103   0.186    6.009  
  lp_riscv/placement_opt_inst_FE_RC_1321_0/Y                     -      A->Y    R     NOR2XB_X1M_A9TL         1  0.123   0.149    6.158  
  lp_riscv/placement_opt_inst_FE_RC_1320_0/Y                     -      A->Y    F     NOR2XB_X4M_A9TL         1  0.167   0.088    6.247  
  lp_riscv/cts_opt_inst_FE_RC_3235_0/Y                           -      A->Y    R     NAND2XB_X6M_A9TL        3  0.071   0.111    6.357  
  lp_riscv/i_riscv_core_id_stage_i_mult_dot_op_b_ex_o_reg[19]/D  -      D       R     DFFRPQ_X2M_A9TL         3  0.146   0.000    6.357  
#--------------------------------------------------------------------------------------------------------------------------------------

