###############################################################
#  Generated by:      Cadence Innovus 21.15-s110_1
#  OS:                Linux x86_64(Host ID ip-10-70-166-58.il-central-1.compute.internal)
#  Generated on:      Tue Feb 11 17:47:36 2025
#  Design:            lp_riscv_top
#  Command:           report_timing > $rpt_dir/report_timing.rpt
###############################################################
Path 1: VIOLATED (-1.321 ns) Setup Check with Pin lp_riscv/i_riscv_core_id_stage_i_mult_operand_b_ex_o_reg[26]/CK->D
               View: wc_analysis_view
              Group: reg2reg
         Startpoint: (R) lp_riscv/i_riscv_core_id_stage_i_bmask_a_ex_o_reg[3]/CK
              Clock: (R) CLK
           Endpoint: (F) lp_riscv/i_riscv_core_id_stage_i_mult_operand_b_ex_o_reg[26]/D
              Clock: (R) CLK

                       Capture       Launch
         Clock Edge:+    4.800        0.000
        Src Latency:+   -2.054       -2.054
        Net Latency:+    2.043 (P)    2.048 (P)
            Arrival:=    4.788       -0.006

              Setup:-    0.063
        Uncertainty:-    0.125
        Cppr Adjust:+    0.000
      Required Time:=    4.600
       Launch Clock:=   -0.006
          Data Path:+    5.928
              Slack:=   -1.321

#-----------------------------------------------------------------------------------------------------------------------------------------------------------------------
# Timing Point                                                                                    Flags  Arc     Edge  Cell               Fanout  Trans   Delay  Arrival  
#                                                                                                                                                  (ns)    (ns)     (ns)  
#-----------------------------------------------------------------------------------------------------------------------------------------------------------------------
  lp_riscv/i_riscv_core_id_stage_i_bmask_a_ex_o_reg[3]/CK                                         -      CK      R     (arrival)              12  0.149       -   -0.006  
  lp_riscv/i_riscv_core_id_stage_i_bmask_a_ex_o_reg[3]/Q                                          -      CK->Q   R     DFFRPQ_X4M_A9TL         1  0.149   0.359    0.353  
  lp_riscv/placement_opt_inst_FE_OFC32878_i_riscv_core_bmask_a_ex_3/Y                             -      A->Y    F     INV_X11M_A9TL           5  0.082   0.086    0.439  
  lp_riscv/cts_opt_inst_FE_OCPC62916_placement_opt_inst_FE_OCPN24004_i_riscv_core_bmask_a_ex_3/Y  -      A->Y    R     INV_X6M_A9TL            4  0.114   0.098    0.537  
  lp_riscv/cts_opt_inst_FE_OCPC62919_placement_opt_inst_FE_OCPN24004_i_riscv_core_bmask_a_ex_3/Y  -      A->Y    F     INV_X1M_A9TL            2  0.098   0.091    0.628  
  lp_riscv/g121717__6417/Y                                                                        -      BN->Y   F     NOR2XB_X2M_A9TL         1  0.090   0.149    0.777  
  lp_riscv/g121704__7098/Y                                                                        -      A->Y    R     NOR2XB_X4M_A9TL         2  0.071   0.094    0.871  
  lp_riscv/i_riscv_core_ex_stage_i_alu_i_sll_789_39_g1778/Y                                       -      A->Y    F     MXIT2_X2M_A9TL          2  0.121   0.105    0.976  
  lp_riscv/i_riscv_core_ex_stage_i_alu_i_sll_789_39_g1749/Y                                       -      B->Y    R     MXIT2_X1M_A9TL          1  0.131   0.312    1.288  
  lp_riscv/cts_opt_inst_FE_OFC56711_i_riscv_core_ex_stage_i_alu_i_sll_789_39_n_118/Y              -      A->Y    F     INV_X2M_A9TL            2  0.765   0.301    1.589  
  lp_riscv/cts_opt_inst_FE_OFC56712_i_riscv_core_ex_stage_i_alu_i_sll_789_39_n_118/Y              -      A->Y    R     INV_X2M_A9TL            1  0.291   0.211    1.801  
  lp_riscv/i_riscv_core_ex_stage_i_alu_i_sll_789_39_g1696/Y                                       -      B0->Y   R     AO1B2_X4M_A9TL          1  0.187   0.164    1.965  
  lp_riscv/i_riscv_core_ex_stage_i_alu_i_sll_789_39_g1661/Y                                       -      B->Y    F     MXIT2_X3M_A9TL          1  0.078   0.073    2.038  
  lp_riscv/cts_opt_inst_FE_RC_20045_0/Y                                                           -      A->Y    R     NAND2XB_X4M_A9TL        2  0.097   0.138    2.176  
  lp_riscv/cts_opt_inst_FE_RC_20044_0/Y                                                           -      A->Y    R     AND3_X11M_A9TL          2  0.194   0.167    2.343  
  lp_riscv/placement_opt_inst_FE_RC_4255_0/Y                                                      -      BN->Y   R     NOR2XB_X8M_A9TL         3  0.112   0.167    2.510  
  lp_riscv/cts_opt_inst_FE_RC_20065_0/Y                                                           -      A->Y    F     NAND2_X8M_A9TL          3  0.128   0.077    2.587  
  lp_riscv/placement_opt_inst_FE_RC_16023_0/Y                                                     -      B0N->Y  R     AO21B_X6M_A9TL          1  0.073   0.057    2.643  
  lp_riscv/cts_opt_inst_FE_RC_17997_0/Y                                                           -      A0->Y   F     AOI21_X8M_A9TL          2  0.071   0.072    2.715  
  lp_riscv/cts_opt_inst_FE_RC_19219_0/Y                                                           -      A0->Y   R     OAI21_X6M_A9TL          1  0.073   0.093    2.808  
  lp_riscv/placement_opt_inst_FE_RC_16929_0/Y                                                     -      B0->Y   F     AOI21_X6M_A9TL          1  0.104   0.061    2.869  
  lp_riscv/placement_opt_inst_FE_RC_7274_0/Y                                                      -      A->Y    R     NAND2_X6B_A9TL          2  0.061   0.061    2.930  
  lp_riscv/placement_opt_inst_FE_RC_16617_0/Y                                                     -      A->Y    F     XNOR2_X4M_A9TL          1  0.065   0.060    2.990  
  lp_riscv/placement_opt_inst_FE_RC_16616_0/Y                                                     -      A->Y    R     NAND2XB_X8M_A9TL        3  0.096   0.106    3.096  
  lp_riscv/placement_opt_inst_g78316_dup/Y                                                        -      A->Y    F     NAND2_X6B_A9TL          1  0.135   0.075    3.171  
  lp_riscv/placement_opt_inst_FE_RC_5976_0/Y                                                      -      A->Y    R     NAND2_X6A_A9TL          3  0.074   0.072    3.243  
  lp_riscv/placement_opt_inst_FE_RC_5975_0_dup/Y                                                  -      A->Y    F     NAND2_X8M_A9TL          3  0.085   0.070    3.312  
  lp_riscv/placement_opt_inst_FE_RC_8395_0/Y                                                      -      A->Y    R     NAND2XB_X6M_A9TL        2  0.072   0.074    3.387  
  lp_riscv/placement_opt_inst_FE_RC_13932_0/Y                                                     -      A->Y    R     AND2_X8M_A9TL           1  0.095   0.100    3.487  
  lp_riscv/placement_opt_inst_FE_RC_13931_0/Y                                                     -      A0->Y   F     AOI21_X8M_A9TL          2  0.045   0.058    3.545  
  lp_riscv/cts_opt_inst_FE_RC_21364_0/Y                                                           -      A->Y    R     NAND2XB_X4M_A9TL        1  0.062   0.076    3.622  
  lp_riscv/cts_opt_inst_FE_RC_21363_0/Y                                                           -      A0->Y   F     AOI22_X8M_A9TL          1  0.104   0.111    3.733  
  lp_riscv/cts_opt_inst_FE_RC_19132_0/Y                                                           -      A0->Y   R     AOI21_X6M_A9TL          1  0.131   0.103    3.836  
  lp_riscv/cts_opt_inst_FE_RC_19012_0/Y                                                           -      A->Y    F     NAND3_X6A_A9TL          1  0.079   0.054    3.890  
  lp_riscv/placement_opt_inst_FE_OFC23217_n_3477/Y                                                -      A->Y    F     BUF_X16M_A9TL           4  0.061   0.122    4.012  
  lp_riscv/cts_opt_inst_placement_opt_inst_FE_RC_14573_0_dup/Y                                    -      A0->Y   R     AOI22_X8M_A9TL          1  0.076   0.167    4.179  
  lp_riscv/placement_opt_inst_FE_OFC36635_n_4640/Y                                                -      A->Y    F     INV_X1M_A9TL            1  0.219   0.092    4.271  
  lp_riscv/cts_opt_inst_FE_OFC52565_placement_opt_inst_FE_OCPN22589_n_4640/Y                      -      A->Y    F     BUF_X6M_A9TL            2  0.080   0.157    4.428  
  lp_riscv/placement_opt_inst_FE_RC_1397_0/Y                                                      -      A->Y    R     NAND2XB_X4M_A9TL        3  0.111   0.090    4.518  
  lp_riscv/placement_opt_inst_FE_OFC23164_placement_opt_inst_FE_RN_683_0/Y                        -      A->Y    F     INV_X2M_A9TL            1  0.095   0.097    4.616  
  lp_riscv/placement_opt_inst_FE_RC_1400_0/Y                                                      -      A->Y    R     NOR2XB_X1M_A9TL         1  0.098   0.349    4.964  
  lp_riscv/placement_opt_inst_FE_RC_3923_0/Y                                                      -      AN->Y   R     NAND2B_X4M_A9TL         2  0.603   0.254    5.218  
  lp_riscv/cts_opt_inst_FE_RC_17358_0/Y                                                           -      A->Y    F     INV_X2M_A9TL            1  0.108   0.069    5.287  
  lp_riscv/cts_opt_inst_FE_RC_17357_0/Y                                                           -      B0->Y   R     OAI2XB1_X8M_A9TL        1  0.057   0.074    5.362  
  lp_riscv/placement_opt_inst_FE_RC_3921_0_dup/Y                                                  -      A->Y    F     NAND2_X8M_A9TL          1  0.125   0.077    5.439  
  lp_riscv/cts_opt_inst_FE_RC_20187_0/Y                                                           -      A0->Y   R     AOI2XB1_X8M_A9TL        2  0.074   0.093    5.531  
  lp_riscv/placement_opt_inst_FE_RC_2826_0/Y                                                      -      A->Y    F     NAND2_X6M_A9TL          1  0.097   0.055    5.586  
  lp_riscv/placement_opt_inst_FE_RC_9575_0/Y                                                      -      A->Y    R     NAND2_X8B_A9TL          4  0.055   0.076    5.662  
  lp_riscv/cts_opt_inst_FE_RC_21481_0/Y                                                           -      B->Y    F     NAND3XXB_X6M_A9TL       1  0.105   0.078    5.741  
  lp_riscv/cts_opt_inst_FE_RC_20178_0/Y                                                           -      A->Y    R     NAND3XXB_X6M_A9TL       1  0.074   0.087    5.827  
  lp_riscv/placement_opt_inst_FE_RC_12040_0/Y                                                     -      A->Y    F     NAND2_X8M_A9TL          3  0.127   0.094    5.921  
  lp_riscv/i_riscv_core_id_stage_i_mult_operand_b_ex_o_reg[26]/D                                  -      D       F     DFFRPQ_X3M_A9TL         3  0.093   0.000    5.921  
#-----------------------------------------------------------------------------------------------------------------------------------------------------------------------

