###############################################################
#  Generated by:      Cadence Innovus 21.15-s110_1
#  OS:                Linux x86_64(Host ID ip-10-70-165-27.il-central-1.compute.internal)
#  Generated on:      Thu Feb 13 08:43:53 2025
#  Design:            lp_riscv_top
#  Command:           report_timing > $rpt_dir/report_timing.rpt
###############################################################
Path 1: VIOLATED (-0.043 ns) Setup Check with Pin lp_riscv/i_riscv_core_id_stage_i_alu_operand_c_ex_o_reg[17]/CK->D
               View: wc_analysis_view
              Group: reg2reg
         Startpoint: (R) lp_riscv/i_riscv_core_id_stage_i_alu_operator_ex_o_reg[5]/CK
              Clock: (R) CLK
           Endpoint: (F) lp_riscv/i_riscv_core_id_stage_i_alu_operand_c_ex_o_reg[17]/D
              Clock: (R) CLK

                       Capture       Launch
         Clock Edge:+    6.300        0.000
        Src Latency:+   -1.919       -1.919
        Net Latency:+    1.986 (P)    1.993 (P)
            Arrival:=    6.367        0.075

              Setup:-    0.083
        Uncertainty:-    0.125
        Cppr Adjust:+    0.004
      Required Time:=    6.163
       Launch Clock:=    0.075
          Data Path:+    6.131
              Slack:=   -0.043

#---------------------------------------------------------------------------------------------------------------------------------------------------------------------
# Timing Point                                                                                  Flags  Arc     Edge  Cell               Fanout  Trans   Delay  Arrival  
#                                                                                                                                                (ns)    (ns)     (ns)  
#---------------------------------------------------------------------------------------------------------------------------------------------------------------------
  lp_riscv/i_riscv_core_id_stage_i_alu_operator_ex_o_reg[5]/CK                                  -      CK      R     (arrival)              17  0.092       -    0.075  
  lp_riscv/i_riscv_core_id_stage_i_alu_operator_ex_o_reg[5]/Q                                   -      CK->Q   R     DFFRPQ_X4M_A9TL         8  0.092   0.371    0.446  
  lp_riscv/post_cts_hold_opt_inst_FE_OCPC42391_i_riscv_core_alu_operator_ex_5/Y                 -      A->Y    R     BUF_X3M_A9TL            3  0.127   0.137    0.582  
  lp_riscv/g77407/Y                                                                             -      B->Y    F     NOR2_X4A_A9TL           1  0.068   0.056    0.639  
  lp_riscv/cts_opt_inst_FE_RC_2858_0/Y                                                          -      A->Y    R     NAND3XXB_X6M_A9TL       2  0.043   0.076    0.714  
  lp_riscv/cts_opt_inst_FE_RC_3418_0/Y                                                          -      A->Y    R     AND3_X11M_A9TL          4  0.116   0.183    0.897  
  lp_riscv/placement_opt_inst_FE_OFC5689_n_9856/Y                                               -      A->Y    F     INV_X16M_A9TL          14  0.147   0.080    0.978  
  lp_riscv/g76380__5107/Y                                                                       -      A->Y    R     NAND2XB_X1M_A9TL        1  0.072   0.079    1.057  
  lp_riscv/g76318__7410/Y                                                                       -      B0->Y   F     OAI2XB1_X2M_A9TL        2  0.089   0.083    1.140  
  lp_riscv/i_riscv_core_ex_stage_i_alu_i_add_162_45_g1246/Y                                     -      B->Y    R     NOR2_X1A_A9TL           1  0.079   0.093    1.233  
  lp_riscv/post_cts_hold_opt_inst_FE_OFC43761_i_riscv_core_ex_stage_i_alu_i_add_162_45_n_63/Y   -      A->Y    F     INV_X1M_A9TL            2  0.094   0.084    1.316  
  lp_riscv/i_riscv_core_ex_stage_i_alu_i_add_162_45_g1183/Y                                     -      B->Y    R     NAND2_X4M_A9TL          2  0.075   0.115    1.431  
  lp_riscv/i_riscv_core_ex_stage_i_alu_i_add_162_45_g1123/Y                                     -      A->Y    F     NOR2_X8M_A9TL           5  0.135   0.081    1.513  
  lp_riscv/i_riscv_core_ex_stage_i_alu_i_add_162_45_g1102/Y                                     -      B->Y    R     NAND2_X4M_A9TL          1  0.065   0.065    1.577  
  lp_riscv/i_riscv_core_ex_stage_i_alu_i_add_162_45_g1035/Y                                     -      BN->Y   R     NAND2XB_X8M_A9TL        1  0.054   0.102    1.680  
  lp_riscv/i_riscv_core_ex_stage_i_alu_i_add_162_45_g1028/Y                                     -      A->Y    R     AND2_X11M_A9TL          5  0.053   0.108    1.787  
  lp_riscv/cts_opt_inst_FE_OFC34573_i_riscv_core_ex_stage_i_alu_i_add_162_45_n_253/Y            -      A->Y    R     BUFH_X16M_A9TL          7  0.065   0.092    1.879  
  lp_riscv/i_riscv_core_ex_stage_i_alu_i_add_162_45_g1018/Y                                     -      A0->Y   F     OAI2XB1_X6M_A9TL        2  0.064   0.057    1.936  
  lp_riscv/post_cts_hold_opt_inst_FE_RC_3901_0/Y                                                -      A->Y    R     NAND2XB_X2M_A9TL        1  0.081   0.061    1.997  
  lp_riscv/post_cts_hold_opt_inst_FE_RC_3927_0/Y                                                -      B0->Y   F     OAI21_X1P4M_A9TL        1  0.055   0.072    2.068  
  lp_riscv/post_cts_hold_opt_inst_FE_OFC43062_n_12550/Y                                         -      A->Y    F     BUF_X6M_A9TL            3  0.073   0.130    2.198  
  lp_riscv/i_riscv_core_ex_stage_i_alu_i_add_176_44_g1177/Y                                     -      A->Y    R     NAND2_X2M_A9TL          3  0.063   0.092    2.290  
  lp_riscv/i_riscv_core_ex_stage_i_alu_i_add_176_44_g1063/Y                                     -      A0->Y   F     OAI21_X4M_A9TL          3  0.113   0.091    2.382  
  lp_riscv/cts_opt_inst_FE_RC_3551_0/Y                                                          -      A0->Y   R     AOI21_X4M_A9TL          1  0.079   0.118    2.500  
  lp_riscv/i_riscv_core_ex_stage_i_alu_i_add_176_44_g1021/Y                                     -      B->Y    F     NAND2_X8B_A9TL          7  0.122   0.128    2.628  
  lp_riscv/placement_opt_inst_FE_OFC5236_i_riscv_core_ex_stage_i_alu_i_add_176_44_n_178/Y       -      A->Y    R     INV_X3M_A9TL            2  0.125   0.095    2.723  
  lp_riscv/placement_opt_inst_FE_RC_240_0/Y                                                     -      A0->Y   F     OAI211_X4M_A9TL         1  0.081   0.094    2.817  
  lp_riscv/i_riscv_core_ex_stage_i_alu_i_add_176_44_g939/Y                                      -      A->Y    F     XOR2_X4M_A9TL           1  0.091   0.104    2.921  
  lp_riscv/g79521/Y                                                                             -      A->Y    R     NAND2_X6B_A9TL          1  0.090   0.062    2.983  
  lp_riscv/g79453/Y                                                                             -      A->Y    F     NAND2_X8A_A9TL         12  0.066   0.125    3.109  
  lp_riscv/i_riscv_core_ex_stage_i_alu_i_srl_294_63_g2306/Y                                     -      A->Y    R     NAND2_X1B_A9TL          1  0.183   0.143    3.252  
  lp_riscv/i_riscv_core_ex_stage_i_alu_i_srl_294_63_g2298/Y                                     -      B0N->Y  F     AO21B_X4M_A9TL          2  0.125   0.091    3.342  
  lp_riscv/i_riscv_core_ex_stage_i_alu_i_srl_294_63_g2215/Y                                     -      A1->Y   R     AOI22_X4M_A9TL          2  0.089   0.153    3.495  
  lp_riscv/post_cts_hold_opt_inst_FE_OFC38975_i_riscv_core_ex_stage_i_alu_i_srl_294_63_n_124/Y  -      A->Y    F     INV_X4M_A9TL            1  0.149   0.060    3.556  
  lp_riscv/i_riscv_core_ex_stage_i_alu_i_srl_294_63_g2162/Y                                     -      A->Y    R     MXIT2_X3M_A9TL          2  0.053   0.092    3.647  
  lp_riscv/i_riscv_core_ex_stage_i_alu_i_srl_294_63_g2144/Y                                     -      A->Y    F     MXIT2_X3M_A9TL          2  0.139   0.103    3.750  
  lp_riscv/post_cts_hold_opt_inst_FE_OFC42658_i_riscv_core_ex_stage_i_alu_i_srl_294_63_n_178/Y  -      A->Y    R     INV_X4M_A9TL            1  0.115   0.058    3.809  
  lp_riscv/placement_opt_inst_FE_RC_2449_0/Y                                                    -      B0->Y   F     OAI22_X4M_A9TL          1  0.048   0.067    3.876  
  lp_riscv/g118590/Y                                                                            -      A0->Y   R     AOI21_X4M_A9TL          1  0.100   0.103    3.979  
  lp_riscv/g117410/Y                                                                            -      C->Y    R     AND4_X4M_A9TL           3  0.090   0.177    4.157  
  lp_riscv/cts_opt_inst_FE_RC_3446_0/Y                                                          -      A0->Y   F     AOI22_X6M_A9TL          2  0.111   0.096    4.253  
  lp_riscv/post_cts_hold_opt_inst_FE_RC_3914_0/Y                                                -      A->Y    F     AND2_X4M_A9TL           1  0.107   0.128    4.381  
  lp_riscv/post_cts_hold_opt_inst_FE_RC_3913_0/Y                                                -      A0->Y   R     AOI22_X6M_A9TL          1  0.048   0.097    4.478  
  lp_riscv/cts_opt_inst_FE_RC_3089_0/Y                                                          -      A->Y    F     NOR2XB_X6M_A9TL         1  0.125   0.062    4.540  
  lp_riscv/cts_opt_inst_FE_RC_3087_0/Y                                                          -      B->Y    R     NOR2_X4M_A9TL           1  0.049   0.068    4.608  
  lp_riscv/cts_opt_inst_FE_RC_3086_0/Y                                                          -      B->Y    F     NAND2_X4M_A9TL          1  0.064   0.053    4.661  
  lp_riscv/cts_opt_inst_FE_RC_3772_0/Y                                                          -      B->Y    R     MXIT2_X4M_A9TL          1  0.041   0.089    4.749  
  lp_riscv/cts_opt_inst_FE_RC_3475_0/Y                                                          -      A0->Y   F     AOI22_X8M_A9TL          3  0.132   0.122    4.871  
  lp_riscv/cts_opt_inst_FE_RC_3202_0/Y                                                          -      B->Y    F     AND2_X8M_A9TL           7  0.120   0.152    5.023  
  lp_riscv/post_cts_hold_opt_inst_FE_OCPC42395_n_610/Y                                          -      A->Y    F     BUF_X11M_A9TL           7  0.055   0.099    5.122  
  lp_riscv/cts_opt_inst_FE_RC_3456_0/Y                                                          -      A0->Y   R     OAI21_X1P4M_A9TL        1  0.041   0.107    5.229  
  lp_riscv/placement_opt_inst_FE_RC_1064_0/Y                                                    -      A0->Y   F     OAI2XB1_X2M_A9TL        1  0.133   0.105    5.334  
  lp_riscv/cts_opt_inst_FE_RC_3140_0/Y                                                          -      A->Y    R     NOR2XB_X3M_A9TL         1  0.082   0.080    5.414  
  lp_riscv/post_cts_hold_opt_inst_FE_OFC42505_n_638/Y                                           -      A->Y    R     BUF_X9M_A9TL            4  0.079   0.130    5.544  
  lp_riscv/placement_opt_inst_FE_RC_503_0/Y                                                     -      B0->Y   F     OAI221_X4M_A9TL         2  0.090   0.134    5.678  
  lp_riscv/g112839/Y                                                                            -      A1->Y   R     AOI22_X0P5M_A9TL        1  0.152   0.225    5.903  
  lp_riscv/post_cts_hold_opt_inst_FE_OFC42471_n_7549/Y                                          -      A->Y    F     INV_X1M_A9TL            1  0.217   0.132    6.035  
  lp_riscv/cts_opt_inst_FE_RC_3451_0/Y                                                          -      B0N->Y  F     OAI21B_X8M_A9TL         3  0.111   0.171    6.206  
  lp_riscv/i_riscv_core_id_stage_i_alu_operand_c_ex_o_reg[17]/D                                 -      D       F     DFFRPQ_X4M_A9TL         3  0.119   0.000    6.206  
#---------------------------------------------------------------------------------------------------------------------------------------------------------------------

